{"D:\\CONG VIEC\\quan-ly-team-claude\\packages\\api\\src\\config.ts": {"path":"D:\\CONG VIEC\\quan-ly-team-claude\\packages\\api\\src\\config.ts","statementMap":{"0":{"start":{"line":1,"column":22},"end":{"line":27,"column":null}}},"fnMap":{},"branchMap":{"0":{"loc":{"start":{"line":2,"column":12},"end":{"line":2,"column":null}},"type":"binary-expr","locations":[{"start":{"line":2,"column":12},"end":{"line":2,"column":37}},{"start":{"line":2,"column":37},"end":{"line":2,"column":null}}],"line":2},"1":{"loc":{"start":{"line":3,"column":13},"end":{"line":3,"column":null}},"type":"binary-expr","locations":[{"start":{"line":3,"column":13},"end":{"line":3,"column":39}},{"start":{"line":3,"column":39},"end":{"line":3,"column":null}}],"line":3},"2":{"loc":{"start":{"line":4,"column":30},"end":{"line":4,"column":null}},"type":"binary-expr","locations":[{"start":{"line":4,"column":30},"end":{"line":4,"column":75}},{"start":{"line":4,"column":75},"end":{"line":4,"column":null}}],"line":4},"3":{"loc":{"start":{"line":5,"column":10},"end":{"line":5,"column":null}},"type":"binary-expr","locations":[{"start":{"line":5,"column":10},"end":{"line":5,"column":33}},{"start":{"line":5,"column":33},"end":{"line":5,"column":null}}],"line":5},"4":{"loc":{"start":{"line":6,"column":20},"end":{"line":6,"column":51}},"type":"binary-expr","locations":[{"start":{"line":6,"column":20},"end":{"line":6,"column":44}},{"start":{"line":6,"column":44},"end":{"line":6,"column":51}}],"line":6},"5":{"loc":{"start":{"line":11,"column":17},"end":{"line":11,"column":null}},"type":"binary-expr","locations":[{"start":{"line":11,"column":17},"end":{"line":11,"column":47}},{"start":{"line":11,"column":47},"end":{"line":11,"column":null}}],"line":11},"6":{"loc":{"start":{"line":13,"column":13},"end":{"line":13,"column":null}},"type":"binary-expr","locations":[{"start":{"line":13,"column":13},"end":{"line":13,"column":47}},{"start":{"line":13,"column":47},"end":{"line":13,"column":null}}],"line":13},"7":{"loc":{"start":{"line":14,"column":14},"end":{"line":14,"column":null}},"type":"binary-expr","locations":[{"start":{"line":14,"column":14},"end":{"line":14,"column":49}},{"start":{"line":14,"column":49},"end":{"line":14,"column":null}}],"line":14},"8":{"loc":{"start":{"line":15,"column":13},"end":{"line":15,"column":null}},"type":"binary-expr","locations":[{"start":{"line":15,"column":13},"end":{"line":15,"column":46}},{"start":{"line":15,"column":46},"end":{"line":15,"column":null}}],"line":15},"9":{"loc":{"start":{"line":16,"column":19},"end":{"line":16,"column":null}},"type":"binary-expr","locations":[{"start":{"line":16,"column":19},"end":{"line":16,"column":60}},{"start":{"line":16,"column":60},"end":{"line":16,"column":null}}],"line":16},"10":{"loc":{"start":{"line":19,"column":11},"end":{"line":19,"column":null}},"type":"binary-expr","locations":[{"start":{"line":19,"column":11},"end":{"line":19,"column":35}},{"start":{"line":19,"column":35},"end":{"line":19,"column":null}}],"line":19},"11":{"loc":{"start":{"line":20,"column":20},"end":{"line":20,"column":null}},"type":"binary-expr","locations":[{"start":{"line":20,"column":20},"end":{"line":20,"column":54}},{"start":{"line":20,"column":54},"end":{"line":20,"column":null}}],"line":20},"12":{"loc":{"start":{"line":21,"column":28},"end":{"line":21,"column":null}},"type":"binary-expr","locations":[{"start":{"line":21,"column":28},"end":{"line":21,"column":72}},{"start":{"line":21,"column":72},"end":{"line":21,"column":null}}],"line":21},"13":{"loc":{"start":{"line":23,"column":14},"end":{"line":23,"column":null}},"type":"binary-expr","locations":[{"start":{"line":23,"column":14},"end":{"line":23,"column":48}},{"start":{"line":23,"column":48},"end":{"line":23,"column":null}}],"line":23},"14":{"loc":{"start":{"line":24,"column":12},"end":{"line":24,"column":null}},"type":"binary-expr","locations":[{"start":{"line":24,"column":12},"end":{"line":24,"column":44}},{"start":{"line":24,"column":44},"end":{"line":24,"column":null}}],"line":24},"15":{"loc":{"start":{"line":25,"column":13},"end":{"line":25,"column":null}},"type":"binary-expr","locations":[{"start":{"line":25,"column":13},"end":{"line":25,"column":46}},{"start":{"line":25,"column":46},"end":{"line":25,"column":null}}],"line":25}},"s":{"0":1},"f":{},"b":{"0":[1,1],"1":[1,1],"2":[1,1],"3":[1,1],"4":[1,1],"5":[1,1],"6":[1,1],"7":[1,1],"8":[1,1],"9":[1,1],"10":[1,1],"11":[1,0],"12":[1,1],"13":[1,1],"14":[1,1],"15":[1,1]},"meta":{"lastBranch":16,"lastFunction":0,"lastStatement":1,"seen":{"s:1:22:27:Infinity":0,"b:2:12:2:37:2:37:2:Infinity":0,"b:3:13:3:39:3:39:3:Infinity":1,"b:4:30:4:75:4:75:4:Infinity":2,"b:5:10:5:33:5:33:5:Infinity":3,"b:6:20:6:44:6:44:6:51":4,"b:11:17:11:47:11:47:11:Infinity":5,"b:13:13:13:47:13:47:13:Infinity":6,"b:14:14:14:49:14:49:14:Infinity":7,"b:15:13:15:46:15:46:15:Infinity":8,"b:16:19:16:60:16:60:16:Infinity":9,"b:19:11:19:35:19:35:19:Infinity":10,"b:20:20:20:54:20:54:20:Infinity":11,"b:21:28:21:72:21:72:21:Infinity":12,"b:23:14:23:48:23:48:23:Infinity":13,"b:24:12:24:44:24:44:24:Infinity":14,"b:25:13:25:46:25:46:25:Infinity":15}}}
,"D:\\CONG VIEC\\quan-ly-team-claude\\packages\\api\\src\\models\\seat.ts": {"path":"D:\\CONG VIEC\\quan-ly-team-claude\\packages\\api\\src\\models\\seat.ts","statementMap":{"0":{"start":{"line":40,"column":19},"end":{"line":80,"column":null}},"1":{"start":{"line":87,"column":0},"end":{"line":87,"column":null}},"2":{"start":{"line":92,"column":28},"end":{"line":95,"column":null}},"3":{"start":{"line":93,"column":17},"end":{"line":93,"column":33}},"4":{"start":{"line":94,"column":2},"end":{"line":95,"column":null}},"5":{"start":{"line":95,"column":4},"end":{"line":95,"column":null}},"6":{"start":{"line":98,"column":0},"end":{"line":98,"column":null}},"7":{"start":{"line":99,"column":0},"end":{"line":99,"column":null}},"8":{"start":{"line":100,"column":0},"end":{"line":100,"column":null}},"9":{"start":{"line":106,"column":0},"end":{"line":114,"column":null}},"10":{"start":{"line":108,"column":4},"end":{"line":110,"column":null}},"11":{"start":{"line":109,"column":6},"end":{"line":109,"column":null}},"12":{"start":{"line":110,"column":6},"end":{"line":110,"column":null}},"13":{"start":{"line":112,"column":4},"end":{"line":112,"column":null}},"14":{"start":{"line":116,"column":20},"end":{"line":116,"column":61}}},"fnMap":{"0":{"name":"(anonymous_0)","decl":{"start":{"line":92,"column":28},"end":{"line":92,"column":78}},"loc":{"start":{"line":92,"column":78},"end":{"line":95,"column":null}},"line":92},"1":{"name":"(anonymous_1)","decl":{"start":{"line":107,"column":2},"end":{"line":107,"column":14}},"loc":{"start":{"line":107,"column":38},"end":{"line":114,"column":2}},"line":107}},"branchMap":{"0":{"loc":{"start":{"line":94,"column":2},"end":{"line":95,"column":null}},"type":"if","locations":[{"start":{"line":94,"column":2},"end":{"line":95,"column":null}},{"start":{},"end":{}}],"line":94},"1":{"loc":{"start":{"line":108,"column":4},"end":{"line":110,"column":null}},"type":"if","locations":[{"start":{"line":108,"column":4},"end":{"line":110,"column":null}},{"start":{},"end":{}}],"line":108}},"s":{"0":1,"1":1,"2":1,"3":0,"4":0,"5":0,"6":1,"7":1,"8":1,"9":1,"10":0,"11":0,"12":0,"13":0,"14":1},"f":{"0":0,"1":0},"b":{"0":[0,0],"1":[0,0]},"meta":{"lastBranch":2,"lastFunction":2,"lastStatement":15,"seen":{"s:40:19:80:Infinity":0,"s:87:0:87:Infinity":1,"s:92:28:95:Infinity":2,"f:92:28:92:78":0,"s:93:17:93:33":3,"b:94:2:95:Infinity:undefined:undefined:undefined:undefined":0,"s:94:2:95:Infinity":4,"s:95:4:95:Infinity":5,"s:98:0:98:Infinity":6,"s:99:0:99:Infinity":7,"s:100:0:100:Infinity":8,"s:106:0:114:Infinity":9,"f:107:2:107:14":1,"b:108:4:110:Infinity:undefined:undefined:undefined:undefined":1,"s:108:4:110:Infinity":10,"s:109:6:109:Infinity":11,"s:110:6:110:Infinity":12,"s:112:4:112:Infinity":13,"s:116:20:116:61":14}}}
,"D:\\CONG VIEC\\quan-ly-team-claude\\packages\\api\\src\\models\\usage-snapshot.ts": {"path":"D:\\CONG VIEC\\quan-ly-team-claude\\packages\\api\\src\\models\\usage-snapshot.ts","statementMap":{"0":{"start":{"line":23,"column":28},"end":{"line":41,"column":2}},"1":{"start":{"line":44,"column":0},"end":{"line":44,"column":null}},"2":{"start":{"line":47,"column":0},"end":{"line":47,"column":null}},"3":{"start":{"line":51,"column":29},"end":{"line":52,"column":null}},"4":{"start":{"line":56,"column":0},"end":{"line":58,"column":null}}},"fnMap":{"0":{"name":"(anonymous_0)","decl":{"start":{"line":56,"column":51},"end":{"line":56,"column":63}},"loc":{"start":{"line":56,"column":63},"end":{"line":58,"column":null}},"line":56}},"branchMap":{},"s":{"0":1,"1":1,"2":1,"3":1,"4":1},"f":{"0":0},"b":{},"meta":{"lastBranch":0,"lastFunction":1,"lastStatement":5,"seen":{"s:23:28:41:2":0,"s:44:0:44:Infinity":1,"s:47:0:47:Infinity":2,"s:51:29:52:Infinity":3,"s:56:0:58:Infinity":4,"f:56:51:56:63":0}}}
,"D:\\CONG VIEC\\quan-ly-team-claude\\packages\\api\\src\\models\\user.ts": {"path":"D:\\CONG VIEC\\quan-ly-team-claude\\packages\\api\\src\\models\\user.ts","statementMap":{"0":{"start":{"line":45,"column":19},"end":{"line":84,"column":null}},"1":{"start":{"line":88,"column":0},"end":{"line":96,"column":null}},"2":{"start":{"line":90,"column":21},"end":{"line":90,"column":null}},"3":{"start":{"line":91,"column":4},"end":{"line":91,"column":null}},"4":{"start":{"line":92,"column":4},"end":{"line":92,"column":null}},"5":{"start":{"line":93,"column":4},"end":{"line":93,"column":null}},"6":{"start":{"line":94,"column":4},"end":{"line":94,"column":null}},"7":{"start":{"line":98,"column":20},"end":{"line":98,"column":61}}},"fnMap":{"0":{"name":"(anonymous_0)","decl":{"start":{"line":89,"column":2},"end":{"line":89,"column":14}},"loc":{"start":{"line":89,"column":38},"end":{"line":96,"column":2}},"line":89}},"branchMap":{"0":{"loc":{"start":{"line":93,"column":27},"end":{"line":93,"column":null}},"type":"binary-expr","locations":[{"start":{"line":93,"column":27},"end":{"line":93,"column":39}},{"start":{"line":93,"column":39},"end":{"line":93,"column":null}}],"line":93}},"s":{"0":1,"1":1,"2":0,"3":0,"4":0,"5":0,"6":0,"7":1},"f":{"0":0},"b":{"0":[0,0]},"meta":{"lastBranch":1,"lastFunction":1,"lastStatement":8,"seen":{"s:45:19:84:Infinity":0,"s:88:0:96:Infinity":1,"f:89:2:89:14":0,"s:90:21:90:Infinity":2,"s:91:4:91:Infinity":3,"s:92:4:92:Infinity":4,"s:93:4:93:Infinity":5,"b:93:27:93:39:93:39:93:Infinity":0,"s:94:4:94:Infinity":6,"s:98:20:98:61":7}}}
,"D:\\CONG VIEC\\quan-ly-team-claude\\packages\\api\\src\\services\\bld-digest-signer.ts": {"path":"D:\\CONG VIEC\\quan-ly-team-claude\\packages\\api\\src\\services\\bld-digest-signer.ts","statementMap":{"0":{"start":{"line":12,"column":12},"end":{"line":12,"column":null}},"1":{"start":{"line":13,"column":2},"end":{"line":16,"column":null}},"2":{"start":{"line":14,"column":4},"end":{"line":16,"column":null}},"3":{"start":{"line":18,"column":2},"end":{"line":18,"column":null}},"4":{"start":{"line":26,"column":2},"end":{"line":26,"column":null}},"5":{"start":{"line":26,"column":33},"end":{"line":26,"column":null}},"6":{"start":{"line":27,"column":2},"end":{"line":27,"column":null}},"7":{"start":{"line":27,"column":72},"end":{"line":27,"column":null}},"8":{"start":{"line":28,"column":2},"end":{"line":28,"column":null}},"9":{"start":{"line":36,"column":2},"end":{"line":37,"column":null}},"10":{"start":{"line":37,"column":4},"end":{"line":37,"column":null}},"11":{"start":{"line":39,"column":20},"end":{"line":39,"column":null}},"12":{"start":{"line":40,"column":18},"end":{"line":40,"column":null}},"13":{"start":{"line":41,"column":14},"end":{"line":41,"column":84}},"14":{"start":{"line":42,"column":2},"end":{"line":42,"column":null}},"15":{"start":{"line":50,"column":2},"end":{"line":80,"column":null}},"16":{"start":{"line":51,"column":20},"end":{"line":51,"column":68}},"17":{"start":{"line":52,"column":22},"end":{"line":52,"column":46}},"18":{"start":{"line":53,"column":4},"end":{"line":53,"column":null}},"19":{"start":{"line":53,"column":23},"end":{"line":53,"column":null}},"20":{"start":{"line":54,"column":16},"end":{"line":54,"column":44}},"21":{"start":{"line":55,"column":23},"end":{"line":55,"column":50}},"22":{"start":{"line":57,"column":23},"end":{"line":57,"column":50}},"23":{"start":{"line":58,"column":4},"end":{"line":58,"column":null}},"24":{"start":{"line":58,"column":24},"end":{"line":58,"column":null}},"25":{"start":{"line":59,"column":25},"end":{"line":59,"column":57}},"26":{"start":{"line":60,"column":21},"end":{"line":60,"column":52}},"27":{"start":{"line":62,"column":4},"end":{"line":62,"column":null}},"28":{"start":{"line":62,"column":36},"end":{"line":62,"column":null}},"29":{"start":{"line":65,"column":21},"end":{"line":65,"column":94}},"30":{"start":{"line":66,"column":19},"end":{"line":66,"column":42}},"31":{"start":{"line":67,"column":19},"end":{"line":67,"column":47}},"32":{"start":{"line":68,"column":4},"end":{"line":69,"column":null}},"33":{"start":{"line":69,"column":6},"end":{"line":69,"column":null}},"34":{"start":{"line":73,"column":22},"end":{"line":73,"column":48}},"35":{"start":{"line":74,"column":4},"end":{"line":75,"column":null}},"36":{"start":{"line":75,"column":6},"end":{"line":75,"column":null}},"37":{"start":{"line":78,"column":4},"end":{"line":78,"column":null}},"38":{"start":{"line":80,"column":4},"end":{"line":80,"column":null}}},"fnMap":{"0":{"name":"getSecret","decl":{"start":{"line":11,"column":9},"end":{"line":11,"column":29}},"loc":{"start":{"line":11,"column":29},"end":{"line":18,"column":null}},"line":11},"1":{"name":"isValidBasename","decl":{"start":{"line":25,"column":9},"end":{"line":25,"column":25}},"loc":{"start":{"line":25,"column":48},"end":{"line":28,"column":null}},"line":25},"2":{"name":"signDigestLink","decl":{"start":{"line":35,"column":16},"end":{"line":35,"column":31}},"loc":{"start":{"line":35,"column":74},"end":{"line":42,"column":null}},"line":35},"3":{"name":"verifyDigestLink","decl":{"start":{"line":49,"column":16},"end":{"line":49,"column":33}},"loc":{"start":{"line":49,"column":86},"end":{"line":80,"column":null}},"line":49}},"branchMap":{"0":{"loc":{"start":{"line":13,"column":2},"end":{"line":16,"column":null}},"type":"if","locations":[{"start":{"line":13,"column":2},"end":{"line":16,"column":null}},{"start":{},"end":{}}],"line":13},"1":{"loc":{"start":{"line":13,"column":6},"end":{"line":13,"column":36}},"type":"binary-expr","locations":[{"start":{"line":13,"column":6},"end":{"line":13,"column":12}},{"start":{"line":13,"column":12},"end":{"line":13,"column":36}}],"line":13},"2":{"loc":{"start":{"line":26,"column":2},"end":{"line":26,"column":null}},"type":"if","locations":[{"start":{"line":26,"column":2},"end":{"line":26,"column":null}},{"start":{},"end":{}}],"line":26},"3":{"loc":{"start":{"line":26,"column":6},"end":{"line":26,"column":33}},"type":"binary-expr","locations":[{"start":{"line":26,"column":6},"end":{"line":26,"column":15}},{"start":{"line":26,"column":15},"end":{"line":26,"column":33}}],"line":26},"4":{"loc":{"start":{"line":27,"column":2},"end":{"line":27,"column":null}},"type":"if","locations":[{"start":{"line":27,"column":2},"end":{"line":27,"column":null}},{"start":{},"end":{}}],"line":27},"5":{"loc":{"start":{"line":27,"column":6},"end":{"line":27,"column":70}},"type":"binary-expr","locations":[{"start":{"line":27,"column":6},"end":{"line":27,"column":24}},{"start":{"line":27,"column":28},"end":{"line":27,"column":47}},{"start":{"line":27,"column":51},"end":{"line":27,"column":70}}],"line":27},"6":{"loc":{"start":{"line":35,"column":49},"end":{"line":35,"column":74}},"type":"default-arg","locations":[{"start":{"line":35,"column":58},"end":{"line":35,"column":74}}],"line":35},"7":{"loc":{"start":{"line":36,"column":2},"end":{"line":37,"column":null}},"type":"if","locations":[{"start":{"line":36,"column":2},"end":{"line":37,"column":null}},{"start":{},"end":{}}],"line":36},"8":{"loc":{"start":{"line":53,"column":4},"end":{"line":53,"column":null}},"type":"if","locations":[{"start":{"line":53,"column":4},"end":{"line":53,"column":null}},{"start":{},"end":{}}],"line":53},"9":{"loc":{"start":{"line":58,"column":4},"end":{"line":58,"column":null}},"type":"if","locations":[{"start":{"line":58,"column":4},"end":{"line":58,"column":null}},{"start":{},"end":{}}],"line":58},"10":{"loc":{"start":{"line":62,"column":4},"end":{"line":62,"column":null}},"type":"if","locations":[{"start":{"line":62,"column":4},"end":{"line":62,"column":null}},{"start":{},"end":{}}],"line":62},"11":{"loc":{"start":{"line":68,"column":4},"end":{"line":69,"column":null}},"type":"if","locations":[{"start":{"line":68,"column":4},"end":{"line":69,"column":null}},{"start":{},"end":{}}],"line":68},"12":{"loc":{"start":{"line":68,"column":8},"end":{"line":68,"column":82}},"type":"binary-expr","locations":[{"start":{"line":68,"column":8},"end":{"line":68,"column":43}},{"start":{"line":68,"column":43},"end":{"line":68,"column":82}}],"line":68},"13":{"loc":{"start":{"line":74,"column":4},"end":{"line":75,"column":null}},"type":"if","locations":[{"start":{"line":74,"column":4},"end":{"line":75,"column":null}},{"start":{},"end":{}}],"line":74},"14":{"loc":{"start":{"line":74,"column":8},"end":{"line":74,"column":56}},"type":"binary-expr","locations":[{"start":{"line":74,"column":8},"end":{"line":74,"column":28}},{"start":{"line":74,"column":32},"end":{"line":74,"column":56}}],"line":74}},"s":{"0":6,"1":6,"2":0,"3":6,"4":10,"5":0,"6":10,"7":3,"8":7,"9":7,"10":4,"11":3,"12":3,"13":3,"14":3,"15":6,"16":6,"17":6,"18":6,"19":3,"20":3,"21":3,"22":3,"23":3,"24":0,"25":3,"26":3,"27":3,"28":0,"29":3,"30":3,"31":3,"32":3,"33":1,"34":2,"35":2,"36":1,"37":1,"38":0},"f":{"0":6,"1":10,"2":7,"3":6},"b":{"0":[0,6],"1":[6,6],"2":[0,10],"3":[10,10],"4":[3,7],"5":[10,8,7],"6":[7],"7":[4,3],"8":[3,3],"9":[0,3],"10":[0,3],"11":[1,2],"12":[3,2],"13":[1,1],"14":[2,2]},"meta":{"lastBranch":15,"lastFunction":4,"lastStatement":39,"seen":{"f:11:9:11:29":0,"s:12:12:12:Infinity":0,"b:13:2:16:Infinity:undefined:undefined:undefined:undefined":0,"s:13:2:16:Infinity":1,"b:13:6:13:12:13:12:13:36":1,"s:14:4:16:Infinity":2,"s:18:2:18:Infinity":3,"f:25:9:25:25":1,"b:26:2:26:Infinity:undefined:undefined:undefined:undefined":2,"s:26:2:26:Infinity":4,"b:26:6:26:15:26:15:26:33":3,"s:26:33:26:Infinity":5,"b:27:2:27:Infinity:undefined:undefined:undefined:undefined":4,"s:27:2:27:Infinity":6,"b:27:6:27:24:27:28:27:47:27:51:27:70":5,"s:27:72:27:Infinity":7,"s:28:2:28:Infinity":8,"f:35:16:35:31":2,"b:35:58:35:74":6,"b:36:2:37:Infinity:undefined:undefined:undefined:undefined":7,"s:36:2:37:Infinity":9,"s:37:4:37:Infinity":10,"s:39:20:39:Infinity":11,"s:40:18:40:Infinity":12,"s:41:14:41:84":13,"s:42:2:42:Infinity":14,"f:49:16:49:33":3,"s:50:2:80:Infinity":15,"s:51:20:51:68":16,"s:52:22:52:46":17,"b:53:4:53:Infinity:undefined:undefined:undefined:undefined":8,"s:53:4:53:Infinity":18,"s:53:23:53:Infinity":19,"s:54:16:54:44":20,"s:55:23:55:50":21,"s:57:23:57:50":22,"b:58:4:58:Infinity:undefined:undefined:undefined:undefined":9,"s:58:4:58:Infinity":23,"s:58:24:58:Infinity":24,"s:59:25:59:57":25,"s:60:21:60:52":26,"b:62:4:62:Infinity:undefined:undefined:undefined:undefined":10,"s:62:4:62:Infinity":27,"s:62:36:62:Infinity":28,"s:65:21:65:94":29,"s:66:19:66:42":30,"s:67:19:67:47":31,"b:68:4:69:Infinity:undefined:undefined:undefined:undefined":11,"s:68:4:69:Infinity":32,"b:68:8:68:43:68:43:68:82":12,"s:69:6:69:Infinity":33,"s:73:22:73:48":34,"b:74:4:75:Infinity:undefined:undefined:undefined:undefined":13,"s:74:4:75:Infinity":35,"b:74:8:74:28:74:32:74:56":14,"s:75:6:75:Infinity":36,"s:78:4:78:Infinity":37,"s:80:4:80:Infinity":38}}}
,"D:\\CONG VIEC\\quan-ly-team-claude\\packages\\api\\src\\services\\bld-metrics-service.ts": {"path":"D:\\CONG VIEC\\quan-ly-team-claude\\packages\\api\\src\\services\\bld-metrics-service.ts","statementMap":{"0":{"start":{"line":30,"column":33},"end":{"line":30,"column":null}},"1":{"start":{"line":33,"column":14},"end":{"line":33,"column":null}},"2":{"start":{"line":34,"column":2},"end":{"line":34,"column":null}},"3":{"start":{"line":34,"column":12},"end":{"line":34,"column":null}},"4":{"start":{"line":35,"column":14},"end":{"line":35,"column":25}},"5":{"start":{"line":36,"column":2},"end":{"line":36,"column":null}},"6":{"start":{"line":36,"column":34},"end":{"line":36,"column":null}},"7":{"start":{"line":37,"column":2},"end":{"line":37,"column":null}},"8":{"start":{"line":41,"column":2},"end":{"line":41,"column":null}},"9":{"start":{"line":48,"column":2},"end":{"line":50,"column":null}},"10":{"start":{"line":50,"column":4},"end":{"line":50,"column":null}},"11":{"start":{"line":53,"column":2},"end":{"line":53,"column":null}},"12":{"start":{"line":53,"column":34},"end":{"line":53,"column":null}},"13":{"start":{"line":54,"column":20},"end":{"line":54,"column":76}},"14":{"start":{"line":54,"column":44},"end":{"line":54,"column":75}},"15":{"start":{"line":55,"column":2},"end":{"line":55,"column":null}},"16":{"start":{"line":61,"column":2},"end":{"line":61,"column":null}},"17":{"start":{"line":61,"column":28},"end":{"line":61,"column":null}},"18":{"start":{"line":62,"column":18},"end":{"line":66,"column":4}},"19":{"start":{"line":63,"column":50},"end":{"line":63,"column":81}},"20":{"start":{"line":67,"column":2},"end":{"line":67,"column":null}},"21":{"start":{"line":67,"column":27},"end":{"line":67,"column":92}},"22":{"start":{"line":71,"column":2},"end":{"line":71,"column":null}},"23":{"start":{"line":71,"column":27},"end":{"line":71,"column":null}},"24":{"start":{"line":72,"column":2},"end":{"line":72,"column":null}},"25":{"start":{"line":72,"column":33},"end":{"line":72,"column":40}},"26":{"start":{"line":77,"column":2},"end":{"line":77,"column":null}},"27":{"start":{"line":77,"column":28},"end":{"line":77,"column":null}},"28":{"start":{"line":78,"column":18},"end":{"line":88,"column":4}},"29":{"start":{"line":81,"column":42},"end":{"line":81,"column":73}},"30":{"start":{"line":89,"column":2},"end":{"line":89,"column":null}},"31":{"start":{"line":89,"column":28},"end":{"line":89,"column":null}},"32":{"start":{"line":90,"column":2},"end":{"line":90,"column":null}},"33":{"start":{"line":90,"column":30},"end":{"line":90,"column":51}},"34":{"start":{"line":96,"column":27},"end":{"line":96,"column":46}},"35":{"start":{"line":97,"column":16},"end":{"line":97,"column":44}},"36":{"start":{"line":98,"column":24},"end":{"line":98,"column":null}},"37":{"start":{"line":99,"column":23},"end":{"line":99,"column":null}},"38":{"start":{"line":101,"column":2},"end":{"line":106,"column":null}},"39":{"start":{"line":102,"column":4},"end":{"line":106,"column":null}},"40":{"start":{"line":109,"column":18},"end":{"line":109,"column":47}},"41":{"start":{"line":109,"column":33},"end":{"line":109,"column":46}},"42":{"start":{"line":110,"column":16},"end":{"line":110,"column":49}},"43":{"start":{"line":111,"column":18},"end":{"line":111,"column":54}},"44":{"start":{"line":111,"column":37},"end":{"line":111,"column":53}},"45":{"start":{"line":112,"column":19},"end":{"line":112,"column":null}},"46":{"start":{"line":114,"column":23},"end":{"line":114,"column":63}},"47":{"start":{"line":115,"column":23},"end":{"line":115,"column":71}},"48":{"start":{"line":116,"column":18},"end":{"line":116,"column":null}},"49":{"start":{"line":118,"column":20},"end":{"line":118,"column":58}},"50":{"start":{"line":119,"column":24},"end":{"line":119,"column":null}},"51":{"start":{"line":119,"column":44},"end":{"line":119,"column":68}},"52":{"start":{"line":121,"column":2},"end":{"line":134,"column":null}},"53":{"start":{"line":140,"column":27},"end":{"line":140,"column":46}},"54":{"start":{"line":141,"column":16},"end":{"line":141,"column":44}},"55":{"start":{"line":142,"column":2},"end":{"line":142,"column":null}},"56":{"start":{"line":142,"column":26},"end":{"line":142,"column":null}},"57":{"start":{"line":144,"column":18},"end":{"line":144,"column":47}},"58":{"start":{"line":144,"column":33},"end":{"line":144,"column":46}},"59":{"start":{"line":145,"column":35},"end":{"line":145,"column":37}},"60":{"start":{"line":146,"column":14},"end":{"line":146,"column":24}},"61":{"start":{"line":148,"column":2},"end":{"line":158,"column":null}},"62":{"start":{"line":148,"column":15},"end":{"line":148,"column":26}},"63":{"start":{"line":149,"column":22},"end":{"line":149,"column":75}},"64":{"start":{"line":150,"column":20},"end":{"line":150,"column":67}},"65":{"start":{"line":151,"column":20},"end":{"line":151,"column":63}},"66":{"start":{"line":152,"column":25},"end":{"line":152,"column":null}},"67":{"start":{"line":153,"column":21},"end":{"line":153,"column":null}},"68":{"start":{"line":154,"column":4},"end":{"line":158,"column":null}},"69":{"start":{"line":161,"column":2},"end":{"line":161,"column":null}},"70":{"start":{"line":166,"column":21},"end":{"line":166,"column":null}},"71":{"start":{"line":167,"column":21},"end":{"line":167,"column":null}},"72":{"start":{"line":168,"column":29},"end":{"line":168,"column":null}},"73":{"start":{"line":169,"column":29},"end":{"line":169,"column":null}},"74":{"start":{"line":170,"column":28},"end":{"line":170,"column":null}},"75":{"start":{"line":171,"column":27},"end":{"line":171,"column":null}},"76":{"start":{"line":172,"column":23},"end":{"line":172,"column":null}},"77":{"start":{"line":179,"column":17},"end":{"line":179,"column":63}},"78":{"start":{"line":180,"column":16},"end":{"line":183,"column":34}},"79":{"start":{"line":185,"column":2},"end":{"line":185,"column":null}},"80":{"start":{"line":185,"column":26},"end":{"line":185,"column":null}},"81":{"start":{"line":186,"column":17},"end":{"line":186,"column":42}},"82":{"start":{"line":187,"column":2},"end":{"line":190,"column":null}},"83":{"start":{"line":188,"column":16},"end":{"line":188,"column":65}},"84":{"start":{"line":189,"column":16},"end":{"line":189,"column":null}},"85":{"start":{"line":190,"column":4},"end":{"line":190,"column":null}},"86":{"start":{"line":192,"column":15},"end":{"line":192,"column":35}},"87":{"start":{"line":193,"column":2},"end":{"line":193,"column":null}},"88":{"start":{"line":193,"column":51},"end":{"line":193,"column":66}},"89":{"start":{"line":201,"column":17},"end":{"line":201,"column":63}},"90":{"start":{"line":202,"column":16},"end":{"line":205,"column":34}},"91":{"start":{"line":207,"column":2},"end":{"line":207,"column":null}},"92":{"start":{"line":207,"column":26},"end":{"line":207,"column":null}},"93":{"start":{"line":208,"column":17},"end":{"line":208,"column":42}},"94":{"start":{"line":209,"column":2},"end":{"line":212,"column":null}},"95":{"start":{"line":210,"column":16},"end":{"line":210,"column":65}},"96":{"start":{"line":211,"column":16},"end":{"line":211,"column":null}},"97":{"start":{"line":212,"column":4},"end":{"line":212,"column":null}},"98":{"start":{"line":214,"column":15},"end":{"line":214,"column":35}},"99":{"start":{"line":215,"column":2},"end":{"line":215,"column":null}},"100":{"start":{"line":215,"column":51},"end":{"line":215,"column":65}},"101":{"start":{"line":219,"column":20},"end":{"line":219,"column":70}},"102":{"start":{"line":219,"column":38},"end":{"line":219,"column":69}},"103":{"start":{"line":220,"column":15},"end":{"line":225,"column":4}},"104":{"start":{"line":226,"column":14},"end":{"line":226,"column":39}},"105":{"start":{"line":227,"column":2},"end":{"line":227,"column":null}},"106":{"start":{"line":227,"column":24},"end":{"line":227,"column":null}},"107":{"start":{"line":228,"column":2},"end":{"line":228,"column":null}},"108":{"start":{"line":232,"column":27},"end":{"line":232,"column":46}},"109":{"start":{"line":233,"column":16},"end":{"line":233,"column":44}},"110":{"start":{"line":234,"column":2},"end":{"line":234,"column":null}},"111":{"start":{"line":234,"column":26},"end":{"line":234,"column":null}},"112":{"start":{"line":236,"column":18},"end":{"line":236,"column":47}},"113":{"start":{"line":236,"column":33},"end":{"line":236,"column":46}},"114":{"start":{"line":237,"column":16},"end":{"line":237,"column":49}},"115":{"start":{"line":238,"column":18},"end":{"line":238,"column":71}},"116":{"start":{"line":238,"column":41},"end":{"line":238,"column":69}},"117":{"start":{"line":239,"column":20},"end":{"line":239,"column":54}},"118":{"start":{"line":241,"column":45},"end":{"line":241,"column":47}},"119":{"start":{"line":243,"column":20},"end":{"line":243,"column":88}},"120":{"start":{"line":243,"column":33},"end":{"line":243,"column":88}},"121":{"start":{"line":244,"column":19},"end":{"line":244,"column":86}},"122":{"start":{"line":244,"column":32},"end":{"line":244,"column":86}},"123":{"start":{"line":246,"column":2},"end":{"line":270,"column":null}},"124":{"start":{"line":247,"column":19},"end":{"line":247,"column":39}},"125":{"start":{"line":248,"column":22},"end":{"line":248,"column":91}},"126":{"start":{"line":249,"column":4},"end":{"line":249,"column":null}},"127":{"start":{"line":249,"column":20},"end":{"line":249,"column":null}},"128":{"start":{"line":251,"column":4},"end":{"line":270,"column":null}},"129":{"start":{"line":252,"column":20},"end":{"line":252,"column":39}},"130":{"start":{"line":253,"column":27},"end":{"line":253,"column":95}},"131":{"start":{"line":254,"column":6},"end":{"line":254,"column":null}},"132":{"start":{"line":254,"column":25},"end":{"line":254,"column":null}},"133":{"start":{"line":256,"column":22},"end":{"line":256,"column":null}},"134":{"start":{"line":257,"column":21},"end":{"line":257,"column":null}},"135":{"start":{"line":258,"column":26},"end":{"line":258,"column":null}},"136":{"start":{"line":259,"column":25},"end":{"line":259,"column":null}},"137":{"start":{"line":260,"column":6},"end":{"line":269,"column":null}},"138":{"start":{"line":270,"column":6},"end":{"line":270,"column":null}},"139":{"start":{"line":274,"column":63},"end":{"line":274,"column":65}},"140":{"start":{"line":275,"column":2},"end":{"line":280,"column":null}},"141":{"start":{"line":276,"column":15},"end":{"line":276,"column":31}},"142":{"start":{"line":277,"column":16},"end":{"line":277,"column":null}},"143":{"start":{"line":278,"column":4},"end":{"line":280,"column":null}},"144":{"start":{"line":279,"column":24},"end":{"line":279,"column":96}},"145":{"start":{"line":280,"column":6},"end":{"line":280,"column":null}},"146":{"start":{"line":280,"column":21},"end":{"line":280,"column":null}},"147":{"start":{"line":283,"column":2},"end":{"line":292,"column":null}},"148":{"start":{"line":284,"column":17},"end":{"line":287,"column":17}},"149":{"start":{"line":286,"column":16},"end":{"line":286,"column":52}},"150":{"start":{"line":288,"column":4},"end":{"line":292,"column":null}},"151":{"start":{"line":295,"column":2},"end":{"line":326,"column":null}},"152":{"start":{"line":296,"column":25},"end":{"line":296,"column":51}},"153":{"start":{"line":297,"column":22},"end":{"line":297,"column":97}},"154":{"start":{"line":298,"column":4},"end":{"line":298,"column":null}},"155":{"start":{"line":298,"column":20},"end":{"line":298,"column":null}},"156":{"start":{"line":300,"column":29},"end":{"line":301,"column":null}},"157":{"start":{"line":301,"column":11},"end":{"line":301,"column":null}},"158":{"start":{"line":303,"column":4},"end":{"line":303,"column":null}},"159":{"start":{"line":303,"column":26},"end":{"line":303,"column":null}},"160":{"start":{"line":305,"column":26},"end":{"line":309,"column":null}},"161":{"start":{"line":306,"column":18},"end":{"line":306,"column":31}},"162":{"start":{"line":307,"column":18},"end":{"line":307,"column":null}},"163":{"start":{"line":308,"column":6},"end":{"line":308,"column":null}},"164":{"start":{"line":310,"column":4},"end":{"line":310,"column":null}},"165":{"start":{"line":310,"column":24},"end":{"line":310,"column":null}},"166":{"start":{"line":312,"column":20},"end":{"line":312,"column":null}},"167":{"start":{"line":313,"column":21},"end":{"line":313,"column":null}},"168":{"start":{"line":314,"column":24},"end":{"line":314,"column":null}},"169":{"start":{"line":315,"column":25},"end":{"line":315,"column":null}},"170":{"start":{"line":316,"column":4},"end":{"line":326,"column":null}},"171":{"start":{"line":329,"column":2},"end":{"line":329,"column":null}}},"fnMap":{"0":{"name":"parseMonthlyCost","decl":{"start":{"line":32,"column":9},"end":{"line":32,"column":36}},"loc":{"start":{"line":32,"column":36},"end":{"line":37,"column":null}},"line":32},"1":{"name":"getMonthlyCostUsd","decl":{"start":{"line":40,"column":16},"end":{"line":40,"column":44}},"loc":{"start":{"line":40,"column":44},"end":{"line":41,"column":null}},"line":40},"2":{"name":"getSeatsInScope","decl":{"start":{"line":47,"column":22},"end":{"line":47,"column":38}},"loc":{"start":{"line":47,"column":77},"end":{"line":55,"column":null}},"line":47},"3":{"name":"(anonymous_3)","decl":{"start":{"line":54,"column":34},"end":{"line":54,"column":38}},"loc":{"start":{"line":54,"column":44},"end":{"line":54,"column":75}},"line":54},"4":{"name":"latestSnapshotsFor","decl":{"start":{"line":60,"column":15},"end":{"line":60,"column":34}},"loc":{"start":{"line":60,"column":113},"end":{"line":67,"column":null}},"line":60},"5":{"name":"(anonymous_5)","decl":{"start":{"line":63,"column":40},"end":{"line":63,"column":44}},"loc":{"start":{"line":63,"column":50},"end":{"line":63,"column":81}},"line":63},"6":{"name":"(anonymous_6)","decl":{"start":{"line":67,"column":17},"end":{"line":67,"column":21}},"loc":{"start":{"line":67,"column":27},"end":{"line":67,"column":92}},"line":67},"7":{"name":"avg","decl":{"start":{"line":70,"column":9},"end":{"line":70,"column":13}},"loc":{"start":{"line":70,"column":39},"end":{"line":72,"column":null}},"line":70},"8":{"name":"(anonymous_8)","decl":{"start":{"line":72,"column":16},"end":{"line":72,"column":24}},"loc":{"start":{"line":72,"column":33},"end":{"line":72,"column":40}},"line":72},"9":{"name":"historicalFleetUtil","decl":{"start":{"line":76,"column":15},"end":{"line":76,"column":35}},"loc":{"start":{"line":76,"column":85},"end":{"line":90,"column":null}},"line":76},"10":{"name":"(anonymous_10)","decl":{"start":{"line":81,"column":32},"end":{"line":81,"column":36}},"loc":{"start":{"line":81,"column":42},"end":{"line":81,"column":73}},"line":81},"11":{"name":"(anonymous_11)","decl":{"start":{"line":90,"column":21},"end":{"line":90,"column":25}},"loc":{"start":{"line":90,"column":30},"end":{"line":90,"column":51}},"line":90},"12":{"name":"computeFleetKpis","decl":{"start":{"line":95,"column":22},"end":{"line":95,"column":39}},"loc":{"start":{"line":95,"column":100},"end":{"line":134,"column":null}},"line":95},"13":{"name":"(anonymous_13)","decl":{"start":{"line":109,"column":24},"end":{"line":109,"column":28}},"loc":{"start":{"line":109,"column":33},"end":{"line":109,"column":46}},"line":109},"14":{"name":"(anonymous_14)","decl":{"start":{"line":111,"column":28},"end":{"line":111,"column":32}},"loc":{"start":{"line":111,"column":37},"end":{"line":111,"column":53}},"line":111},"15":{"name":"(anonymous_15)","decl":{"start":{"line":119,"column":34},"end":{"line":119,"column":39}},"loc":{"start":{"line":119,"column":44},"end":{"line":119,"column":68}},"line":119},"16":{"name":"computeWwHistory","decl":{"start":{"line":139,"column":22},"end":{"line":139,"column":39}},"loc":{"start":{"line":139,"column":118},"end":{"line":161,"column":null}},"line":139},"17":{"name":"(anonymous_17)","decl":{"start":{"line":144,"column":24},"end":{"line":144,"column":28}},"loc":{"start":{"line":144,"column":33},"end":{"line":144,"column":46}},"line":144},"18":{"name":"seatSustainedAboveForDays","decl":{"start":{"line":174,"column":15},"end":{"line":174,"column":null}},"loc":{"start":{"line":178,"column":20},"end":{"line":193,"column":null}},"line":178},"19":{"name":"(anonymous_19)","decl":{"start":{"line":193,"column":40},"end":{"line":193,"column":46}},"loc":{"start":{"line":193,"column":51},"end":{"line":193,"column":66}},"line":193},"20":{"name":"seatSustainedBelowForDays","decl":{"start":{"line":196,"column":15},"end":{"line":196,"column":null}},"loc":{"start":{"line":200,"column":20},"end":{"line":215,"column":null}},"line":200},"21":{"name":"(anonymous_21)","decl":{"start":{"line":215,"column":40},"end":{"line":215,"column":46}},"loc":{"start":{"line":215,"column":51},"end":{"line":215,"column":65}},"line":215},"22":{"name":"countMembersPerSeat","decl":{"start":{"line":218,"column":15},"end":{"line":218,"column":35}},"loc":{"start":{"line":218,"column":84},"end":{"line":228,"column":null}},"line":218},"23":{"name":"(anonymous_23)","decl":{"start":{"line":219,"column":28},"end":{"line":219,"column":32}},"loc":{"start":{"line":219,"column":38},"end":{"line":219,"column":69}},"line":219},"24":{"name":"computeRebalanceSuggestions","decl":{"start":{"line":231,"column":22},"end":{"line":231,"column":50}},"loc":{"start":{"line":231,"column":123},"end":{"line":329,"column":null}},"line":231},"25":{"name":"(anonymous_25)","decl":{"start":{"line":236,"column":24},"end":{"line":236,"column":28}},"loc":{"start":{"line":236,"column":33},"end":{"line":236,"column":46}},"line":236},"26":{"name":"(anonymous_26)","decl":{"start":{"line":238,"column":32},"end":{"line":238,"column":36}},"loc":{"start":{"line":238,"column":41},"end":{"line":238,"column":69}},"line":238},"27":{"name":"(anonymous_27)","decl":{"start":{"line":243,"column":26},"end":{"line":243,"column":33}},"loc":{"start":{"line":243,"column":33},"end":{"line":243,"column":88}},"line":243},"28":{"name":"(anonymous_28)","decl":{"start":{"line":244,"column":25},"end":{"line":244,"column":32}},"loc":{"start":{"line":244,"column":32},"end":{"line":244,"column":86}},"line":244},"29":{"name":"(anonymous_29)","decl":{"start":{"line":286,"column":7},"end":{"line":286,"column":11}},"loc":{"start":{"line":286,"column":16},"end":{"line":286,"column":52}},"line":286},"30":{"name":"(anonymous_30)","decl":{"start":{"line":300,"column":41},"end":{"line":300,"column":null}},"loc":{"start":{"line":301,"column":11},"end":{"line":301,"column":null}},"line":301},"31":{"name":"(anonymous_31)","decl":{"start":{"line":305,"column":32},"end":{"line":305,"column":37}},"loc":{"start":{"line":305,"column":42},"end":{"line":309,"column":null}},"line":305}},"branchMap":{"0":{"loc":{"start":{"line":34,"column":2},"end":{"line":34,"column":null}},"type":"if","locations":[{"start":{"line":34,"column":2},"end":{"line":34,"column":null}},{"start":{},"end":{}}],"line":34},"1":{"loc":{"start":{"line":36,"column":2},"end":{"line":36,"column":null}},"type":"if","locations":[{"start":{"line":36,"column":2},"end":{"line":36,"column":null}},{"start":{},"end":{}}],"line":36},"2":{"loc":{"start":{"line":36,"column":6},"end":{"line":36,"column":34}},"type":"binary-expr","locations":[{"start":{"line":36,"column":6},"end":{"line":36,"column":20}},{"start":{"line":36,"column":24},"end":{"line":36,"column":34}}],"line":36},"3":{"loc":{"start":{"line":48,"column":2},"end":{"line":50,"column":null}},"type":"if","locations":[{"start":{"line":48,"column":2},"end":{"line":50,"column":null}},{"start":{},"end":{}}],"line":48},"4":{"loc":{"start":{"line":53,"column":2},"end":{"line":53,"column":null}},"type":"if","locations":[{"start":{"line":53,"column":2},"end":{"line":53,"column":null}},{"start":{},"end":{}}],"line":53},"5":{"loc":{"start":{"line":61,"column":2},"end":{"line":61,"column":null}},"type":"if","locations":[{"start":{"line":61,"column":2},"end":{"line":61,"column":null}},{"start":{},"end":{}}],"line":61},"6":{"loc":{"start":{"line":67,"column":68},"end":{"line":67,"column":90}},"type":"binary-expr","locations":[{"start":{"line":67,"column":68},"end":{"line":67,"column":87}},{"start":{"line":67,"column":87},"end":{"line":67,"column":90}}],"line":67},"7":{"loc":{"start":{"line":71,"column":2},"end":{"line":71,"column":null}},"type":"if","locations":[{"start":{"line":71,"column":2},"end":{"line":71,"column":null}},{"start":{},"end":{}}],"line":71},"8":{"loc":{"start":{"line":77,"column":2},"end":{"line":77,"column":null}},"type":"if","locations":[{"start":{"line":77,"column":2},"end":{"line":77,"column":null}},{"start":{},"end":{}}],"line":77},"9":{"loc":{"start":{"line":89,"column":2},"end":{"line":89,"column":null}},"type":"if","locations":[{"start":{"line":89,"column":2},"end":{"line":89,"column":null}},{"start":{},"end":{}}],"line":89},"10":{"loc":{"start":{"line":90,"column":30},"end":{"line":90,"column":51}},"type":"binary-expr","locations":[{"start":{"line":90,"column":30},"end":{"line":90,"column":49}},{"start":{"line":90,"column":49},"end":{"line":90,"column":51}}],"line":90},"11":{"loc":{"start":{"line":95,"column":39},"end":{"line":95,"column":78}},"type":"default-arg","locations":[{"start":{"line":95,"column":61},"end":{"line":95,"column":78}}],"line":95},"12":{"loc":{"start":{"line":101,"column":2},"end":{"line":106,"column":null}},"type":"if","locations":[{"start":{"line":101,"column":2},"end":{"line":106,"column":null}},{"start":{},"end":{}}],"line":101},"13":{"loc":{"start":{"line":119,"column":24},"end":{"line":119,"column":null}},"type":"binary-expr","locations":[{"start":{"line":119,"column":24},"end":{"line":119,"column":68}},{"start":{"line":119,"column":72},"end":{"line":119,"column":null}}],"line":119},"14":{"loc":{"start":{"line":125,"column":19},"end":{"line":133,"column":null}},"type":"cond-expr","locations":[{"start":{"line":126,"column":8},"end":{"line":132,"column":null}},{"start":{"line":133,"column":8},"end":{"line":133,"column":null}}],"line":125},"15":{"loc":{"start":{"line":139,"column":39},"end":{"line":139,"column":78}},"type":"default-arg","locations":[{"start":{"line":139,"column":61},"end":{"line":139,"column":78}}],"line":139},"16":{"loc":{"start":{"line":139,"column":80},"end":{"line":139,"column":118}},"type":"default-arg","locations":[{"start":{"line":139,"column":88},"end":{"line":139,"column":118}}],"line":139},"17":{"loc":{"start":{"line":142,"column":2},"end":{"line":142,"column":null}},"type":"if","locations":[{"start":{"line":142,"column":2},"end":{"line":142,"column":null}},{"start":{},"end":{}}],"line":142},"18":{"loc":{"start":{"line":185,"column":2},"end":{"line":185,"column":null}},"type":"if","locations":[{"start":{"line":185,"column":2},"end":{"line":185,"column":null}},{"start":{},"end":{}}],"line":185},"19":{"loc":{"start":{"line":189,"column":16},"end":{"line":189,"column":null}},"type":"binary-expr","locations":[{"start":{"line":189,"column":16},"end":{"line":189,"column":35}},{"start":{"line":189,"column":35},"end":{"line":189,"column":null}}],"line":189},"20":{"loc":{"start":{"line":190,"column":29},"end":{"line":190,"column":51}},"type":"binary-expr","locations":[{"start":{"line":190,"column":29},"end":{"line":190,"column":44}},{"start":{"line":190,"column":48},"end":{"line":190,"column":51}}],"line":190},"21":{"loc":{"start":{"line":193,"column":9},"end":{"line":193,"column":66}},"type":"binary-expr","locations":[{"start":{"line":193,"column":9},"end":{"line":193,"column":35}},{"start":{"line":193,"column":35},"end":{"line":193,"column":66}}],"line":193},"22":{"loc":{"start":{"line":207,"column":2},"end":{"line":207,"column":null}},"type":"if","locations":[{"start":{"line":207,"column":2},"end":{"line":207,"column":null}},{"start":{},"end":{}}],"line":207},"23":{"loc":{"start":{"line":211,"column":16},"end":{"line":211,"column":null}},"type":"binary-expr","locations":[{"start":{"line":211,"column":16},"end":{"line":211,"column":35}},{"start":{"line":211,"column":35},"end":{"line":211,"column":null}}],"line":211},"24":{"loc":{"start":{"line":212,"column":29},"end":{"line":212,"column":53}},"type":"binary-expr","locations":[{"start":{"line":212,"column":29},"end":{"line":212,"column":44}},{"start":{"line":212,"column":48},"end":{"line":212,"column":53}}],"line":212},"25":{"loc":{"start":{"line":215,"column":9},"end":{"line":215,"column":65}},"type":"binary-expr","locations":[{"start":{"line":215,"column":9},"end":{"line":215,"column":35}},{"start":{"line":215,"column":35},"end":{"line":215,"column":65}}],"line":215},"26":{"loc":{"start":{"line":231,"column":50},"end":{"line":231,"column":89}},"type":"default-arg","locations":[{"start":{"line":231,"column":72},"end":{"line":231,"column":89}}],"line":231},"27":{"loc":{"start":{"line":234,"column":2},"end":{"line":234,"column":null}},"type":"if","locations":[{"start":{"line":234,"column":2},"end":{"line":234,"column":null}},{"start":{},"end":{}}],"line":234},"28":{"loc":{"start":{"line":243,"column":39},"end":{"line":243,"column":75}},"type":"binary-expr","locations":[{"start":{"line":243,"column":39},"end":{"line":243,"column":65}},{"start":{"line":243,"column":69},"end":{"line":243,"column":75}}],"line":243},"29":{"loc":{"start":{"line":244,"column":38},"end":{"line":244,"column":73}},"type":"binary-expr","locations":[{"start":{"line":244,"column":38},"end":{"line":244,"column":64}},{"start":{"line":244,"column":68},"end":{"line":244,"column":73}}],"line":244},"30":{"loc":{"start":{"line":249,"column":4},"end":{"line":249,"column":null}},"type":"if","locations":[{"start":{"line":249,"column":4},"end":{"line":249,"column":null}},{"start":{},"end":{}}],"line":249},"31":{"loc":{"start":{"line":254,"column":6},"end":{"line":254,"column":null}},"type":"if","locations":[{"start":{"line":254,"column":6},"end":{"line":254,"column":null}},{"start":{},"end":{}}],"line":254},"32":{"loc":{"start":{"line":256,"column":22},"end":{"line":256,"column":null}},"type":"binary-expr","locations":[{"start":{"line":256,"column":22},"end":{"line":256,"column":41}},{"start":{"line":256,"column":45},"end":{"line":256,"column":null}}],"line":256},"33":{"loc":{"start":{"line":257,"column":21},"end":{"line":257,"column":null}},"type":"binary-expr","locations":[{"start":{"line":257,"column":21},"end":{"line":257,"column":39}},{"start":{"line":257,"column":43},"end":{"line":257,"column":null}}],"line":257},"34":{"loc":{"start":{"line":258,"column":26},"end":{"line":258,"column":null}},"type":"binary-expr","locations":[{"start":{"line":258,"column":26},"end":{"line":258,"column":47}},{"start":{"line":258,"column":51},"end":{"line":258,"column":null}}],"line":258},"35":{"loc":{"start":{"line":259,"column":25},"end":{"line":259,"column":null}},"type":"binary-expr","locations":[{"start":{"line":259,"column":25},"end":{"line":259,"column":45}},{"start":{"line":259,"column":49},"end":{"line":259,"column":null}}],"line":259},"36":{"loc":{"start":{"line":277,"column":16},"end":{"line":277,"column":null}},"type":"binary-expr","locations":[{"start":{"line":277,"column":16},"end":{"line":277,"column":31}},{"start":{"line":277,"column":35},"end":{"line":277,"column":null}}],"line":277},"37":{"loc":{"start":{"line":278,"column":4},"end":{"line":280,"column":null}},"type":"if","locations":[{"start":{"line":278,"column":4},"end":{"line":280,"column":null}},{"start":{},"end":{}}],"line":278},"38":{"loc":{"start":{"line":280,"column":6},"end":{"line":280,"column":null}},"type":"if","locations":[{"start":{"line":280,"column":6},"end":{"line":280,"column":null}},{"start":{},"end":{}}],"line":280},"39":{"loc":{"start":{"line":283,"column":2},"end":{"line":292,"column":null}},"type":"if","locations":[{"start":{"line":283,"column":2},"end":{"line":292,"column":null}},{"start":{},"end":{}}],"line":283},"40":{"loc":{"start":{"line":298,"column":4},"end":{"line":298,"column":null}},"type":"if","locations":[{"start":{"line":298,"column":4},"end":{"line":298,"column":null}},{"start":{},"end":{}}],"line":298},"41":{"loc":{"start":{"line":301,"column":11},"end":{"line":301,"column":null}},"type":"binary-expr","locations":[{"start":{"line":301,"column":11},"end":{"line":301,"column":39}},{"start":{"line":301,"column":39},"end":{"line":301,"column":null}}],"line":301},"42":{"loc":{"start":{"line":303,"column":4},"end":{"line":303,"column":null}},"type":"if","locations":[{"start":{"line":303,"column":4},"end":{"line":303,"column":null}},{"start":{},"end":{}}],"line":303},"43":{"loc":{"start":{"line":307,"column":18},"end":{"line":307,"column":null}},"type":"binary-expr","locations":[{"start":{"line":307,"column":18},"end":{"line":307,"column":34}},{"start":{"line":307,"column":38},"end":{"line":307,"column":null}}],"line":307},"44":{"loc":{"start":{"line":308,"column":13},"end":{"line":308,"column":null}},"type":"binary-expr","locations":[{"start":{"line":308,"column":13},"end":{"line":308,"column":37}},{"start":{"line":308,"column":37},"end":{"line":308,"column":68}},{"start":{"line":308,"column":68},"end":{"line":308,"column":null}}],"line":308},"45":{"loc":{"start":{"line":310,"column":4},"end":{"line":310,"column":null}},"type":"if","locations":[{"start":{"line":310,"column":4},"end":{"line":310,"column":null}},{"start":{},"end":{}}],"line":310},"46":{"loc":{"start":{"line":312,"column":20},"end":{"line":312,"column":null}},"type":"binary-expr","locations":[{"start":{"line":312,"column":20},"end":{"line":312,"column":45}},{"start":{"line":312,"column":49},"end":{"line":312,"column":null}}],"line":312},"47":{"loc":{"start":{"line":313,"column":21},"end":{"line":313,"column":null}},"type":"binary-expr","locations":[{"start":{"line":313,"column":21},"end":{"line":313,"column":59}},{"start":{"line":313,"column":63},"end":{"line":313,"column":null}}],"line":313},"48":{"loc":{"start":{"line":314,"column":24},"end":{"line":314,"column":null}},"type":"binary-expr","locations":[{"start":{"line":314,"column":24},"end":{"line":314,"column":51}},{"start":{"line":314,"column":55},"end":{"line":314,"column":null}}],"line":314},"49":{"loc":{"start":{"line":315,"column":25},"end":{"line":315,"column":null}},"type":"binary-expr","locations":[{"start":{"line":315,"column":25},"end":{"line":315,"column":65}},{"start":{"line":315,"column":69},"end":{"line":315,"column":null}}],"line":315}},"s":{"0":1,"1":8,"2":8,"3":2,"4":6,"5":6,"6":4,"7":2,"8":8,"9":0,"10":0,"11":0,"12":0,"13":0,"14":0,"15":0,"16":0,"17":0,"18":0,"19":0,"20":0,"21":0,"22":0,"23":0,"24":0,"25":0,"26":0,"27":0,"28":0,"29":0,"30":0,"31":0,"32":0,"33":0,"34":0,"35":0,"36":0,"37":0,"38":0,"39":0,"40":0,"41":0,"42":0,"43":0,"44":0,"45":0,"46":0,"47":0,"48":0,"49":0,"50":0,"51":0,"52":0,"53":0,"54":0,"55":0,"56":0,"57":0,"58":0,"59":0,"60":0,"61":0,"62":0,"63":0,"64":0,"65":0,"66":0,"67":0,"68":0,"69":0,"70":1,"71":1,"72":1,"73":1,"74":1,"75":1,"76":1,"77":0,"78":0,"79":0,"80":0,"81":0,"82":0,"83":0,"84":0,"85":0,"86":0,"87":0,"88":0,"89":0,"90":0,"91":0,"92":0,"93":0,"94":0,"95":0,"96":0,"97":0,"98":0,"99":0,"100":0,"101":0,"102":0,"103":0,"104":0,"105":0,"106":0,"107":0,"108":0,"109":0,"110":0,"111":0,"112":0,"113":0,"114":0,"115":0,"116":0,"117":0,"118":0,"119":0,"120":0,"121":0,"122":0,"123":0,"124":0,"125":0,"126":0,"127":0,"128":0,"129":0,"130":0,"131":0,"132":0,"133":0,"134":0,"135":0,"136":0,"137":0,"138":0,"139":0,"140":0,"141":0,"142":0,"143":0,"144":0,"145":0,"146":0,"147":0,"148":0,"149":0,"150":0,"151":0,"152":0,"153":0,"154":0,"155":0,"156":0,"157":0,"158":0,"159":0,"160":0,"161":0,"162":0,"163":0,"164":0,"165":0,"166":0,"167":0,"168":0,"169":0,"170":0,"171":0},"f":{"0":8,"1":8,"2":0,"3":0,"4":0,"5":0,"6":0,"7":0,"8":0,"9":0,"10":0,"11":0,"12":0,"13":0,"14":0,"15":0,"16":0,"17":0,"18":0,"19":0,"20":0,"21":0,"22":0,"23":0,"24":0,"25":0,"26":0,"27":0,"28":0,"29":0,"30":0,"31":0},"b":{"0":[2,6],"1":[4,2],"2":[6,4],"3":[0,0],"4":[0,0],"5":[0,0],"6":[0,0],"7":[0,0],"8":[0,0],"9":[0,0],"10":[0,0],"11":[0],"12":[0,0],"13":[0,0],"14":[0,0],"15":[0],"16":[0],"17":[0,0],"18":[0,0],"19":[0,0],"20":[0,0],"21":[0,0],"22":[0,0],"23":[0,0],"24":[0,0],"25":[0,0],"26":[0],"27":[0,0],"28":[0,0],"29":[0,0],"30":[0,0],"31":[0,0],"32":[0,0],"33":[0,0],"34":[0,0],"35":[0,0],"36":[0,0],"37":[0,0],"38":[0,0],"39":[0,0],"40":[0,0],"41":[0,0],"42":[0,0],"43":[0,0],"44":[0,0,0],"45":[0,0],"46":[0,0],"47":[0,0],"48":[0,0],"49":[0,0]},"meta":{"lastBranch":50,"lastFunction":32,"lastStatement":172,"seen":{"s:30:33:30:Infinity":0,"f:32:9:32:36":0,"s:33:14:33:Infinity":1,"b:34:2:34:Infinity:undefined:undefined:undefined:undefined":0,"s:34:2:34:Infinity":2,"s:34:12:34:Infinity":3,"s:35:14:35:25":4,"b:36:2:36:Infinity:undefined:undefined:undefined:undefined":1,"s:36:2:36:Infinity":5,"b:36:6:36:20:36:24:36:34":2,"s:36:34:36:Infinity":6,"s:37:2:37:Infinity":7,"f:40:16:40:44":1,"s:41:2:41:Infinity":8,"f:47:22:47:38":2,"b:48:2:50:Infinity:undefined:undefined:undefined:undefined":3,"s:48:2:50:Infinity":9,"s:50:4:50:Infinity":10,"b:53:2:53:Infinity:undefined:undefined:undefined:undefined":4,"s:53:2:53:Infinity":11,"s:53:34:53:Infinity":12,"s:54:20:54:76":13,"f:54:34:54:38":3,"s:54:44:54:75":14,"s:55:2:55:Infinity":15,"f:60:15:60:34":4,"b:61:2:61:Infinity:undefined:undefined:undefined:undefined":5,"s:61:2:61:Infinity":16,"s:61:28:61:Infinity":17,"s:62:18:66:4":18,"f:63:40:63:44":5,"s:63:50:63:81":19,"s:67:2:67:Infinity":20,"f:67:17:67:21":6,"s:67:27:67:92":21,"b:67:68:67:87:67:87:67:90":6,"f:70:9:70:13":7,"b:71:2:71:Infinity:undefined:undefined:undefined:undefined":7,"s:71:2:71:Infinity":22,"s:71:27:71:Infinity":23,"s:72:2:72:Infinity":24,"f:72:16:72:24":8,"s:72:33:72:40":25,"f:76:15:76:35":9,"b:77:2:77:Infinity:undefined:undefined:undefined:undefined":8,"s:77:2:77:Infinity":26,"s:77:28:77:Infinity":27,"s:78:18:88:4":28,"f:81:32:81:36":10,"s:81:42:81:73":29,"b:89:2:89:Infinity:undefined:undefined:undefined:undefined":9,"s:89:2:89:Infinity":30,"s:89:28:89:Infinity":31,"s:90:2:90:Infinity":32,"f:90:21:90:25":11,"s:90:30:90:51":33,"b:90:30:90:49:90:49:90:51":10,"f:95:22:95:39":12,"b:95:61:95:78":11,"s:96:27:96:46":34,"s:97:16:97:44":35,"s:98:24:98:Infinity":36,"s:99:23:99:Infinity":37,"b:101:2:106:Infinity:undefined:undefined:undefined:undefined":12,"s:101:2:106:Infinity":38,"s:102:4:106:Infinity":39,"s:109:18:109:47":40,"f:109:24:109:28":13,"s:109:33:109:46":41,"s:110:16:110:49":42,"s:111:18:111:54":43,"f:111:28:111:32":14,"s:111:37:111:53":44,"s:112:19:112:Infinity":45,"s:114:23:114:63":46,"s:115:23:115:71":47,"s:116:18:116:Infinity":48,"s:118:20:118:58":49,"s:119:24:119:Infinity":50,"b:119:24:119:68:119:72:119:Infinity":13,"f:119:34:119:39":15,"s:119:44:119:68":51,"s:121:2:134:Infinity":52,"b:126:8:132:Infinity:133:8:133:Infinity":14,"f:139:22:139:39":16,"b:139:61:139:78":15,"b:139:88:139:118":16,"s:140:27:140:46":53,"s:141:16:141:44":54,"b:142:2:142:Infinity:undefined:undefined:undefined:undefined":17,"s:142:2:142:Infinity":55,"s:142:26:142:Infinity":56,"s:144:18:144:47":57,"f:144:24:144:28":17,"s:144:33:144:46":58,"s:145:35:145:37":59,"s:146:14:146:24":60,"s:148:2:158:Infinity":61,"s:148:15:148:26":62,"s:149:22:149:75":63,"s:150:20:150:67":64,"s:151:20:151:63":65,"s:152:25:152:Infinity":66,"s:153:21:153:Infinity":67,"s:154:4:158:Infinity":68,"s:161:2:161:Infinity":69,"s:166:21:166:Infinity":70,"s:167:21:167:Infinity":71,"s:168:29:168:Infinity":72,"s:169:29:169:Infinity":73,"s:170:28:170:Infinity":74,"s:171:27:171:Infinity":75,"s:172:23:172:Infinity":76,"f:174:15:174:Infinity":18,"s:179:17:179:63":77,"s:180:16:183:34":78,"b:185:2:185:Infinity:undefined:undefined:undefined:undefined":18,"s:185:2:185:Infinity":79,"s:185:26:185:Infinity":80,"s:186:17:186:42":81,"s:187:2:190:Infinity":82,"s:188:16:188:65":83,"s:189:16:189:Infinity":84,"b:189:16:189:35:189:35:189:Infinity":19,"s:190:4:190:Infinity":85,"b:190:29:190:44:190:48:190:51":20,"s:192:15:192:35":86,"s:193:2:193:Infinity":87,"b:193:9:193:35:193:35:193:66":21,"f:193:40:193:46":19,"s:193:51:193:66":88,"f:196:15:196:Infinity":20,"s:201:17:201:63":89,"s:202:16:205:34":90,"b:207:2:207:Infinity:undefined:undefined:undefined:undefined":22,"s:207:2:207:Infinity":91,"s:207:26:207:Infinity":92,"s:208:17:208:42":93,"s:209:2:212:Infinity":94,"s:210:16:210:65":95,"s:211:16:211:Infinity":96,"b:211:16:211:35:211:35:211:Infinity":23,"s:212:4:212:Infinity":97,"b:212:29:212:44:212:48:212:53":24,"s:214:15:214:35":98,"s:215:2:215:Infinity":99,"b:215:9:215:35:215:35:215:65":25,"f:215:40:215:46":21,"s:215:51:215:65":100,"f:218:15:218:35":22,"s:219:20:219:70":101,"f:219:28:219:32":23,"s:219:38:219:69":102,"s:220:15:225:4":103,"s:226:14:226:39":104,"s:227:2:227:Infinity":105,"s:227:24:227:Infinity":106,"s:228:2:228:Infinity":107,"f:231:22:231:50":24,"b:231:72:231:89":26,"s:232:27:232:46":108,"s:233:16:233:44":109,"b:234:2:234:Infinity:undefined:undefined:undefined:undefined":27,"s:234:2:234:Infinity":110,"s:234:26:234:Infinity":111,"s:236:18:236:47":112,"f:236:24:236:28":25,"s:236:33:236:46":113,"s:237:16:237:49":114,"s:238:18:238:71":115,"f:238:32:238:36":26,"s:238:41:238:69":116,"s:239:20:239:54":117,"s:241:45:241:47":118,"s:243:20:243:88":119,"f:243:26:243:33":27,"s:243:33:243:88":120,"b:243:39:243:65:243:69:243:75":28,"s:244:19:244:86":121,"f:244:25:244:32":28,"s:244:32:244:86":122,"b:244:38:244:64:244:68:244:73":29,"s:246:2:270:Infinity":123,"s:247:19:247:39":124,"s:248:22:248:91":125,"b:249:4:249:Infinity:undefined:undefined:undefined:undefined":30,"s:249:4:249:Infinity":126,"s:249:20:249:Infinity":127,"s:251:4:270:Infinity":128,"s:252:20:252:39":129,"s:253:27:253:95":130,"b:254:6:254:Infinity:undefined:undefined:undefined:undefined":31,"s:254:6:254:Infinity":131,"s:254:25:254:Infinity":132,"s:256:22:256:Infinity":133,"b:256:22:256:41:256:45:256:Infinity":32,"s:257:21:257:Infinity":134,"b:257:21:257:39:257:43:257:Infinity":33,"s:258:26:258:Infinity":135,"b:258:26:258:47:258:51:258:Infinity":34,"s:259:25:259:Infinity":136,"b:259:25:259:45:259:49:259:Infinity":35,"s:260:6:269:Infinity":137,"s:270:6:270:Infinity":138,"s:274:63:274:65":139,"s:275:2:280:Infinity":140,"s:276:15:276:31":141,"s:277:16:277:Infinity":142,"b:277:16:277:31:277:35:277:Infinity":36,"b:278:4:280:Infinity:undefined:undefined:undefined:undefined":37,"s:278:4:280:Infinity":143,"s:279:24:279:96":144,"b:280:6:280:Infinity:undefined:undefined:undefined:undefined":38,"s:280:6:280:Infinity":145,"s:280:21:280:Infinity":146,"b:283:2:292:Infinity:undefined:undefined:undefined:undefined":39,"s:283:2:292:Infinity":147,"s:284:17:287:17":148,"f:286:7:286:11":29,"s:286:16:286:52":149,"s:288:4:292:Infinity":150,"s:295:2:326:Infinity":151,"s:296:25:296:51":152,"s:297:22:297:97":153,"b:298:4:298:Infinity:undefined:undefined:undefined:undefined":40,"s:298:4:298:Infinity":154,"s:298:20:298:Infinity":155,"s:300:29:301:Infinity":156,"f:300:41:300:Infinity":30,"s:301:11:301:Infinity":157,"b:301:11:301:39:301:39:301:Infinity":41,"b:303:4:303:Infinity:undefined:undefined:undefined:undefined":42,"s:303:4:303:Infinity":158,"s:303:26:303:Infinity":159,"s:305:26:309:Infinity":160,"f:305:32:305:37":31,"s:306:18:306:31":161,"s:307:18:307:Infinity":162,"b:307:18:307:34:307:38:307:Infinity":43,"s:308:6:308:Infinity":163,"b:308:13:308:37:308:37:308:68:308:68:308:Infinity":44,"b:310:4:310:Infinity:undefined:undefined:undefined:undefined":45,"s:310:4:310:Infinity":164,"s:310:24:310:Infinity":165,"s:312:20:312:Infinity":166,"b:312:20:312:45:312:49:312:Infinity":46,"s:313:21:313:Infinity":167,"b:313:21:313:59:313:63:313:Infinity":47,"s:314:24:314:Infinity":168,"b:314:24:314:51:314:55:314:Infinity":48,"s:315:25:315:Infinity":169,"b:315:25:315:65:315:69:315:Infinity":49,"s:316:4:326:Infinity":170,"s:329:2:329:Infinity":171}}}
,"D:\\CONG VIEC\\quan-ly-team-claude\\packages\\api\\src\\services\\bld-pdf-service.ts": {"path":"D:\\CONG VIEC\\quan-ly-team-claude\\packages\\api\\src\\services\\bld-pdf-service.ts","statementMap":{"0":{"start":{"line":21,"column":30},"end":{"line":21,"column":null}},"1":{"start":{"line":25,"column":18},"end":{"line":25,"column":null}},"2":{"start":{"line":26,"column":2},"end":{"line":26,"column":null}},"3":{"start":{"line":32,"column":2},"end":{"line":32,"column":null}},"4":{"start":{"line":33,"column":2},"end":{"line":33,"column":null}},"5":{"start":{"line":34,"column":13},"end":{"line":34,"column":81}},"6":{"start":{"line":35,"column":2},"end":{"line":36,"column":null}},"7":{"start":{"line":37,"column":2},"end":{"line":37,"column":null}},"8":{"start":{"line":41,"column":2},"end":{"line":41,"column":null}},"9":{"start":{"line":42,"column":2},"end":{"line":42,"column":null}},"10":{"start":{"line":43,"column":2},"end":{"line":43,"column":null}},"11":{"start":{"line":44,"column":2},"end":{"line":44,"column":null}},"12":{"start":{"line":45,"column":2},"end":{"line":45,"column":null}},"13":{"start":{"line":46,"column":15},"end":{"line":46,"column":null}},"14":{"start":{"line":47,"column":2},"end":{"line":47,"column":null}},"15":{"start":{"line":48,"column":2},"end":{"line":50,"column":null}},"16":{"start":{"line":51,"column":2},"end":{"line":51,"column":null}},"17":{"start":{"line":58,"column":2},"end":{"line":58,"column":null}},"18":{"start":{"line":59,"column":2},"end":{"line":59,"column":null}},"19":{"start":{"line":60,"column":2},"end":{"line":63,"column":null}},"20":{"start":{"line":61,"column":4},"end":{"line":61,"column":null}},"21":{"start":{"line":62,"column":4},"end":{"line":62,"column":null}},"22":{"start":{"line":63,"column":4},"end":{"line":63,"column":null}},"23":{"start":{"line":65,"column":2},"end":{"line":68,"column":null}},"24":{"start":{"line":66,"column":4},"end":{"line":67,"column":null}},"25":{"start":{"line":69,"column":2},"end":{"line":69,"column":null}},"26":{"start":{"line":76,"column":2},"end":{"line":76,"column":null}},"27":{"start":{"line":77,"column":2},"end":{"line":77,"column":null}},"28":{"start":{"line":78,"column":2},"end":{"line":81,"column":null}},"29":{"start":{"line":79,"column":4},"end":{"line":79,"column":null}},"30":{"start":{"line":80,"column":4},"end":{"line":80,"column":null}},"31":{"start":{"line":81,"column":4},"end":{"line":81,"column":null}},"32":{"start":{"line":85,"column":18},"end":{"line":85,"column":null}},"33":{"start":{"line":86,"column":18},"end":{"line":86,"column":null}},"34":{"start":{"line":87,"column":19},"end":{"line":87,"column":null}},"35":{"start":{"line":88,"column":17},"end":{"line":88,"column":null}},"36":{"start":{"line":89,"column":12},"end":{"line":89,"column":null}},"37":{"start":{"line":91,"column":2},"end":{"line":91,"column":null}},"38":{"start":{"line":92,"column":2},"end":{"line":92,"column":null}},"39":{"start":{"line":93,"column":2},"end":{"line":93,"column":null}},"40":{"start":{"line":94,"column":2},"end":{"line":94,"column":null}},"41":{"start":{"line":95,"column":2},"end":{"line":95,"column":null}},"42":{"start":{"line":97,"column":2},"end":{"line":105,"column":null}},"43":{"start":{"line":98,"column":17},"end":{"line":98,"column":null}},"44":{"start":{"line":99,"column":22},"end":{"line":99,"column":74}},"45":{"start":{"line":100,"column":4},"end":{"line":100,"column":null}},"46":{"start":{"line":101,"column":4},"end":{"line":101,"column":null}},"47":{"start":{"line":102,"column":4},"end":{"line":102,"column":null}},"48":{"start":{"line":103,"column":4},"end":{"line":103,"column":null}},"49":{"start":{"line":104,"column":4},"end":{"line":104,"column":null}},"50":{"start":{"line":106,"column":2},"end":{"line":106,"column":null}},"51":{"start":{"line":114,"column":2},"end":{"line":114,"column":null}},"52":{"start":{"line":115,"column":2},"end":{"line":115,"column":null}},"53":{"start":{"line":116,"column":2},"end":{"line":119,"column":null}},"54":{"start":{"line":117,"column":4},"end":{"line":117,"column":null}},"55":{"start":{"line":118,"column":4},"end":{"line":118,"column":null}},"56":{"start":{"line":119,"column":4},"end":{"line":119,"column":null}},"57":{"start":{"line":121,"column":2},"end":{"line":134,"column":null}},"58":{"start":{"line":122,"column":4},"end":{"line":122,"column":null}},"59":{"start":{"line":123,"column":4},"end":{"line":132,"column":null}},"60":{"start":{"line":124,"column":6},"end":{"line":126,"column":null}},"61":{"start":{"line":127,"column":15},"end":{"line":132,"column":null}},"62":{"start":{"line":128,"column":6},"end":{"line":130,"column":null}},"63":{"start":{"line":131,"column":15},"end":{"line":132,"column":null}},"64":{"start":{"line":132,"column":6},"end":{"line":132,"column":null}},"65":{"start":{"line":135,"column":2},"end":{"line":135,"column":null}},"66":{"start":{"line":141,"column":21},"end":{"line":141,"column":47}},"67":{"start":{"line":142,"column":54},"end":{"line":147,"column":4}},"68":{"start":{"line":150,"column":18},"end":{"line":150,"column":55}},"69":{"start":{"line":150,"column":41},"end":{"line":150,"column":54}},"70":{"start":{"line":151,"column":16},"end":{"line":151,"column":54}},"71":{"start":{"line":152,"column":18},"end":{"line":152,"column":71}},"72":{"start":{"line":152,"column":41},"end":{"line":152,"column":69}},"73":{"start":{"line":154,"column":21},"end":{"line":162,"column":16}},"74":{"start":{"line":156,"column":19},"end":{"line":156,"column":null}},"75":{"start":{"line":157,"column":23},"end":{"line":157,"column":null}},"76":{"start":{"line":158,"column":24},"end":{"line":158,"column":null}},"77":{"start":{"line":159,"column":6},"end":{"line":159,"column":null}},"78":{"start":{"line":161,"column":20},"end":{"line":161,"column":44}},"79":{"start":{"line":164,"column":20},"end":{"line":164,"column":34}},"80":{"start":{"line":165,"column":2},"end":{"line":165,"column":null}},"81":{"start":{"line":167,"column":15},"end":{"line":167,"column":null}},"82":{"start":{"line":168,"column":19},"end":{"line":168,"column":54}},"83":{"start":{"line":170,"column":2},"end":{"line":184,"column":null}},"84":{"start":{"line":171,"column":16},"end":{"line":171,"column":59}},"85":{"start":{"line":172,"column":19},"end":{"line":172,"column":49}},"86":{"start":{"line":173,"column":4},"end":{"line":173,"column":null}},"87":{"start":{"line":175,"column":4},"end":{"line":175,"column":null}},"88":{"start":{"line":176,"column":4},"end":{"line":176,"column":null}},"89":{"start":{"line":177,"column":4},"end":{"line":177,"column":null}},"90":{"start":{"line":178,"column":4},"end":{"line":178,"column":null}},"91":{"start":{"line":179,"column":4},"end":{"line":179,"column":null}},"92":{"start":{"line":181,"column":4},"end":{"line":181,"column":null}},"93":{"start":{"line":182,"column":4},"end":{"line":182,"column":null}},"94":{"start":{"line":183,"column":4},"end":{"line":183,"column":null}},"95":{"start":{"line":186,"column":2},"end":{"line":186,"column":null}},"96":{"start":{"line":192,"column":20},"end":{"line":192,"column":34}},"97":{"start":{"line":193,"column":2},"end":{"line":193,"column":null}},"98":{"start":{"line":193,"column":33},"end":{"line":193,"column":null}},"99":{"start":{"line":195,"column":17},"end":{"line":195,"column":null}},"100":{"start":{"line":196,"column":16},"end":{"line":196,"column":41}},"101":{"start":{"line":197,"column":2},"end":{"line":206,"column":null}},"102":{"start":{"line":198,"column":21},"end":{"line":198,"column":47}},"103":{"start":{"line":199,"column":4},"end":{"line":206,"column":null}},"104":{"start":{"line":200,"column":19},"end":{"line":200,"column":40}},"105":{"start":{"line":201,"column":6},"end":{"line":203,"column":null}},"106":{"start":{"line":202,"column":8},"end":{"line":202,"column":null}},"107":{"start":{"line":203,"column":8},"end":{"line":203,"column":null}},"108":{"start":{"line":206,"column":6},"end":{"line":206,"column":null}}},"fnMap":{"0":{"name":"getDigestDir","decl":{"start":{"line":23,"column":16},"end":{"line":23,"column":39}},"loc":{"start":{"line":23,"column":39},"end":{"line":26,"column":null}},"line":23},"1":{"name":"renderHeader","decl":{"start":{"line":31,"column":9},"end":{"line":31,"column":22}},"loc":{"start":{"line":31,"column":53},"end":{"line":37,"column":null}},"line":31},"2":{"name":"renderKpis","decl":{"start":{"line":40,"column":9},"end":{"line":40,"column":20}},"loc":{"start":{"line":40,"column":103},"end":{"line":51,"column":null}},"line":40},"3":{"name":"renderTopWaste","decl":{"start":{"line":54,"column":9},"end":{"line":54,"column":null}},"loc":{"start":{"line":57,"column":8},"end":{"line":69,"column":null}},"line":57},"4":{"name":"(anonymous_4)","decl":{"start":{"line":65,"column":8},"end":{"line":65,"column":17}},"loc":{"start":{"line":65,"column":26},"end":{"line":68,"column":null}},"line":65},"5":{"name":"renderWwTrend","decl":{"start":{"line":72,"column":9},"end":{"line":72,"column":null}},"loc":{"start":{"line":75,"column":8},"end":{"line":106,"column":null}},"line":75},"6":{"name":"(anonymous_6)","decl":{"start":{"line":97,"column":10},"end":{"line":97,"column":18}},"loc":{"start":{"line":97,"column":25},"end":{"line":105,"column":null}},"line":97},"7":{"name":"renderSuggestions","decl":{"start":{"line":109,"column":9},"end":{"line":109,"column":null}},"loc":{"start":{"line":113,"column":8},"end":{"line":135,"column":null}},"line":113},"8":{"name":"(anonymous_8)","decl":{"start":{"line":121,"column":14},"end":{"line":121,"column":22}},"loc":{"start":{"line":121,"column":27},"end":{"line":134,"column":null}},"line":121},"9":{"name":"generateWeeklyDigest","decl":{"start":{"line":140,"column":22},"end":{"line":140,"column":62}},"loc":{"start":{"line":140,"column":62},"end":{"line":186,"column":null}},"line":140},"10":{"name":"(anonymous_10)","decl":{"start":{"line":150,"column":32},"end":{"line":150,"column":36}},"loc":{"start":{"line":150,"column":41},"end":{"line":150,"column":54}},"line":150},"11":{"name":"(anonymous_11)","decl":{"start":{"line":152,"column":32},"end":{"line":152,"column":36}},"loc":{"start":{"line":152,"column":41},"end":{"line":152,"column":69}},"line":152},"12":{"name":"(anonymous_12)","decl":{"start":{"line":155,"column":5},"end":{"line":155,"column":9}},"loc":{"start":{"line":155,"column":14},"end":{"line":160,"column":null}},"line":155},"13":{"name":"(anonymous_13)","decl":{"start":{"line":161,"column":5},"end":{"line":161,"column":11}},"loc":{"start":{"line":161,"column":20},"end":{"line":161,"column":44}},"line":161},"14":{"name":"(anonymous_14)","decl":{"start":{"line":170,"column":12},"end":{"line":170,"column":27}},"loc":{"start":{"line":170,"column":47},"end":{"line":184,"column":null}},"line":170},"15":{"name":"purgeExpiredDigests","decl":{"start":{"line":191,"column":16},"end":{"line":191,"column":44}},"loc":{"start":{"line":191,"column":44},"end":{"line":206,"column":null}},"line":191}},"branchMap":{"0":{"loc":{"start":{"line":25,"column":18},"end":{"line":25,"column":null}},"type":"binary-expr","locations":[{"start":{"line":25,"column":18},"end":{"line":25,"column":42}},{"start":{"line":25,"column":42},"end":{"line":25,"column":null}}],"line":25},"1":{"loc":{"start":{"line":46,"column":15},"end":{"line":46,"column":null}},"type":"cond-expr","locations":[{"start":{"line":46,"column":35},"end":{"line":46,"column":41}},{"start":{"line":46,"column":41},"end":{"line":46,"column":null}}],"line":46},"2":{"loc":{"start":{"line":60,"column":2},"end":{"line":63,"column":null}},"type":"if","locations":[{"start":{"line":60,"column":2},"end":{"line":63,"column":null}},{"start":{},"end":{}}],"line":60},"3":{"loc":{"start":{"line":78,"column":2},"end":{"line":81,"column":null}},"type":"if","locations":[{"start":{"line":78,"column":2},"end":{"line":81,"column":null}},{"start":{},"end":{}}],"line":78},"4":{"loc":{"start":{"line":116,"column":2},"end":{"line":119,"column":null}},"type":"if","locations":[{"start":{"line":116,"column":2},"end":{"line":119,"column":null}},{"start":{},"end":{}}],"line":116},"5":{"loc":{"start":{"line":123,"column":4},"end":{"line":132,"column":null}},"type":"if","locations":[{"start":{"line":123,"column":4},"end":{"line":132,"column":null}},{"start":{"line":127,"column":15},"end":{"line":132,"column":null}}],"line":123},"6":{"loc":{"start":{"line":127,"column":15},"end":{"line":132,"column":null}},"type":"if","locations":[{"start":{"line":127,"column":15},"end":{"line":132,"column":null}},{"start":{"line":131,"column":15},"end":{"line":132,"column":null}}],"line":127},"7":{"loc":{"start":{"line":131,"column":15},"end":{"line":132,"column":null}},"type":"if","locations":[{"start":{"line":131,"column":15},"end":{"line":132,"column":null}},{"start":{},"end":{}}],"line":131},"8":{"loc":{"start":{"line":156,"column":19},"end":{"line":156,"column":null}},"type":"binary-expr","locations":[{"start":{"line":156,"column":19},"end":{"line":156,"column":45}},{"start":{"line":156,"column":49},"end":{"line":156,"column":null}}],"line":156},"9":{"loc":{"start":{"line":193,"column":2},"end":{"line":193,"column":null}},"type":"if","locations":[{"start":{"line":193,"column":2},"end":{"line":193,"column":null}},{"start":{},"end":{}}],"line":193},"10":{"loc":{"start":{"line":201,"column":6},"end":{"line":203,"column":null}},"type":"if","locations":[{"start":{"line":201,"column":6},"end":{"line":203,"column":null}},{"start":{},"end":{}}],"line":201}},"s":{"0":1,"1":4,"2":4,"3":1,"4":1,"5":1,"6":1,"7":1,"8":1,"9":1,"10":1,"11":1,"12":1,"13":1,"14":1,"15":1,"16":1,"17":1,"18":1,"19":1,"20":1,"21":1,"22":1,"23":0,"24":0,"25":0,"26":1,"27":1,"28":1,"29":0,"30":0,"31":0,"32":1,"33":1,"34":1,"35":1,"36":1,"37":1,"38":1,"39":1,"40":1,"41":1,"42":1,"43":2,"44":2,"45":2,"46":2,"47":2,"48":2,"49":2,"50":1,"51":1,"52":1,"53":1,"54":1,"55":1,"56":1,"57":0,"58":0,"59":0,"60":0,"61":0,"62":0,"63":0,"64":0,"65":0,"66":1,"67":1,"68":1,"69":0,"70":1,"71":1,"72":0,"73":1,"74":0,"75":0,"76":0,"77":0,"78":0,"79":1,"80":1,"81":1,"82":1,"83":1,"84":1,"85":1,"86":1,"87":1,"88":1,"89":1,"90":1,"91":1,"92":1,"93":1,"94":1,"95":1,"96":3,"97":3,"98":1,"99":2,"100":2,"101":2,"102":3,"103":3,"104":3,"105":3,"106":1,"107":1,"108":0},"f":{"0":4,"1":1,"2":1,"3":1,"4":0,"5":1,"6":2,"7":1,"8":0,"9":1,"10":0,"11":0,"12":0,"13":0,"14":1,"15":3},"b":{"0":[4,0],"1":[1,0],"2":[1,0],"3":[0,1],"4":[1,0],"5":[0,0],"6":[0,0],"7":[0,0],"8":[0,0],"9":[1,2],"10":[1,2]},"meta":{"lastBranch":11,"lastFunction":16,"lastStatement":109,"seen":{"s:21:30:21:Infinity":0,"f:23:16:23:39":0,"s:25:18:25:Infinity":1,"b:25:18:25:42:25:42:25:Infinity":0,"s:26:2:26:Infinity":2,"f:31:9:31:22":1,"s:32:2:32:Infinity":3,"s:33:2:33:Infinity":4,"s:34:13:34:81":5,"s:35:2:36:Infinity":6,"s:37:2:37:Infinity":7,"f:40:9:40:20":2,"s:41:2:41:Infinity":8,"s:42:2:42:Infinity":9,"s:43:2:43:Infinity":10,"s:44:2:44:Infinity":11,"s:45:2:45:Infinity":12,"s:46:15:46:Infinity":13,"b:46:35:46:41:46:41:46:Infinity":1,"s:47:2:47:Infinity":14,"s:48:2:50:Infinity":15,"s:51:2:51:Infinity":16,"f:54:9:54:Infinity":3,"s:58:2:58:Infinity":17,"s:59:2:59:Infinity":18,"b:60:2:63:Infinity:undefined:undefined:undefined:undefined":2,"s:60:2:63:Infinity":19,"s:61:4:61:Infinity":20,"s:62:4:62:Infinity":21,"s:63:4:63:Infinity":22,"s:65:2:68:Infinity":23,"f:65:8:65:17":4,"s:66:4:67:Infinity":24,"s:69:2:69:Infinity":25,"f:72:9:72:Infinity":5,"s:76:2:76:Infinity":26,"s:77:2:77:Infinity":27,"b:78:2:81:Infinity:undefined:undefined:undefined:undefined":3,"s:78:2:81:Infinity":28,"s:79:4:79:Infinity":29,"s:80:4:80:Infinity":30,"s:81:4:81:Infinity":31,"s:85:18:85:Infinity":32,"s:86:18:86:Infinity":33,"s:87:19:87:Infinity":34,"s:88:17:88:Infinity":35,"s:89:12:89:Infinity":36,"s:91:2:91:Infinity":37,"s:92:2:92:Infinity":38,"s:93:2:93:Infinity":39,"s:94:2:94:Infinity":40,"s:95:2:95:Infinity":41,"s:97:2:105:Infinity":42,"f:97:10:97:18":6,"s:98:17:98:Infinity":43,"s:99:22:99:74":44,"s:100:4:100:Infinity":45,"s:101:4:101:Infinity":46,"s:102:4:102:Infinity":47,"s:103:4:103:Infinity":48,"s:104:4:104:Infinity":49,"s:106:2:106:Infinity":50,"f:109:9:109:Infinity":7,"s:114:2:114:Infinity":51,"s:115:2:115:Infinity":52,"b:116:2:119:Infinity:undefined:undefined:undefined:undefined":4,"s:116:2:119:Infinity":53,"s:117:4:117:Infinity":54,"s:118:4:118:Infinity":55,"s:119:4:119:Infinity":56,"s:121:2:134:Infinity":57,"f:121:14:121:22":8,"s:122:4:122:Infinity":58,"b:123:4:132:Infinity:127:15:132:Infinity":5,"s:123:4:132:Infinity":59,"s:124:6:126:Infinity":60,"b:127:15:132:Infinity:131:15:132:Infinity":6,"s:127:15:132:Infinity":61,"s:128:6:130:Infinity":62,"b:131:15:132:Infinity:undefined:undefined:undefined:undefined":7,"s:131:15:132:Infinity":63,"s:132:6:132:Infinity":64,"s:135:2:135:Infinity":65,"f:140:22:140:62":9,"s:141:21:141:47":66,"s:142:54:147:4":67,"s:150:18:150:55":68,"f:150:32:150:36":10,"s:150:41:150:54":69,"s:151:16:151:54":70,"s:152:18:152:71":71,"f:152:32:152:36":11,"s:152:41:152:69":72,"s:154:21:162:16":73,"f:155:5:155:9":12,"s:156:19:156:Infinity":74,"b:156:19:156:45:156:49:156:Infinity":8,"s:157:23:157:Infinity":75,"s:158:24:158:Infinity":76,"s:159:6:159:Infinity":77,"f:161:5:161:11":13,"s:161:20:161:44":78,"s:164:20:164:34":79,"s:165:2:165:Infinity":80,"s:167:15:167:Infinity":81,"s:168:19:168:54":82,"s:170:2:184:Infinity":83,"f:170:12:170:27":14,"s:171:16:171:59":84,"s:172:19:172:49":85,"s:173:4:173:Infinity":86,"s:175:4:175:Infinity":87,"s:176:4:176:Infinity":88,"s:177:4:177:Infinity":89,"s:178:4:178:Infinity":90,"s:179:4:179:Infinity":91,"s:181:4:181:Infinity":92,"s:182:4:182:Infinity":93,"s:183:4:183:Infinity":94,"s:186:2:186:Infinity":95,"f:191:16:191:44":15,"s:192:20:192:34":96,"b:193:2:193:Infinity:undefined:undefined:undefined:undefined":9,"s:193:2:193:Infinity":97,"s:193:33:193:Infinity":98,"s:195:17:195:Infinity":99,"s:196:16:196:41":100,"s:197:2:206:Infinity":101,"s:198:21:198:47":102,"s:199:4:206:Infinity":103,"s:200:19:200:40":104,"b:201:6:203:Infinity:undefined:undefined:undefined:undefined":10,"s:201:6:203:Infinity":105,"s:202:8:202:Infinity":106,"s:203:8:203:Infinity":107,"s:206:6:206:Infinity":108}}}
,"D:\\CONG VIEC\\quan-ly-team-claude\\packages\\api\\src\\services\\quota-forecast-service.ts": {"path":"D:\\CONG VIEC\\quan-ly-team-claude\\packages\\api\\src\\services\\quota-forecast-service.ts","statementMap":{"0":{"start":{"line":28,"column":12},"end":{"line":28,"column":null}},"1":{"start":{"line":29,"column":2},"end":{"line":29,"column":null}},"2":{"start":{"line":29,"column":13},"end":{"line":29,"column":null}},"3":{"start":{"line":30,"column":15},"end":{"line":30,"column":null}},"4":{"start":{"line":30,"column":39},"end":{"line":30,"column":48}},"5":{"start":{"line":31,"column":15},"end":{"line":31,"column":null}},"6":{"start":{"line":31,"column":39},"end":{"line":31,"column":48}},"7":{"start":{"line":32,"column":12},"end":{"line":32,"column":15}},"8":{"start":{"line":32,"column":21},"end":{"line":32,"column":null}},"9":{"start":{"line":33,"column":2},"end":{"line":35,"column":null}},"10":{"start":{"line":34,"column":4},"end":{"line":34,"column":null}},"11":{"start":{"line":35,"column":4},"end":{"line":35,"column":null}},"12":{"start":{"line":37,"column":16},"end":{"line":37,"column":null}},"13":{"start":{"line":38,"column":20},"end":{"line":38,"column":null}},"14":{"start":{"line":39,"column":2},"end":{"line":39,"column":null}},"15":{"start":{"line":47,"column":2},"end":{"line":47,"column":null}},"16":{"start":{"line":47,"column":25},"end":{"line":47,"column":null}},"17":{"start":{"line":48,"column":2},"end":{"line":48,"column":null}},"18":{"start":{"line":48,"column":25},"end":{"line":48,"column":null}},"19":{"start":{"line":49,"column":2},"end":{"line":49,"column":null}},"20":{"start":{"line":49,"column":25},"end":{"line":49,"column":null}},"21":{"start":{"line":50,"column":2},"end":{"line":50,"column":null}},"22":{"start":{"line":50,"column":24},"end":{"line":50,"column":null}},"23":{"start":{"line":51,"column":2},"end":{"line":51,"column":null}},"24":{"start":{"line":68,"column":17},"end":{"line":71,"column":35}},"25":{"start":{"line":73,"column":2},"end":{"line":78,"column":null}},"26":{"start":{"line":74,"column":4},"end":{"line":78,"column":null}},"27":{"start":{"line":81,"column":21},"end":{"line":81,"column":null}},"28":{"start":{"line":82,"column":25},"end":{"line":82,"column":null}},"29":{"start":{"line":83,"column":22},"end":{"line":83,"column":null}},"30":{"start":{"line":85,"column":2},"end":{"line":90,"column":null}},"31":{"start":{"line":86,"column":4},"end":{"line":90,"column":null}},"32":{"start":{"line":93,"column":21},"end":{"line":93,"column":85}},"33":{"start":{"line":94,"column":8},"end":{"line":94,"column":null}},"34":{"start":{"line":97,"column":2},"end":{"line":102,"column":null}},"35":{"start":{"line":98,"column":4},"end":{"line":102,"column":null}},"36":{"start":{"line":105,"column":2},"end":{"line":111,"column":null}},"37":{"start":{"line":106,"column
[...]
":{"line":94,"column":6},"end":{"line":94,"column":57}},"line":94},"18":{"name":"(anonymous_18)","decl":{"start":{"line":95,"column":4},"end":{"line":95,"column":21}},"loc":{"start":{"line":95,"column":21},"end":{"line":95,"column":null}},"line":95},"19":{"name":"(anonymous_19)","decl":{"start":{"line":96,"column":4},"end":{"line":96,"column":14}},"loc":{"start":{"line":96,"column":27},"end":{"line":96,"column":null}},"line":96},"20":{"name":"useUnassignUser","decl":{"start":{"line":100,"column":16},"end":{"line":100,"column":34}},"loc":{"start":{"line":100,"column":34},"end":{"line":107,"column":null}},"line":100},"21":{"name":"(anonymous_21)","decl":{"start":{"line":103,"column":4},"end":{"line":103,"column":17}},"loc":{"start":{"line":104,"column":6},"end":{"line":104,"column":59}},"line":104},"22":{"name":"(anonymous_22)","decl":{"start":{"line":105,"column":4},"end":{"line":105,"column":21}},"loc":{"start":{"line":105,"column":21},"end":{"line":105,"column":null}},"line":105},"23":{"name":"(anonymous_23)","decl":{"start":{"line":106,"column":4},"end":{"line":106,"column":14}},"loc":{"start":{"line":106,"column":27},"end":{"line":106,"column":null}},"line":106},"24":{"name":"useAvailableUsers","decl":{"start":{"line":111,"column":16},"end":{"line":111,"column":36}},"loc":{"start":{"line":111,"column":36},"end":{"line":115,"column":null}},"line":111},"25":{"name":"(anonymous_25)","decl":{"start":{"line":114,"column":4},"end":{"line":114,"column":19}},"loc":{"start":{"line":114,"column":19},"end":{"line":114,"column":null}},"line":114},"26":{"name":"useTransferOwnership","decl":{"start":{"line":118,"column":16},"end":{"line":118,"column":39}},"loc":{"start":{"line":118,"column":39},"end":{"line":125,"column":null}},"line":118},"27":{"name":"(anonymous_27)","decl":{"start":{"line":121,"column":4},"end":{"line":121,"column":17}},"loc":{"start":{"line":122,"column":6},"end":{"line":122,"column":76}},"line":122},"28":{"name":"(anonymous_28)","decl":{"start":{"line":123,"column":4},"end":{"line":123,"column":21}},"loc":{"start":{"line":123,"column":21},"end":{"line":123,"column":null}},"line":123},"29":{"name":"(anonymous_29)","decl":{"start":{"line":124,"column":4},"end":{"line":124,"column":14}},"loc":{"start":{"line":124,"column":27},"end":{"line":124,"column":null}},"line":124},"30":{"name":"exportSeatCredential","decl":{"start":{"line":129,"column":22},"end":{"line":129,"column":43}},"loc":{"start":{"line":129,"column":78},"end":{"line":140,"column":null}},"line":129}},"branchMap":{"0":{"loc":{"start":{"line":57,"column":6},"end":{"line":57,"column":null}},"type":"if","locations":[{"start":{"line":57,"column":6},"end":{"line":57,"column":null}},{"start":{},"end":{}}],"line":57},"1":{"loc":{"start":{"line":58,"column":20},"end":{"line":58,"column":89}},"type":"cond-expr","locations":[{"start":{"line":58,"column":37},"end":{"line":58,"column":67}},{"start":{"line":58,"column":67},"end":{"line":58,"column":89}}],"line":58}},"s":{"0":1,"1":1,"2":4,"3":2,"4":2,"5":2,"6":1,"7":1,"8":1,"9":0,"10":1,"11":0,"12":0,"13":0,"14":0,"15":0,"16":0,"17":0,"18":0,"19":0,"20":2,"21":2,"22":1,"23":1,"24":1,"25":0,"26":0,"27":0,"28":0,"29":0,"30":0,"31":0,"32":0,"33":0,"34":0,"35":0,"36":0,"37":0,"38":0,"39":0,"40":0,"41":0,"42":0,"43":0,"44":0,"45":0,"46":0,"47":0,"48":0,"49":0,"50":0,"51":0,"52":0,"53":0,"54":0,"55":0},"f":{"0":4,"1":2,"2":2,"3":1,"4":1,"5":0,"6":0,"7":0,"8":0,"9":0,"10":0,"11":0,"12":2,"13":1,"14":1,"15":0,"16":0,"17":0,"18":0,"19":0,"20":0,"21":0,"22":0,"23":0,"24":0,"25":0,"26":0,"27":0,"28":0,"29":0,"30":0},"b":{"0":[0,1],"1":[0,1]},"meta":{"lastBranch":2,"lastFunction":31,"lastStatement":56,"seen":{"s:20:12:20:21":0,"s:21:28:21:56":1,"f:23:16:23:27":0,"s:24:2:24:Infinity":2,"f:24:54:24:69":1,"s:24:69:24:92":3,"f:50:16:50:32":2,"s:51:8:51:29":4,"s:52:2:61:Infinity":5,"f:53:4:53:17":3,"s:53:45:53:73":6,"f:54:4:54:16":4,"s:55:6:55:Infinity":7,"b:57:6:57:Infinity:undefined:undefined:undefined:undefined":0,"s:57:6:57:Infinity":8,"s:57:28:57:Infinity":9,"s:58:6:58:Infinity":10,"b:58:37:58:67:58:67:58:89":1,"f:60:4:60:14":5,"s:60:27:60:Infinity":11,"f:64:16:64:38":6,"s:65:2:68:Infinity":12,"f:66:4:66:17":7,"s:67:6:67:85":13,"f:71:16:71:32":8,"s:72:8:72:29":14,"s:73:2:78:Infinity":15,"f:74:4:74:17":9,"s:75:6:75:39":16,"f:76:4:76:21":10,"s:76:23:76:64":17,"s:76:64:76:Infinity":18,"f:77:4:77:14":11,"s:77:27:77:Infinity":19,"f:81:16:81:32":12,"s:82:8:82:29":20,"s:83:2:87:Infinity":21,"f:84:4:84:17":13,"s:84:32:84:62":22,"f:85:4:85:21":14,"s:85:23:85:64":23,"s:85:64:85:Infinity":24,"f:86:4:86:14":15,"s:86:27:86:Infinity":25,"f:90:16:90:32":16,"s:91:8:91:29":26,"s:92:2:97:Infinity":27,"f:93:4:93:17":17,"s:94:6:94:57":28,"f:95:4:95:21":18,"s:95:23:95:64":29,"s:95:64:95:Infinity":30,"f:96:4:96:14":19,"s:96:27:96:Infinity":31,"f:100:16:100:34":20,"s:101:8:101:29":32,"s:102:2:107:Infinity":33,"f:103:4:103:17":21,"s:104:6:104:59":34,"f:105:4:105:21":22,"s:105:23:105:64":35,"s:105:64:105:Infinity":36,"f:106:4:106:14":23,"s:106:27:106:Infinity":37,"f:111:16:111:36":24,"s:112:2:115:Infinity":38,"f:114:4:114:19":25,"s:114:19:114:Infinity":39,"f:118:16:118:39":26,"s:119:8:119:29":40,"s:120:2:125:Infinity":41,"f:121:4:121:17":27,"s:122:6:122:76":42,"f:123:4:123:21":28,"s:123:23:123:64":43,"s:123:64:123:Infinity":44,"f:124:4:124:14":29,"s:124:27:124:Infinity":45,"f:129:22:129:43":30,"s:130:15:130:71":46,"s:131:2:140:Infinity":47,"s:132:17:132:100":48,"s:133:16:133:41":49,"s:134:14:134:41":50,"s:135:4:135:Infinity":51,"s:136:4:136:Infinity":52,"s:137:4:137:Infinity":53,"s:138:4:138:Infinity":54,"s:140:4:140:Infinity":55}}}
,"D:\\CONG VIEC\\quan-ly-team-claude\\packages\\web\\src\\lib\\api-client.ts": {"path":"D:\\CONG VIEC\\quan-ly-team-claude\\packages\\web\\src\\lib\\api-client.ts","statementMap":{"0":{"start":{"line":3,"column":14},"end":{"line":7,"column":4}},"1":{"start":{"line":8,"column":2},"end":{"line":10,"column":null}},"2":{"start":{"line":9,"column":4},"end":{"line":9,"column":null}},"3":{"start":{"line":10,"column":4},"end":{"line":10,"column":null}},"4":{"start":{"line":12,"column":2},"end":{"line":14,"column":null}},"5":{"start":{"line":13,"column":17},"end":{"line":13,"column":51}},"6":{"start":{"line":13,"column":47},"end":{"line":13,"column":49}},"7":{"start":{"line":14,"column":4},"end":{"line":14,"column":null}},"8":{"start":{"line":16,"column":2},"end":{"line":16,"column":null}},"9":{"start":{"line":16,"column":26},"end":{"line":16,"column":null}},"10":{"start":{"line":17,"column":2},"end":{"line":17,"column":null}},"11":{"start":{"line":20,"column":19},"end":{"line":30,"column":null}},"12":{"start":{"line":21,"column":27},"end":{"line":21,"column":42}},"13":{"start":{"line":23,"column":4},"end":{"line":23,"column":86}},"14":{"start":{"line":25,"column":4},"end":{"line":25,"column":85}},"15":{"start":{"line":27,"column":4},"end":{"line":27,"column":87}},"16":{"start":{"line":29,"column":4},"end":{"line":29,"column":null}}},"fnMap":{"0":{"name":"request","decl":{"start":{"line":2,"column":15},"end":{"line":2,"column":26}},"loc":{"start":{"line":2,"column":74},"end":{"line":17,"column":null}},"line":2},"1":{"name":"(anonymous_1)","decl":{"start":{"line":13,"column":34},"end":{"line":13,"column":47}},"loc":{"start":{"line":13,"column":47},"end":{"line":13,"column":49}},"line":13},"2":{"name":"(anonymous_2)","decl":{"start":{"line":21,"column":2},"end":{"line":21,"column":11}},"loc":{"start":{"line":21,"column":27},"end":{"line":21,"column":42}},"line":21},"3":{"name":"(anonymous_3)","decl":{"start":{"line":22,"column":2},"end":{"line":22,"column":12}},"loc":{"start":{"line":23,"column":4},"end":{"line":23,"column":86}},"line":23},"4":{"name":"(anonymous_4)","decl":{"start":{"line":24,"column":2},"end":{"line":24,"column":11}},"loc":{"start":{"line":25,"column":4},"end":{"line":25,"column":85}},"line":25},"5":{"name":"(anonymous_5)","decl":{"start":{"line":26,"column":2},"end":{"line":26,"column":13}},"loc":{"start":{"line":27,"column":4},"end":{"line":27,"column":87}},"line":27},"6":{"name":"(anonymous_6)","decl":{"start":{"line":28,"column":2},"end":{"line":28,"column":14}},"loc":{"start":{"line":29,"column":4},"end":{"line":29,"column":null}},"line":29}},"branchMap":{"0":{"loc":{"start":{"line":8,"column":2},"end":{"line":10,"column":null}},"type":"if","locations":[{"start":{"line":8,"column":2},"end":{"line":10,"column":null}},{"start":{},"end":{}}],"line":8},"1":{"loc":{"start":{"line":12,"column":2},"end":{"line":14,"column":null}},"type":"if","locations":[{"start":{"line":12,"column":2},"end":{"line":14,"column":null}},{"start":{},"end":{}}],"line":12},"2":{"loc":{"start":{"line":14,"column":21},"end":{"line":14,"column":73}},"type":"binary-expr","locations":[{"start":{"line":14,"column":21},"end":{"line":14,"column":58}},{"start":{"line":14,"column":58},"end":{"line":14,"column":73}}],"line":14},"3":{"loc":{"start":{"line":16,"column":2},"end":{"line":16,"column":null}},"type":"if","locations":[{"start":{"line":16,"column":2},"end":{"line":16,"column":null}},{"start":{},"end":{}}],"line":16},"4":{"loc":{"start":{"line":23,"column":44},"end":{"line":23,"column":85}},"type":"cond-expr","locations":[{"start":{"line":23,"column":51},"end":{"line":23,"column":71}},{"start":{"line":23,"column":74},"end":{"line":23,"column":85}}],"line":23},"5":{"loc":{"start":{"line":25,"column":43},"end":{"line":25,"column":84}},"type":"cond-expr","locations":[{"start":{"line":25,"column":50},"end":{"line":25,"column":70}},{"start":{"line":25,"column":73},"end":{"line":25,"column":84}}],"line":25},"6":{"loc":{"start":{"line":27,"column":45},"end":{"line":27,"column":86}},"type":"cond-expr","locations":[{"start":{"line":27,"column":52},"end":{"line":27,"column":72}},{"start":{"line":27,"column":75},"end":{"line":27,"column":86}}],"line":27},"7":{"loc":{"start":{"line":29,"column":46},"end":{"line":29,"column":87}},"type":"cond-expr","locations":[{"start":{"line":29,"column":53},"end":{"line":29,"column":73}},{"start":{"line":29,"column":76},"end":{"line":29,"column":87}}],"line":29}},"s":{"0":18,"1":18,"2":0,"3":0,"4":18,"5":4,"6":0,"7":4,"8":14,"9":2,"10":12,"11":4,"12":10,"13":5,"14":0,"15":0,"16":3},"f":{"0":18,"1":0,"2":10,"3":5,"4":0,"5":0,"6":3},"b":{"0":[0,18],"1":[4,14],"2":[4,0],"3":[2,12],"4":[4,1],"5":[0,0],"6":[0,0],"7":[0,3]},"meta":{"lastBranch":8,"lastFunction":7,"lastStatement":17,"seen":{"f:2:15:2:26":0,"s:3:14:7:4":0,"b:8:2:10:Infinity:undefined:undefined:undefined:undefined":0,"s:8:2:10:Infinity":1,"s:9:4:9:Infinity":2,"s:10:4:10:Infinity":3,"b:12:2:14:Infinity:undefined:undefined:undefined:undefined":1,"s:12:2:14:Infinity":4,"s:13:17:13:51":5,"f:13:34:13:47":1,"s:13:47:13:49":6,"s:14:4:14:Infinity":7,"b:14:21:14:58:14:58:14:73":2,"b:16:2:16:Infinity:undefined:undefined:undefined:undefined":3,"s:16:2:16:Infinity":8,"s:16:26:16:Infinity":9,"s:17:2:17:Infinity":10,"s:20:19:30:Infinity":11,"f:21:2:21:11":2,"s:21:27:21:42":12,"f:22:2:22:12":3,"s:23:4:23:86":13,"b:23:51:23:71:23:74:23:85":4,"f:24:2:24:11":4,"s:25:4:25:85":14,"b:25:50:25:70:25:73:25:84":5,"f:26:2:26:13":5,"s:27:4:27:87":15,"b:27:52:27:72:27:75:27:86":6,"f:28:2:28:14":6,"s:29:4:29:Infinity":16,"b:29:53:29:73:29:76:29:87":7}}}
,"D:\\CONG VIEC\\quan-ly-team-claude\\packages\\web\\src\\lib\\format-reset.ts": {"path":"D:\\CONG VIEC\\quan-ly-team-claude\\packages\\web\\src\\lib\\format-reset.ts","statementMap":{"0":{"start":{"line":3,"column":17},"end":{"line":3,"column":null}},"1":{"start":{"line":13,"column":12},"end":{"line":13,"column":49}},"2":{"start":{"line":14,"column":12},"end":{"line":14,"column":51}},"3":{"start":{"line":15,"column":2},"end":{"line":15,"column":null}},"4":{"start":{"line":20,"column":13},"end":{"line":20,"column":null}},"5":{"start":{"line":21,"column":13},"end":{"line":21,"column":49}},"6":{"start":{"line":22,"column":13},"end":{"line":22,"column":54}},"7":{"start":{"line":23,"column":2},"end":{"line":23,"column":null}},"8":{"start":{"line":28,"column":15},"end":{"line":28,"column":42}},"9":{"start":{"line":29,"column":2},"end":{"line":29,"column":null}},"10":{"start":{"line":29,"column":17},"end":{"line":29,"column":null}},"11":{"start":{"line":30,"column":12},"end":{"line":30,"column":33}},"12":{"start":{"line":31,"column":14},"end":{"line":31,"column":null}},"13":{"start":{"line":32,"column":2},"end":{"line":32,"column":null}},"14":{"start":{"line":49,"column":2},"end":{"line":49,"column":null}},"15":{"start":{"line":49,"column":19},"end":{"line":49,"column":null}},"16":{"start":{"line":50,"column":17},"end":{"line":50,"column":30}},"17":{"start":{"line":51,"column":17},"end":{"line":51,"column":49}},"18":{"start":{"line":53,"column":2},"end":{"line":53,"column":null}},"19":{"start":{"line":53,"column":19},"end":{"line":53,"column":null}},"20":{"start":{"line":55,"column":16},"end":{"line":55,"column":39}},"21":{"start":{"line":57,"column":2},"end":{"line":58,"column":null}},"22":{"start":{"line":58,"column":4},"end":{"line":58,"column":null}},"23":{"start":{"line":62,"column":4},"end":{"line":64,"column":38}},"24":{"start":{"line":66,"column":8},"end":{"line":74,"column":null}},"25":{"start":{"line":67,"column":14},"end":{"line":67,"column":27}},"26":{"start":{"line":68,"column":4},"end":{"line":68,"column":null}},"27":{"start":{"line":69,"column":4},"end":{"line":72,"column":null}},"28":{"start":{"line":76,"column":2},"end":{"line":77,"column":null}},"29":{"start":{"line":77,"column":4},"end":{"line":77,"column":null}},"30":{"start":{"line":79,"column":2},"end":{"line":84,"column":null}},"31":{"start":{"line":81,"column":17},"end":{"line":81,"column":44}},"32":{"start":{"line":82,"column":14},"end":{"line":82,"column":35}},"33":{"start":{"line":83,"column":16},"end":{"line":83,"column":null}},"34":{"start":{"line":84,"column":4},"end":{"line":84,"column":null}},"35":{"start":{"line":87,"column":15},"end":{"line":87,"column":51}},"36":{"start":{"line":88,"column":2},"end":{"line":92,"column":null}}},"fnMap":{"0":{"name":"formatClockTime","decl":{"start":{"line":12,"column":16},"end":{"line":12,"column":32}},"loc":{"start":{"line":12,"column":49},"end":{"line":15,"column":null}},"line":12},"1":{"name":"formatDateLabel","decl":{"start":{"line":19,"column":16},"end":{"line":19,"column":32}},"loc":{"start":{"line":19,"column":49},"end":{"line":23,"column":null}},"line":19},"2":{"name":"formatRelative","decl":{"start":{"line":27,"column":16},"end":{"line":27,"column":31}},"loc":{"start":{"line":27,"column":55},"end":{"line":32,"column":null}},"line":27},"3":{"name":"formatResetTime","decl":{"start":{"line":48,"column":16},"end":{"line":48,"column":32}},"loc":{"start":{"line":48,"column":89},"end":{"line":92,"column":null}},"line":48},"4":{"name":"(anonymous_4)","decl":{"start":{"line":66,"column":8},"end":{"line":66,"column":25}},"loc":{"start":{"line":66,"column":25},"end":{"line":74,"column":null}},"line":66}},"branchMap":{"0":{"loc":{"start":{"line":29,"column":2},"end":{"line":29,"column":null}},"type":"if","locations":[{"start":{"line":29,"column":2},"end":{"line":29,"column":null}},{"start":{},"end":{}}],"line":29},"1":{"loc":{"start":{"line":32,"column":9},"end":{"line":32,"column":null}},"type":"cond-expr","locations":[{"start":{"line":32,"column":21},"end":{"line":32,"column":31}},{"start":{"line":32,"column":31},"end":{"line":32,"column":null}}],"line":32},"2":{"loc":{"start":{"line":48,"column":52},"end":{"line":48,"column":74}},"type":"default-arg","locations":[{"start":{"line":48,"column":64},"end":{"line":48,"column":74}}],"line":48},"3":{"loc":{"start":{"line":49,"column":2},"end":{"line":49,"column":null}},"type":"if","locations":[{"start":{"line":49,"column":2},"end":{"line":49,"column":null}},{"start":{},"end":{}}],"line":49},"4":{"loc":{"start":{"line":53,"column":2},"end":{"line":53,"column":null}},"type":"if","locations":[{"start":{"line":53,"column":2},"end":{"line":53,"column":null}},{"start":{},"end":{}}],"line":53},"5":{"loc":{"start":{"line":57,"column":2},"end":{"line":58,"column":null}},"type":"if","locations":[{"start":{"line":57,"column":2},"end":{"line":58,"column":null}},{"start":{},"end":{}}],"line":57},"6":{"loc":{"start":{"line":62,"column":4},"end":{"line":64,"column":38}},"type":"binary-expr","locations":[{"start":{"line":62,"column":4},"end":{"line":62,"column":46}},{"start":{"line":63,"column":4},"end":{"line":63,"column":40}},{"start":{"line":64,"column":4},"end":{"line":64,"column":38}}],"line":62},"7":{"loc":{"start":{"line":70,"column":6},"end":{"line":72,"column":38}},"type":"binary-expr","locations":[{"start":{"line":70,"column":6},"end":{"line":70,"column":46}},{"start":{"line":71,"column":6},"end":{"line":71,"column":40}},{"start":{"line":72,"column":6},"end":{"line":72,"column":38}}],"line":70},"8":{"loc":{"start":{"line":76,"column":2},"end":{"line":77,"column":null}},"type":"if","locations":[{"start":{"line":76,"column":2},"end":{"line":77,"column":null}},{"start":{},"end":{}}],"line":76},"9":{"loc":{"start":{"line":79,"column":2},"end":{"line":84,"column":null}},"type":"if","locations":[{"start":{"line":79,"column":2},"end":{"line":84,"column":null}},{"start":{},"end":{}}],"line":79}},"s":{"0":1,"1":6,"2":6,"3":6,"4":1,"5":1,"6":1,"7":1,"8":3,"9":3,"10":2,"11":1,"12":1,"13":1,"14":8,"15":1,"16":7,"17":7,"18":7,"19":1,"20":6,"21":6,"22":1,"23":5,"24":8,"25":5,"26":5,"27":5,"28":8,"29":3,"30":2,"31":1,"32":1,"33":1,"34":1,"35":1,"36":1},"f":{"0":6,"1":1,"2":3,"3":8,"4":5},"b":{"0":[2,1],"1":[0,1],"2":[8],"3":[1,7],"4":[1,6],"5":[1,5],"6":[5,5,5],"7":[5,5,5],"8":[3,5],"9":[1,1]},"meta":{"lastBranch":10,"lastFunction":5,"lastStatement":37,"seen":{"s:3:17:3:Infinity":0,"f:12:16:12:32":0,"s:13:12:13:49":1,"s:14:12:14:51":2,"s:15:2:15:Infinity":3,"f:19:16:19:32":1,"s:20:13:20:Infinity":4,"s:21:13:21:49":5,"s:22:13:22:54":6,"s:23:2:23:Infinity":7,"f:27:16:27:31":2,"s:28:15:28:42":8,"b:29:2:29:Infinity:undefined:undefined:undefined:undefined":0,"s:29:2:29:Infinity":9,"s:29:17:29:Infinity":10,"s:30:12:30:33":11,"s:31:14:31:Infinity":12,"s:32:2:32:Infinity":13,"b:32:21:32:31:32:31:32:Infinity":1,"f:48:16:48:32":3,"b:48:64:48:74":2,"b:49:2:49:Infinity:undefined:undefined:undefined:undefined":3,"s:49:2:49:Infinity":14,"s:49:19:49:Infinity":15,"s:50:17:50:30":16,"s:51:17:51:49":17,"b:53:2:53:Infinity:undefined:undefined:undefined:undefined":4,"s:53:2:53:Infinity":18,"s:53:19:53:Infinity":19,"s:55:16:55:39":20,"b:57:2:58:Infinity:undefined:undefined:undefined:undefined":5,"s:57:2:58:Infinity":21,"s:58:4:58:Infinity":22,"s:62:4:64:38":23,"b:62:4:62:46:63:4:63:40:64:4:64:38":6,"s:66:8:74:Infinity":24,"f:66:8:66:25":4,"s:67:14:67:27":25,"s:68:4:68:Infinity":26,"s:69:4:72:Infinity":27,"b:70:6:70:46:71:6:71:40:72:6:72:38":7,"b:76:2:77:Infinity:undefined:undefined:undefined:undefined":8,"s:76:2:77:Infinity":28,"s:77:4:77:Infinity":29,"b:79:2:84:Infinity:undefined:undefined:undefined:undefined":9,"s:79:2:84:Infinity":30,"s:81:17:81:44":31,"s:82:14:82:35":32,"s:83:16:83:Infinity":33,"s:84:4:84:Infinity":34,"s:87:15:87:51":35,"s:88:2:92:Infinity":36}}}
,"D:\\CONG VIEC\\quan-ly-team-claude\\tests\\helpers\\query-wrapper.tsx": {"path":"D:\\CONG VIEC\\quan-ly-team-claude\\tests\\helpers\\query-wrapper.tsx","statementMap":{"0":{"start":{"line":5,"column":22},"end":{"line":7,"column":4}},"1":{"start":{"line":8,"column":2},"end":{"line":9,"column":null}},"2":{"start":{"line":9,"column":4},"end":{"line":9,"column":null}}},"fnMap":{"0":{"name":"createTestQueryWrapper","decl":{"start":{"line":4,"column":16},"end":{"line":4,"column":41}},"loc":{"start":{"line":4,"column":41},"end":{"line":9,"column":null}},"line":4},"1":{"name":"(anonymous_1)","decl":{"start":{"line":8,"column":2},"end":{"line":8,"column":10}},"loc":{"start":{"line":9,"column":4},"end":{"line":9,"column":null}},"line":9}},"branchMap":{},"s":{"0":20,"1":20,"2":20},"f":{"0":20,"1":20},"b":{},"meta":{"lastBranch":0,"lastFunction":2,"lastStatement":3,"seen":{"f:4:16:4:41":0,"s:5:22:7:4":0,"s:8:2:9:Infinity":1,"f:8:2:8:10":1,"s:9:4:9:Infinity":2}}}
}
