{"D:\\CONG VIEC\\quan-ly-team-claude\\packages\\api\\src\\models\\seat.ts": {"path":"D:\\CONG VIEC\\quan-ly-team-claude\\packages\\api\\src\\models\\seat.ts","statementMap":{"0":{"start":{"line":42,"column":19},"end":{"line":83,"column":null}},"1":{"start":{"line":90,"column":0},"end":{"line":90,"column":null}},"2":{"start":{"line":95,"column":28},"end":{"line":98,"column":null}},"3":{"start":{"line":96,"column":17},"end":{"line":96,"column":33}},"4":{"start":{"line":97,"column":2},"end":{"line":98,"column":null}},"5":{"start":{"line":98,"column":4},"end":{"line":98,"column":null}},"6":{"start":{"line":101,"column":0},"end":{"line":101,"column":null}},"7":{"start":{"line":102,"column":0},"end":{"line":102,"column":null}},"8":{"start":{"line":103,"column":0},"end":{"line":103,"column":null}},"9":{"start":{"line":109,"column":0},"end":{"line":117,"column":null}},"10":{"start":{"line":111,"column":4},"end":{"line":113,"column":null}},"11":{"start":{"line":112,"column":6},"end":{"line":112,"column":null}},"12":{"start":{"line":113,"column":6},"end":{"line":113,"column":null}},"13":{"start":{"line":115,"column":4},"end":{"line":115,"column":null}},"14":{"start":{"line":119,"column":20},"end":{"line":119,"column":61}}},"fnMap":{"0":{"name":"(anonymous_0)","decl":{"start":{"line":95,"column":28},"end":{"line":95,"column":78}},"loc":{"start":{"line":95,"column":78},"end":{"line":98,"column":null}},"line":95},"1":{"name":"(anonymous_1)","decl":{"start":{"line":110,"column":2},"end":{"line":110,"column":14}},"loc":{"start":{"line":110,"column":38},"end":{"line":117,"column":2}},"line":110}},"branchMap":{"0":{"loc":{"start":{"line":97,"column":2},"end":{"line":98,"column":null}},"type":"if","locations":[{"start":{"line":97,"column":2},"end":{"line":98,"column":null}},{"start":{},"end":{}}],"line":97},"1":{"loc":{"start":{"line":111,"column":4},"end":{"line":113,"column":null}},"type":"if","locations":[{"start":{"line":111,"column":4},"end":{"line":113,"column":null}},{"start":{},"end":{}}],"line":111}},"s":{"0":1,"1":1,"2":1,"3":0,"4":0,"5":0,"6":1,"7":1,"8":1,"9":1,"10":0,"11":0,"12":0,"13":0,"14":1},"f":{"0":0,"1":0},"b":{"0":[0,0],"1":[0,0]},"meta":{"lastBranch":2,"lastFunction":2,"lastStatement":15,"seen":{"s:42:19:83:Infinity":0,"s:90:0:90:Infinity":1,"s:95:28:98:Infinity":2,"f:95:28:95:78":0,"s:96:17:96:33":3,"b:97:2:98:Infinity:undefined:undefined:undefined:undefined":0,"s:97:2:98:Infinity":4,"s:98:4:98:Infinity":5,"s:101:0:101:Infinity":6,"s:102:0:102:Infinity":7,"s:103:0:103:Infinity":8,"s:109:0:117:Infinity":9,"f:110:2:110:14":1,"b:111:4:113:Infinity:undefined:undefined:undefined:undefined":1,"s:111:4:113:Infinity":10,"s:112:6:112:Infinity":11,"s:113:6:113:Infinity":12,"s:115:4:115:Infinity":13,"s:119:20:119:61":14}}}
,"D:\\CONG VIEC\\quan-ly-team-claude\\packages\\api\\src\\models\\usage-snapshot.ts": {"path":"D:\\CONG VIEC\\quan-ly-team-claude\\packages\\api\\src\\models\\usage-snapshot.ts","statementMap":{"0":{"start":{"line":23,"column":28},"end":{"line":41,"column":2}},"1":{"start":{"line":44,"column":0},"end":{"line":44,"column":null}},"2":{"start":{"line":47,"column":0},"end":{"line":47,"column":null}},"3":{"start":{"line":51,"column":29},"end":{"line":52,"column":null}},"4":{"start":{"line":56,"column":0},"end":{"line":58,"column":null}}},"fnMap":{"0":{"name":"(anonymous_0)","decl":{"start":{"line":56,"column":51},"end":{"line":56,"column":63}},"loc":{"start":{"line":56,"column":63},"end":{"line":58,"column":null}},"line":56}},"branchMap":{},"s":{"0":1,"1":1,"2":1,"3":1,"4":1},"f":{"0":0},"b":{},"meta":{"lastBranch":0,"lastFunction":1,"lastStatement":5,"seen":{"s:23:28:41:2":0,"s:44:0:44:Infinity":1,"s:47:0:47:Infinity":2,"s:51:29:52:Infinity":3,"s:56:0:58:Infinity":4,"f:56:51:56:63":0}}}
,"D:\\CONG VIEC\\quan-ly-team-claude\\packages\\api\\src\\models\\user.ts": {"path":"D:\\CONG VIEC\\quan-ly-team-claude\\packages\\api\\src\\models\\user.ts","statementMap":{"0":{"start":{"line":46,"column":19},"end":{"line":89,"column":null}},"1":{"start":{"line":93,"column":0},"end":{"line":101,"column":null}},"2":{"start":{"line":95,"column":21},"end":{"line":95,"column":null}},"3":{"start":{"line":96,"column":4},"end":{"line":96,"column":null}},"4":{"start":{"line":97,"column":4},"end":{"line":97,"column":null}},"5":{"start":{"line":98,"column":4},"end":{"line":98,"column":null}},"6":{"start":{"line":99,"column":4},"end":{"line":99,"column":null}},"7":{"start":{"line":103,"column":20},"end":{"line":103,"column":61}}},"fnMap":{"0":{"name":"(anonymous_0)","decl":{"start":{"line":94,"column":2},"end":{"line":94,"column":14}},"loc":{"start":{"line":94,"column":38},"end":{"line":101,"column":2}},"line":94}},"branchMap":{"0":{"loc":{"start":{"line":98,"column":27},"end":{"line":98,"column":null}},"type":"binary-expr","locations":[{"start":{"line":98,"column":27},"end":{"line":98,"column":39}},{"start":{"line":98,"column":39},"end":{"line":98,"column":null}}],"line":98}},"s":{"0":1,"1":1,"2":0,"3":0,"4":0,"5":0,"6":0,"7":1},"f":{"0":0},"b":{"0":[0,0]},"meta":{"lastBranch":1,"lastFunction":1,"lastStatement":8,"seen":{"s:46:19:89:Infinity":0,"s:93:0:101:Infinity":1,"f:94:2:94:14":0,"s:95:21:95:Infinity":2,"s:96:4:96:Infinity":3,"s:97:4:97:Infinity":4,"s:98:4:98:Infinity":5,"b:98:27:98:39:98:39:98:Infinity":0,"s:99:4:99:Infinity":6,"s:103:20:103:61":7}}}
,"D:\\CONG VIEC\\quan-ly-team-claude\\packages\\api\\src\\services\\bld-metrics-service.ts": {"path":"D:\\CONG VIEC\\quan-ly-team-claude\\packages\\api\\src\\services\\bld-metrics-service.ts","statementMap":{"0":{"start":{"line":30,"column":33},"end":{"line":30,"column":null}},"1":{"start":{"line":33,"column":14},"end":{"line":33,"column":null}},"2":{"start":{"line":34,"column":2},"end":{"line":34,"column":null}},"3":{"start":{"line":34,"column":12},"end":{"line":34,"column":null}},"4":{"start":{"line":35,"column":14},"end":{"line":35,"column":25}},"5":{"start":{"line":36,"column":2},"end":{"line":36,"column":null}},"6":{"start":{"line":36,"column":34},"end":{"line":36,"column":null}},"7":{"start":{"line":37,"column":2},"end":{"line":37,"column":null}},"8":{"start":{"line":41,"column":2},"end":{"line":41,"column":null}},"9":{"start":{"line":48,"column":2},"end":{"line":50,"column":null}},"10":{"start":{"line":50,"column":4},"end":{"line":50,"column":null}},"11":{"start":{"line":53,"column":2},"end":{"line":53,"column":null}},"12":{"start":{"line":53,"column":34},"end":{"line":53,"column":null}},"13":{"start":{"line":54,"column":20},"end":{"line":54,"column":76}},"14":{"start":{"line":54,"column":44},"end":{"line":54,"column":75}},"15":{"start":{"line":55,"column":2},"end":{"line":55,"column":null}},"16":{"start":{"line":61,"column":2},"end":{"line":61,"column":null}},"17":{"start":{"line":61,"column":28},"end":{"line":61,"column":null}},"18":{"start":{"line":62,"column":18},"end":{"line":66,"column":4}},"19":{"start":{"line":63,"column":50},"end":{"line":63,"column":81}},"20":{"start":{"line":67,"column":2},"end":{"line":67,"column":null}},"21":{"start":{"line":67,"column":27},"end":{"line":67,"column":92}},"22":{"start":{"line":71,"column":2},"end":{"line":71,"column":null}},"23":{"start":{"line":71,"column":27},"end":{"line":71,"column":null}},"24":{"start":{"line":72,"column":2},"end":{"line":72,"column":null}},"25":{"start":{"line":72,"column":33},"end":{"line":72,"column":40}},"26":{"start":{"line":81,"column":2},"end":{"line":81,"column":null}},"27":{"start":{"line":81,"column":28},"end":{"line":81,"column":null}},"28":{"start":{"line":83,"column":19},"end":{"line":83,"column":33}},"29":{"start":{"line":84,"column":2},"end":{"line":84,"column":null}},"30":{"start":{"line":85,"column":17},"end":{"line":85,"column":31}},"31":{"start":{"line":86,"column":2},"end":{"line":86,"column":null}},"32":{"start":{"line":88,"column":18},"end":{"line":97,"column":4}},"33":{"start":{"line":91,"column":42},"end":{"line":91,"column":73}},"34":{"start":{"line":98,"column":2},"end":{"line":98,"column":null}},"35":{"start":{"line":98,"column":28},"end":{"line":98,"column":null}},"36":{"start":{"line":99,"column":2},"end":{"line":99,"column":null}},"37":{"start":{"line":99,"column":30},"end":{"line":99,"column":42}},"38":{"start":{"line":104,"column":2},"end":{"line":104,"column":null}},"39":{"start":{"line":104,"column":28},"end":{"line":104,"column":null}},"40":{"start":{"line":105,"column":18},"end":{"line":115,"column":4}},"41":{"start":{"line":108,"column":42},"end":{"line":108,"column":73}},"42":{"start":{"line":116,"column":2},"end":{"line":116,"column":null}},"43":{"start":{"line":116,"column":28},"end":{"line":116,"column":null}},"44":{"start":{"line":117,"column":2},"end":{"line":117,"column":null}},"45":{"start":{"line":117,"column":30},"end":{"line":117,"column":51}},"46":{"start":{"line":123,"column":27},"end":{"line":123,"column":46}},"47":{"start":{"line":124,"column":16},"end":{"line":124,"column":44}},"48":{"start":{"line":125,"column":24},"end":{"line":125,"column":null}},"49":{"start":{"line":126,"column":23},"end":{"line":126,"column":null}},"50":{"start":{"line":128,"column":2},"end":{"line":133,"column":null}},"51":{"start":{"line":129,"column":4},"end":{"line":133,"column":null}},"52":{"start":{"line":136,"column":18},"end":{"line":136,"column":47}},"53":{"start":{"line":136,"column":33},"end":{"line":136,"column":46}},"54":{"start":{"line":137,"column":16},"end":{"line":137,"column":49}},"55":{"start":{"line":138,"column":18},"end":{"line":138,"column":54}},"56":{"start":{"line":138,"column":37},"end":{"line":138,"column":53}},"57":{"start":{"line":139,"column":19},"end":{"line":139,"column":null}},"58":{"start":{"line":141,"column":23},"end":{"line":141,"column":63}},"59":{"start":{"line":142,"column":16},"end":{"line":142,"column":26}},"60":{"start":{"line":143,"column":20},"end":{"line":143,"column":56}},"61":{"start":{"line":145,"column":72},"end":{"line":150,"column":4}},"62":{"start":{"line":152,"column":18},"end":{"line":152,"column":null}},"63":{"start":{"line":153,"column":18},"end":{"line":155,"column":null}},"64":{"start":{"line":157,"column":24},"end":{"line":157,"column":null}},"65":{"start":{"line":157,"column":44},"end":{"line":157,"column":68}},"66":{"start":{"line":159,"column":2},"end":{"line":172,"column":null}},"67":{"start":{"line":178,"column":27},"end":{"line":178,"column":46}},"68":{"start":{"line":179,"column":16},"end":{"line":179,"column":44}},"69":{"start":{"line":180,"column":2},"end":{"line":180,"column":null}},"70":{"start":{"line":180,"column":26},"end":{"line":180,"column":null}},"71":{"start":{"line":182,"column":18},"end":{"line":182,"column":47}},"72":{"start":{"line":182,"column":33},"end":{"line":182,"column":46}},"73":{"start":{"line":183,"column":35},"end":{"line":183,"column":37}},"74":{"start":{"line":184,"column":14},"end":{"line":184,"column":24}},"75":{"start":{"line":186,"column":2},"end":{"line":196,"column":null}},"76":{"start":{"line":186,"column":15},"end":{"line":186,"column":26}},"77":{"start":{"line":187,"column":22},"end":{"line":187,"column":75}},"78":{"start":{"line":188,"column":20},"end":{"line":188,"column":67}},"79":{"start":{"line":189,"column":20},"end":{"line":189,"column":63}},"80":{"start":{"line":190,"column":25},"end":{"line":190,"column":null}},"81":{"start":{"line":191,"column":21},"end":{"line":191,"column":null}},"82":{"start":{"line":192,"column":4},"end":{"line":196,"column":null}},"83":{"start":{"line":199,"column":2},"end":{"line":199,"column":null}},"84":{"start":{"line":205,"column":16},"end":{"line":205,"column":44}},"85":{"start":{"line":206,"column":2},"end":{"line":206,"column":null}},"86":{"start":{"line":206,"column":26},"end":{"line":206,"column":null}},"87":{"start":{"line":208,"column":18},"end":{"line":208,"column":76}},"88":{"start":{"line":208,"column":33},"end":{"line":208,"column":75}},"89":{"start":{"line":209,"column":20},"end":{"line":209,"column":30}},"90":{"start":{"line":210,"column":2},"end":{"line":210,"column":null}},"91":{"start":{"line":211,"column":2},"end":{"line":211,"column":null}},"92":{"start":{"line":214,"column":19},"end":{"line":238,"column":null}},"93":{"start":{"line":240,"column":18},"end":{"line":240,"column":57}},"94":{"start":{"line":241,"column":2},"end":{"line":244,"column":null}},"95":{"start":{"line":241,"column":27},"end":{"line":244,"column":5}},"96":{"start":{"line":249,"column":21},"end":{"line":249,"column":null}},"97":{"start":{"line":250,"column":21},"end":{"line":250,"column":null}},"98":{"start":{"line":251,"column":29},"end":{"line":251,"column":null}},"99":{"start":{"line":252,"column":29},"end":{"line":252,"column":null}},"100":{"start":{"line":253,"column":28},"end":{"line":253,"column":null}},"101":{"start":{"line":254,"column":27},"end":{"line":254,"column":null}},"102":{"start":{"line":255,"column":23},"end":{"line":255,"column":null}},"103":{"start":{"line":262,"column":17},"end":{"line":262,"column":63}},"104":{"start":{"line":263,"column":16},"end":{"line":266,"column":34}},"105":{"start":{"line":268,"column":2},"end":{"line":268,"column":null}},"106":{"start":{"line":268,"column":26},"end":{"line":268,"column":null}},"107":{"start":{"line":269,"column":17},"end":{"line":269,"column":42}},"108":{"start":{"line":270,"column":2},"end":{"line":273,"column":null}},"109":{"start":{"line":271,"column":16},"end":{"line":271,"column":65}},"110":{"start":{"line":272,"column":16},"end":{"line":272,"column":null}},"111":{"start":{"line":273,"column":4},"end":{"line":273,"column":null}},"112":{"start":{"line":275,"column":15},"end":{"line":275,"column":35}},"113":{"start":{"line":276,"column":2},"end":{"line":276,"column":null}},"114":{"start":{"line":276,"column":51},"end":{"line":276,"column":66}},"115":{"start":{"line":284,"column":17},"end":{"line":284,"column":63}},"116":{"start":{"line":285,"column":16},"end":{"line":288,"column":34}},"117":{"start":{"line":290,"column":2},"end":{"line":290,"column":null}},"118":{"start":{"line":290,"column":26},"end":{"line":290,"column":null}},"119":{"start":{"line":291,"column":17},"end":{"line":291,"column":42}},"120":{"start":{"line":292,"column":2},"end":{"line":295,"column":null}},"121":{"start":{"line":293,"column":16},"end":{"line":293,"column":65}},"122":{"start":{"line":294,"column":16},"end":{"line":294,"column":null}},"123":{"start":{"line":295,"column":4},"end":{"line":295,"column":null}},"124":{"start":{"line":297,"column":15},"end":{"line":297,"column":35}},"125":{"start":{"line":298,"column":2},"end":{"line":298,"column":null}},"126":{"start":{"line":298,"column":51},"end":{"line":298,"column":65}},"127":{"start":{"line":302,"column":20},"end":{"line":302,"column":70}},"128":{"start":{"line":302,"column":38},"end":{"line":302,"column":69}},"129":{"start":{"line":303,"column":15},"end":{"line":308,"column":4}},"130":{"start":{"line":309,"column":14},"end":{"line":309,"column":39}},"131":{"start":{"line":310,"column":2},"end":{"line":310,"column":null}},"132":{"start":{"line":310,"column":24},"end":{"line":310,"column":null}},"133":{"start":{"line":311,"column":2},"end":{"line":311,"column":null}},"134":{"start":{"line":315,"column":27},"end":{"line":315,"column":46}},"135":{"start":{"line":316,"column":16},"end":{"line":316,"column":44}},"136":{"start":{"line":317,"column":2},"end":{"line":317,"column":null}},"137":{"start":{"line":317,"column":26},"end":{"line":317,"column":null}},"138":{"start":{"line":319,"column":18},"end":{"line":319,"column":47}},"139":{"start":{"line":319,"column":33},"end":{"line":319,"column":46}},"140":{"start":{"line":320,"column":16},"end":{"line":320,"column":49}},"141":{"start":{"line":321,"column":18},"end":{"line":321,"column":71}},"142":{"start":{"line":321,"column":41},"end":{"line":321,"column":69}},"143":{"start":{"line":322,"column":20},"end":{"line":322,"column":54}},"144":{"start":{"line":324,"column":45},"end":{"line":324,"column":47}},"145":{"start":{"line":326,"column":20},"end":{"line":326,"column":88}},"146":{"start":{"line":326,"column":33},"end":{"line":326,"column":88}},"147":{"start":{"line":327,"column":19},"end":{"line":327,"column":86}},"148":{"start":{"line":327,"column":32},"end":{"line":327,"column":86}},"149":{"start":{"line":329,"column":2},"end":{"line":353,"column":null}},"150":{"start":{"line":330,"column":19},"end":{"line":330,"column":39}},"151":{"start":{"line":331,"column":22},"end":{"line":331,"column":91}},"152":{"start":{"line":332,"column":4},"end":{"line":332,"column":null}},"153":{"start":{"line":332,"column":20},"end":{"line":332,"column":null}},"154":{"start":{"line":334,"column":4},"end":{"line":353,"column":null}},"155":{"start":{"line":335,"column":20},"end":{"line":335,"column":39}},"156":{"start":{"line":336,"column":27},"end":{"line":336,"column":95}},"157":{"start":{"line":337,"column":6},"end":{"line":337,"column":null}},"158":{"start":{"line":337,"column":25},"end":{"line":337,"column":null}},"159":{"start":{"line":339,"column":22},"end":{"line":339,"column":null}},"160":{"start":{"line":340,"column":21},"end":{"line":340,"column":null}},"161":{"start":{"line":341,"column":26},"end":{"line":341,"column":null}},"162":{"start":{"line":342,"column":25},"end":{"line":342,"column":null}},"163":{"start":{"line":343,"column":6},"end":{"line":352,"column":null}},"164":{"start":{"line":353,"column":6},"end":{"line":353,"column":null}},"165":{"start":{"line":357,"column":63},"end":{"line":357,"column":65}},"166":{"start":{"line":358,"column":2},"end":{"line":363,"column":null}},"167":{"start":{"line":359,"column":15},"end":{"line":359,"column":31}},"168":{"start":{"line":360,"column":16},"end":{"line":360,"column":null}},"169":{"start":{"line":361,"column":4},"end":{"line":363,"column":null}},"170":{"start":{"line":362,"column":24},"end":{"line":362,"column":96}},"171":{"start":{"line":363,"column":6},"end":{"line":363,"column":null}},"172":{"start":{"line":363,"column":21},"end":{"line":363,"column":null}},"173":{"start":{"line":366,"column":2},"end":{"line":375,"column":null}},"174":{"start":{"line":367,"column":17},"end":{"line":370,"column":17}},"175":{"start":{"line":369,"column":16},"end":{"line":369,"column":52}},"176":{"start":{"line":371,"column":4},"end":{"line":375,"column":null}},"177":{"start":{"line":378,"column":2},"end":{"line":409,"column":null}},"178":{"start":{"line":379,"column":25},"end":{"line":379,"column":51}},"179":{"start":{"line":380,"column":22},"end":{"line":380,"column":97}},"180":{"start":{"line":381,"column":4},"end":{"line":381,"column":null}},"181":{"start":{"line":381,"column":20},"end":{"line":381,"column":null}},"182":{"start":{"line":383,"column":29},"end":{"line":384,"column":null}},"183":{"start":{"line":384,"column":11},"end":{"line":384,"column":null}},"184":{"start":{"line":386,"column":4},"end":{"line":386,"column":null}},"185":{"start":{"line":386,"column":26},"end":{"line":386,"column":null}},"186":{"start":{"line":388,"column":26},"end":{"line":392,"column":null}},"187":{"start":{"line":389,"column":18},"end":{"line":389,"column":31}},"188":{"start":{"line":390,"column":18},"end":{"line":390,"column":null}},"189":{"start":{"line":391,"column":6},"end":{"line":391,"column":null}},"190":{"start":{"line":393,"column":4},"end":{"line":393,"column":null}},"191":{"start":{"line":393,"column":24},"end":{"line":393,"column":null}},"192":{"start":{"line":395,"column":20},"end":{"line":395,"column":null}},"193":{"start":{"line":396,"column":21},"end":{"line":396,"column":null}},"194":{"start":{"line":397,"column":24},"end":{"line":397,"column":null}},"195":{"start":{"line":398,"column":25},"end":{"line":398,"column":null}},"196":{"start":{"line":399,"column":4},"end":{"line":409,"column":null}},"197":{"start":{"line":412,"column":2},"end":{"line":412,"column":null}}},"fnMap":{"0":{"name":"parseMonthlyCost","decl":{"start":{"line":32,"column":9},"end":{"line":32,"column":36}},"loc":{"start":{"line":32,"column":36},"end":{"line":37,"column":null}},"line":32},"1":{"name":"getMonthlyCostUsd","decl":{"start":{"line":40,"column":16},"end":{"line":40,"column":44}},"loc":{"start":{"line":40,"column":44},"end":{"line":41,"column":null}},"line":40},"2":{"name":"getSeatsInScope","decl":{"start":{"line":47,"column":22},"end":{"line":47,"column":38}},"loc":{"start":{"line":47,"column":77},"end":{"line":55,"column":null}},"line":47},"3":{"name":"(anonymous_3)","decl":{"start":{"line":54,"column":34},"end":{"line":54,"column":38}},"loc":{"start":{"line":54,"column":44},"end":{"line":54,"column":75}},"line":54},"4":{"name":"latestSnapshotsFor","decl":{"start":{"line":60,"column":15},"end":{"line":60,"column":34}},"loc":{"start":{"line":60,"column":113},"end":{"line":67,"column":null}},"line":60},"5":{"name":"(anonymous_5)","decl":{"start":{"line":63,"column":40},"end":{"line":63,"column":44}},"loc":{"start":{"line":63,"column":50},"end":{"line":63,"column":81}},"line":63},"6":{"name":"(anonymous_6)","decl":{"start":{"line":67,"column":17},"end":{"line":67,"column":21}},"loc":{"start":{"line":67,"column":27},"end":{"line":67,"column":92}},"line":67},"7":{"name":"avg","decl":{"start":{"line":70,"column":9},"end":{"line":70,"column":13}},"loc":{"start":{"line":70,"column":39},"end":{"line":72,"column":null}},"line":70},"8":{"name":"(anonymous_8)","decl":{"start":{"line":72,"column":16},"end":{"line":72,"column":24}},"loc":{"start":{"line":72,"column":33},"end":{"line":72,"column":40}},"line":72},"9":{"name":"dailyFleetIntensity","decl":{"start":{"line":80,"column":15},"end":{"line":80,"column":35}},"loc":{"start":{"line":80,"column":90},"end":{"line":99,"column":null}},"line":80},"10":{"name":"(anonymous_10)","decl":{"start":{"line":91,"column":32},"end":{"line":91,"column":36}},"loc":{"start":{"line":91,"column":42},"end":{"line":91,"column":73}},"line":91},"11":{"name":"(anonymous_11)","decl":{"start":{"line":99,"column":21},"end":{"line":99,"column":25}},"loc":{"start":{"line":99,"column":30},"end":{"line":99,"column":42}},"line":99},"12":{"name":"historicalFleetUtil","decl":{"start":{"line":103,"column":15},"end":{"line":103,"column":35}},"loc":{"start":{"line":103,"column":85},"end":{"line":117,"column":null}},"line":103},"13":{"name":"(anonymous_13)","decl":{"start":{"line":108,"column":32},"end":{"line":108,"column":36}},"loc":{"start":{"line":108,"column":42},"end":{"line":108,"column":73}},"line":108},"14":{"name":"(anonymous_14)","decl":{"start":{"line":117,"column":21},"end":{"line":117,"column":25}},"loc":{"start":{"line":117,"column":30},"end":{"line":117,"column":51}},"line":117},"15":{"name":"computeFleetKpis","decl":{"start":{"line":122,"column":22},"end":{"line":122,"column":39}},"loc":{"start":{"line":122,"column":100},"end":{"line":172,"column":null}},"line":122},"16":{"name":"(anonymous_16)","decl":{"start":{"line":136,"column":24},"end":{"line":136,"column":28}},"loc":{"start":{"line":136,"column":33},"end":{"line":136,"column":46}},"line":136},"17":{"name":"(anonymous_17)","decl":{"start":{"line":138,"column":28},"end":{"line":138,"column":32}},"loc":{"start":{"line":138,"column":37},"end":{"line":138,"column":53}},"line":138},"18":{"name":"(anonymous_18)","decl":{"start":{"line":157,"column":34},"end":{"line":157,"column":39}},"loc":{"start":{"line":157,"column":44},"end":{"line":157,"column":68}},"line":157},"19":{"name":"computeWwHistory","decl":{"start":{"line":177,"column":22},"end":{"line":177,"column":39}},"loc":{"start":{"line":177,"column":118},"end":{"line":199,"column":null}},"line":177},"20":{"name":"(anonymous_20)","decl":{"start":{"line":182,"column":24},"end":{"line":182,"column":28}},"loc":{"start":{"line":182,"column":33},"end":{"line":182,"column":46}},"line":182},"21":{"name":"computeDdHistory","decl":{"start":{"line":204,"column":22},"end":{"line":204,"column":39}},"loc":{"start":{"line":204,"column":144},"end":{"line":244,"column":null}},"line":204},"22":{"name":"(anonymous_22)","decl":{"start":{"line":208,"column":24},"end":{"line":208,"column":28}},"loc":{"start":{"line":208,"column":33},"end":{"line":208,"column":75}},"line":208},"23":{"name":"(anonymous_23)","decl":{"start":{"line":241,"column":17},"end":{"line":241,"column":21}},"loc":{"start":{"line":241,"column":27},"end":{"line":244,"column":5}},"line":241},"24":{"name":"seatSustainedAboveForDays","decl":{"start":{"line":257,"column":15},"end":{"line":257,"column":null}},"loc":{"start":{"line":261,"column":20},"end":{"line":276,"column":null}},"line":261},"25":{"name":"(anonymous_25)","decl":{"start":{"line":276,"column":40},"end":{"line":276,"column":46}},"loc":{"start":{"line":276,"column":51},"end":{"line":276,"column":66}},"line":276},"26":{"name":"seatSustainedBelowForDays","decl":{"start":{"line":279,"column":15},"end":{"line":279,"column":null}},"loc":{"start":{"line":283,"column":20},"end":{"line":298,"column":null}},"line":283},"27":{"name":"(anonymous_27)","decl":{"start":{"line":298,"column":40},"end":{"line":298,"column":46}},"loc":{"start":{"line":298,"column":51},"end":{"line":298,"column":65}},"line":298},"28":{"name":"countMembersPerSeat","decl":{"start":{"line":301,"column":15},"end":{"line":301,"column":35}},"loc":{"start":{"line":301,"column":84},"end":{"line":311,"column":null}},"line":301},"29":{"name":"(anonymous_29)","decl":{"start":{"line":302,"column":28},"end":{"line":302,"column":32}},"loc":{"start":{"line":302,"column":38},"end":{"line":302,"column":69}},"line":302},"30":{"name":"computeRebalanceSuggestions","decl":{"start":{"line":314,"column":22},"end":{"line":314,"column":50}},"loc":{"start":{"line":314,"column":123},"end":{"line":412,"column":null}},"line":314},"31":{"name":"(anonymous_31)","decl":{"start":{"line":319,"column":24},"end":{"line":319,"column":28}},"loc":{"start":{"line":319,"column":33},"end":{"line":319,"column":46}},"line":319},"32":{"name":"(anonymous_32)","decl":{"start":{"line":321,"column":32},"end":{"line":321,"column":36}},"loc":{"start":{"line":321,"column":41},"end":{"line":321,"column":69}},"line":321},"33":{"name":"(anonymous_33)","decl":{"start":{"line":326,"column":26},"end":{"line":326,"column":33}},"loc":{"start":{"line":326,"column":33},"end":{"line":326,"column":88}},"line":326},"34":{"name":"(anonymous_34)","decl":{"start":{"line":327,"column":25},"end":{"line":327,"column":32}},"loc":{"start":{"line":327,"column":32},"end":{"line":327,"column":86}},"line":327},"35":{"name":"(anonymous_35)","decl":{"start":{"line":369,"column":7},"end":{"line":369,"column":11}},"loc":{"start":{"line":369,"column":16},"end":{"line":369,"column":52}},"line":369},"36":{"name":"(anonymous_36)","decl":{"start":{"line":383,"column":41},"end":{"line":383,"column":null}},"loc":{"start":{"line":384,"column":11},"end":{"line":384,"column":null}},"line":384},"37":{"name":"(anonymous_37)","decl":{"start":{"line":388,"column":32},"end":{"line":388,"column":37}},"loc":{"start":{"line":388,"column":42},"end":{"line":392,"column":null}},"line":388}},"branchMap":{"0":{"loc":{"start":{"line":34,"column":2},"end":{"line":34,"column":null}},"type":"if","locations":[{"start":{"line":34,"column":2},"end":{"line":34,"column":null}},{"start":{},"end":{}}],"line":34},"1":{"loc":{"start":{"line":36,"column":2},"end":{"line":36,"column":null}},"type":"if","locations":[{"start":{"line":36,"column":2},"end":{"line":36,"column":null}},{"start":{},"end":{}}],"line":36},"2":{"loc":{"start":{"line":36,"column":6},"end":{"line":36,"column":34}},"type":"binary-expr","locations":[{"start":{"line":36,"column":6},"end":{"line":36,"column":20}},{"start":{"line":36,"column":24},"end":{"line":36,"column":34}}],"line":36},"3":{"loc":{"start":{"line":48,"column":2},"end":{"line":50,"column":null}},"type":"if","locations":[{"start":{"line":48,"column":2},"end":{"line":50,"column":null}},{"start":{},"end":{}}],"line":48},"4":{"loc":{"start":{"line":53,"column":2},"end":{"line":53,"column":null}},"type":"if","locations":[{"start":{"line":53,"column":2},"end":{"line":53,"column":null}},{"start":{},"end":{}}],"line":53},"5":{"loc":{"start":{"line":61,"column":2},"end":{"line":61,"column":null}},"type":"if","locations":[{"start":{"line":61,"column":2},"end":{"line":61,"column":null}},{"start":{},"end":{}}],"line":61},"6":{"loc":{"start":{"line":67,"column":68},"end":{"line":67,"column":90}},"type":"binary-expr","locations":[{"start":{"line":67,"column":68},"end":{"line":67,"column":87}},{"start":{"line":67,"column":87},"end":{"line":67,"column":90}}],"line":67},"7":{"loc":{"start":{"line":71,"column":2},"end":{"line":71,"column":null}},"type":"if","locations":[{"start":{"line":71,"column":2},"end":{"line":71,"column":null}},{"start":{},"end":{}}],"line":71},"8":{"loc":{"start":{"line":81,"column":2},"end":{"line":81,"column":null}},"type":"if","locations":[{"start":{"line":81,"column":2},"end":{"line":81,"column":null}},{"start":{},"end":{}}],"line":81},"9":{"loc":{"start":{"line":98,"column":2},"end":{"line":98,"column":null}},"type":"if","locations":[{"start":{"line":98,"column":2},"end":{"line":98,"column":null}},{"start":{},"end":{}}],"line":98},"10":{"loc":{"start":{"line":99,"column":30},"end":{"line":99,"column":42}},"type":"binary-expr","locations":[{"start":{"line":99,"column":30},"end":{"line":99,"column":40}},{"start":{"line":99,"column":40},"end":{"line":99,"column":42}}],"line":99},"11":{"loc":{"start":{"line":104,"column":2},"end":{"line":104,"column":null}},"type":"if","locations":[{"start":{"line":104,"column":2},"end":{"line":104,"column":null}},{"start":{},"end":{}}],"line":104},"12":{"loc":{"start":{"line":116,"column":2},"end":{"line":116,"column":null}},"type":"if","locations":[{"start":{"line":116,"column":2},"end":{"line":116,"column":null}},{"start":{},"end":{}}],"line":116},"13":{"loc":{"start":{"line":117,"column":30},"end":{"line":117,"column":51}},"type":"binary-expr","locations":[{"start":{"line":117,"column":30},"end":{"line":117,"column":49}},{"start":{"line":117,"column":49},"end":{"line":117,"column":51}}],"line":117},"14":{"loc":{"start":{"line":122,"column":39},"end":{"line":122,"column":78}},"type":"default-arg","locations":[{"start":{"line":122,"column":61},"end":{"line":122,"column":78}}],"line":122},"15":{"loc":{"start":{"line":128,"column":2},"end":{"line":133,"column":null}},"type":"if","locations":[{"start":{"line":128,"column":2},"end":{"line":133,"column":null}},{"start":{},"end":{}}],"line":128},"16":{"loc":{"start":{"line":153,"column":18},"end":{"line":155,"column":null}},"type":"cond-expr","locations":[{"start":{"line":154,"column":6},"end":{"line":154,"column":null}},{"start":{"line":155,"column":6},"end":{"line":155,"column":null}}],"line":153},"17":{"loc":{"start":{"line":153,"column":18},"end":{"line":153,"column":null}},"type":"binary-expr","locations":[{"start":{"line":153,"column":18},"end":{"line":153,"column":44}},{"start":{"line":153,"column":44},"end":{"line":153,"column":null}}],"line":153},"18":{"loc":{"start":{"line":157,"column":24},"end":{"line":157,"column":null}},"type":"binary-expr","locations":[{"start":{"line":157,"column":24},"end":{"line":157,"column":68}},{"start":{"line":157,"column":72},"end":{"line":157,"column":null}}],"line":157},"19":{"loc":{"start":{"line":163,"column":19},"end":{"line":171,"column":null}},"type":"cond-expr","locations":[{"start":{"line":164,"column":8},"end":{"line":170,"column":null}},{"start":{"line":171,"column":8},"end":{"line":171,"column":null}}],"line":163},"20":{"loc":{"start":{"line":177,"column":39},"end":{"line":177,"column":78}},"type":"default-arg","locations":[{"start":{"line":177,"column":61},"end":{"line":177,"column":78}}],"line":177},"21":{"loc":{"start":{"line":177,"column":80},"end":{"line":177,"column":118}},"type":"default-arg","locations":[{"start":{"line":177,"column":88},"end":{"line":177,"column":118}}],"line":177},"22":{"loc":{"start":{"line":180,"column":2},"end":{"line":180,"column":null}},"type":"if","locations":[{"start":{"line":180,"column":2},"end":{"line":180,"column":null}},{"start":{},"end":{}}],"line":180},"23":{"loc":{"start":{"line":204,"column":39},"end":{"line":204,"column":78}},"type":"default-arg","locations":[{"start":{"line":204,"column":61},"end":{"line":204,"column":78}}],"line":204},"24":{"loc":{"start":{"line":204,"column":80},"end":{"line":204,"column":144}},"type":"default-arg","locations":[{"start":{"line":204,"column":87},"end":{"line":204,"column":144}}],"line":204},"25":{"loc":{"start":{"line":206,"column":2},"end":{"line":206,"column":null}},"type":"if","locations":[{"start":{"line":206,"column":2},"end":{"line":206,"column":null}},{"start":{},"end":{}}],"line":206},"26":{"loc":{"start":{"line":243,"column":23},"end":{"line":243,"column":41}},"type":"binary-expr","locations":[{"start":{"line":243,"column":23},"end":{"line":243,"column":38}},{"start":{"line":243,"column":38},"end":{"line":243,"column":41}}],"line":243},"27":{"loc":{"start":{"line":268,"column":2},"end":{"line":268,"column":null}},"type":"if","locations":[{"start":{"line":268,"column":2},"end":{"line":268,"column":null}},{"start":{},"end":{}}],"line":268},"28":{"loc":{"start":{"line":272,"column":16},"end":{"line":272,"column":null}},"type":"binary-expr","locations":[{"start":{"line":272,"column":16},"end":{"line":272,"column":35}},{"start":{"line":272,"column":35},"end":{"line":272,"column":null}}],"line":272},"29":{"loc":{"start":{"line":273,"column":29},"end":{"line":273,"column":51}},"type":"binary-expr","locations":[{"start":{"line":273,"column":29},"end":{"line":273,"column":44}},{"start":{"line":273,"column":48},"end":{"line":273,"column":51}}],"line":273},"30":{"loc":{"start":{"line":276,"column":9},"end":{"line":276,"column":66}},"type":"binary-expr","locations":[{"start":{"line":276,"column":9},"end":{"line":276,"column":35}},{"start":{"line":276,"column":35},"end":{"line":276,"column":66}}],"line":276},"31":{"loc":{"start":{"line":290,"column":2},"end":{"line":290,"column":null}},"type":"if","locations":[{"start":{"line":290,"column":2},"end":{"line":290,"column":null}},{"start":{},"end":{}}],"line":290},"32":{"loc":{"start":{"line":294,"column":16},"end":{"line":294,"column":null}},"type":"binary-expr","locations":[{"start":{"line":294,"column":16},"end":{"line":294,"column":35}},{"start":{"line":294,"column":35},"end":{"line":294,"column":null}}],"line":294},"33":{"loc":{"start":{"line":295,"column":29},"end":{"line":295,"column":53}},"type":"binary-expr","locations":[{"start":{"line":295,"column":29},"end":{"line":295,"column":44}},{"start":{"line":295,"column":48},"end":{"line":295,"column":53}}],"line":295},"34":{"loc":{"start":{"line":298,"column":9},"end":{"line":298,"column":65}},"type":"binary-expr","locations":[{"start":{"line":298,"column":9},"end":{"line":298,"column":35}},{"start":{"line":298,"column":35},"end":{"line":298,"column":65}}],"line":298},"35":{"loc":{"start":{"line":314,"column":50},"end":{"line":314,"column":89}},"type":"default-arg","locations":[{"start":{"line":314,"column":72},"end":{"line":314,"column":89}}],"line":314},"36":{"loc":{"start":{"line":317,"column":2},"end":{"line":317,"column":null}},"type":"if","locations":[{"start":{"line":317,"column":2},"end":{"line":317,"column":null}},{"start":{},"end":{}}],"line":317},"37":{"loc":{"start":{"line":326,"column":39},"end":{"line":326,"column":75}},"type":"binary-expr","locations":[{"start":{"line":326,"column":39},"end":{"line":326,"column":65}},{"start":{"line":326,"column":69},"end":{"line":326,"column":75}}],"line":326},"38":{"loc":{"start":{"line":327,"column":38},"end":{"line":327,"column":73}},"type":"binary-expr","locations":[{"start":{"line":327,"column":38},"end":{"line":327,"column":64}},{"start":{"line":327,"column":68},"end":{"line":327,"column":73}}],"line":327},"39":{"loc":{"start":{"line":332,"column":4},"end":{"line":332,"column":null}},"type":"if","locations":[{"start":{"line":332,"column":4},"end":{"line":332,"column":null}},{"start":{},"end":{}}],"line":332},"40":{"loc":{"start":{"line":337,"column":6},"end":{"line":337,"column":null}},"type":"if","locations":[{"start":{"line":337,"column":6},"end":{"line":337,"column":null}},{"start":{},"end":{}}],"line":337},"41":{"loc":{"start":{"line":339,"column":22},"end":{"line":339,"column":null}},"type":"binary-expr","locations":[{"start":{"line":339,"column":22},"end":{"line":339,"column":41}},{"start":{"line":339,"column":45},"end":{"line":339,"column":null}}],"line":339},"42":{"loc":{"start":{"line":340,"column":21},"end":{"line":340,"column":null}},"type":"binary-expr","locations":[{"start":{"line":340,"column":21},"end":{"line":340,"column":39}},{"start":{"line":340,"column":43},"end":{"line":340,"column":null}}],"line":340},"43":{"loc":{"start":{"line":341,"column":26},"end":{"line":341,"column":null}},"type":"binary-expr","locations":[{"start":{"line":341,"column":26},"end":{"line":341,"column":47}},{"start":{"line":341,"column":51},"end":{"line":341,"column":null}}],"line":341},"44":{"loc":{"start":{"line":342,"column":25},"end":{"line":342,"column":null}},"type":"binary-expr","locations":[{"start":{"line":342,"column":25},"end":{"line":342,"column":45}},{"start":{"line":342,"column":49},"end":{"line":342,"column":null}}],"line":342},"45":{"loc":{"start":{"line":360,"column":16},"end":{"line":360,"column":null}},"type":"binary-expr","locations":[{"start":{"line":360,"column":16},"end":{"line":360,"column":31}},{"start":{"line":360,"column":35},"end":{"line":360,"column":null}}],"line":360},"46":{"loc":{"start":{"line":361,"column":4},"end":{"line":363,"column":null}},"type":"if","locations":[{"start":{"line":361,"column":4},"end":{"line":363,"column":null}},{"start":{},"end":{}}],"line":361},"47":{"loc":{"start":{"line":363,"column":6},"end":{"line":363,"column":null}},"type":"if","locations":[{"start":{"line":363,"column":6},"end":{"line":363,"column":null}},{"start":{},"end":{}}],"line":363},"48":{"loc":{"start":{"line":366,"column":2},"end":{"line":375,"column":null}},"type":"if","locations":[{"start":{"line":366,"column":2},"end":{"line":375,"column":null}},{"start":{},"end":{}}],"line":366},"49":{"loc":{"start":{"line":381,"column":4},"end":{"line":381,"column":null}},"type":"if","locations":[{"start":{"line":381,"column":4},"end":{"line":381,"column":null}},{"start":{},"end":{}}],"line":381},"50":{"loc":{"start":{"line":384,"column":11},"end":{"line":384,"column":null}},"type":"binary-expr","locations":[{"start":{"line":384,"column":11},"end":{"line":384,"column":39}},{"start":{"line":384,"column":39},"end":{"line":384,"column":null}}],"line":384},"51":{"loc":{"start":{"line":386,"column":4},"end":{"line":386,"column":null}},"type":"if","locations":[{"start":{"line":386,"column":4},"end":{"line":386,"column":null}},{"start":{},"end":{}}],"line":386},"52":{"loc":{"start":{"line":390,"column":18},"end":{"line":390,"column":null}},"type":"binary-expr","locations":[{"start":{"line":390,"column":18},"end":{"line":390,"column":34}},{"start":{"line":390,"column":38},"end":{"line":390,"column":null}}],"line":390},"53":{"loc":{"start":{"line":391,"column":13},"end":{"line":391,"column":null}},"type":"binary-expr","locations":[{"start":{"line":391,"column":13},"end":{"line":391,"column":37}},{"start":{"line":391,"column":37},"end":{"line":391,"column":68}},{"start":{"line":391,"column":68},"end":{"line":391,"column":null}}],"line":391},"54":{"loc":{"start":{"line":393,"column":4},"end":{"line":393,"column":null}},"type":"if","locations":[{"start":{"line":393,"column":4},"end":{"line":393,"column":null}},{"start":{},"end":{}}],"line":393},"55":{"loc":{"start":{"line":395,"column":20},"end":{"line":395,"column":null}},"type":"binary-expr","locations":[{"start":{"line":395,"column":20},"end":{"line":395,"column":45}},{"start":{"line":395,"column":49},"end":{"line":395,"column":null}}],"line":395},"56":{"loc":{"start":{"line":396,"column":21},"end":{"line":396,"column":null}},"type":"binary-expr","locations":[{"start":{"line":396,"column":21},"end":{"line":396,"column":59}},{"start":{"line":396,"column":63},"end":{"line":396,"column":null}}],"line":396},"57":{"loc":{"start":{"line":397,"column":24},"end":{"line":397,"column":null}},"type":"binary-expr","locations":[{"start":{"line":397,"column":24},"end":{"line":397,"column":51}},{"start":{"line":397,"column":55},"end":{"line":397,"column":null}}],"line":397},"58":{"loc":{"start":{"line":398,"column":25},"end":{"line":398,"column":null}},"type":"binary-expr","locations":[{"start":{"line":398,"column":25},"end":{"line":398,"column":65}},{"start":{"line":398,"column":69},"end":{"line":398,"column":null}}],"line":398}},"s":{"0":1,"1":8,"2":8,"3":2,"4":6,"5":6,"6":4,"7":2,"8":8,"9":0,"10":0,"11":0,"12":0,"13":0,"14":0,"15":0,"16":0,"17":0,"18":0,"19":0,"20":0,"21":0,"22":0,"23":0,"24":0,"25":0,"26":0,"27":0,"28":0,"29":0,"30":0,"31":0,"32":0,"33":0,"34":0,"35":0,"36":0,"37":0,"38":0,"39":0,"40":0,"41":0,"42":0,"43":0,"44":0,"45":0,"46":0,"47":0,"48":0,"49":0,"50":0,"51":0,"52":0,"53":0,"54":0,"55":0,"56":0,"57":0,"58":0,"59":0,"60":0,"61":0,"62":0,"63":0,"64":0,"65":0,"66":0,"67":0,"68":0,"69":0,"70":0,"71":0,"72":0,"73":0,"74":0,"75":0,"76":0,"77":0,"78":0,"79":0,"80":0,"81":0,"82":0,"83":0,"84":0,"85":0,"86":0,"87":0,"88":0,"89":0,"90":0,"91":0,"92":0,"93":0,"94":0,"95":0,"96":1,"97":1,"98":1,"99":1,"100":1,"101":1,"102":1,"103":0,"104":0,"105":0,"106":0,"107":0,"108":0,"109":0,"110":0,"111":0,"112":0,"113":0,"114":0,"115":0,"116":0,"117":0,"118":0,"119":0,"120":0,"121":0,"122":0,"123":0,"124":0,"125":0,"126":0,"127":0,"128":0,"129":0,"130":0,"131":0,"132":0,"133":0,"134":0,"135":0,"136":0,"137":0,"138":0,"139":0,"140":0,"141":0,"142":0,"143":0,"144":0,"145":0,"146":0,"147":0,"148":0,"149":0,"150":0,"151":0,"152":0,"153":0,"154":0,"155":0,"156":0,"157":0,"158":0,"159":0,"160":0,"161":0,"162":0,"163":0,"164":0,"165":0,"166":0,"167":0,"168":0,"169":0,"170":0,"171":0,"172":0,"173":0,"174":0,"175":0,"176":0,"177":0,"178":0,"179":0,"180":0,"181":0,"182":0,"183":0,"184":0,"185":0,"186":0,"187":0,"188":0,"189":0,"190":0,"191":0,"192":0,"193":0,"194":0,"195":0,"196":0,"197":0},"f":{"0":8,"1":8,"2":0,"3":0,"4":0,"5":0,"6":0,"7":0,"8":0,"9":0,"10":0,"11":0,"12":0,"13":0,"14":0,"15":0,"16":0,"17":0,"18":0,"19":0,"20":0,"21":0,"22":0,"23":0,"24":0,"25":0,"26":0,"27":0,"28":0,"29":0,"30":0,"31":0,"32":0,"33":0,"34":0,"35":0,"36":0,"37":0},"b":{"0":[2,6],"1":[4,2],"2":[6,4],"3":[0,0],"4":[0,0],"5":[0,0],"6":[0,0],"7":[0,0],"8":[0,0],"9":[0,0],"10":[0,0],"11":[0,0],"12":[0,0],"13":[0,0],"14":[0],"15":[0,0],"16":[0,0],"17":[0,0],"18":[0,0],"19":[0,0],"20":[0],"21":[0],"22":[0,0],"23":[0],"24":[0],"25":[0,0],"26":[0,0],"27":[0,0],"28":[0,0],"29":[0,0],"30":[0,0],"31":[0,0],"32":[0,0],"33":[0,0],"34":[0,0],"35":[0],"36":[0,0],"37":[0,0],"38":[0,0],"39":[0,0],"40":[0,0],"41":[0,0],"42":[0,0],"43":[0,0],"44":[0,0],"45":[0,0],"46":[0,0],"47":[0,0],"48":[0,0],"49":[0,0],"50":[0,0],"51":[0,0],"52":[0,0],"53":[0,0,0],"54":[0,0],"55":[0,0],"56":[0,0],"57":[0,0],"58":[0,0]},"meta":{"lastBranch":59,"lastFunction":38,"lastStatement":198,"seen":{"s:30:33:30:Infinity":0,"f:32:9:32:36":0,"s:33:14:33:Infinity":1,"b:34:2:34:Infinity:undefined:undefined:undefined:undefined":0,"s:34:2:34:Infinity":2,"s:34:12:34:Infinity":3,"s:35:14:35:25":4,"b:36:2:36:Infinity:undefined:undefined:undefined:undefined":1,"s:36:2:36:Infinity":5,"b:36:6:36:20:36:24:36:34":2,"s:36:34:36:Infinity":6,"s:37:2:37:Infinity":7,"f:40:16:40:44":1,"s:41:2:41:Infinity":8,"f:47:22:47:38":2,"b:48:2:50:Infinity:undefined:undefined:undefined:undefined":3,"s:48:2:50:Infinity":9,"s:50:4:50:Infinity":10,"b:53:2:53:Infinity:undefined:undefined:undefined:undefined":4,"s:53:2:53:Infinity":11,"s:53:34:53:Infinity":12,"s:54:20:54:76":13,"f:54:34:54:38":3,"s:54:44:54:75":14,"s:55:2:55:Infinity":15,"f:60:15:60:34":4,"b:61:2:61:Infinity:undefined:undefined:undefined:undefined":5,"s:61:2:61:Infinity":16,"s:61:28:61:Infinity":17,"s:62:18:66:4":18,"f:63:40:63:44":5,"s:63:50:63:81":19,"s:67:2:67:Infinity":20,"f:67:17:67:21":6,"s:67:27:67:92":21,"b:67:68:67:87:67:87:67:90":6,"f:70:9:70:13":7,"b:71:2:71:Infinity:undefined:undefined:undefined:undefined":7,"s:71:2:71:Infinity":22,"s:71:27:71:Infinity":23,"s:72:2:72:Infinity":24,"f:72:16:72:24":8,"s:72:33:72:40":25,"f:80:15:80:35":9,"b:81:2:81:Infinity:undefined:undefined:undefined:undefined":8,"s:81:2:81:Infinity":26,"s:81:28:81:Infinity":27,"s:83:19:83:33":28,"s:84:2:84:Infinity":29,"s:85:17:85:31":30,"s:86:2:86:Infinity":31,"s:88:18:97:4":32,"f:91:32:91:36":10,"s:91:42:91:73":33,"b:98:2:98:Infinity:undefined:undefined:undefined:undefined":9,"s:98:2:98:Infinity":34,"s:98:28:98:Infinity":35,"s:99:2:99:Infinity":36,"f:99:21:99:25":11,"s:99:30:99:42":37,"b:99:30:99:40:99:40:99:42":10,"f:103:15:103:35":12,"b:104:2:104:Infinity:undefined:undefined:undefined:undefined":11,"s:104:2:104:Infinity":38,"s:104:28:104:Infinity":39,"s:105:18:115:4":40,"f:108:32:108:36":13,"s:108:42:108:73":41,"b:116:2:116:Infinity:undefined:undefined:undefined:undefined":12,"s:116:2:116:Infinity":42,"s:116:28:116:Infinity":43,"s:117:2:117:Infinity":44,"f:117:21:117:25":14,"s:117:30:117:51":45,"b:117:30:117:49:117:49:117:51":13,"f:122:22:122:39":15,"b:122:61:122:78":14,"s:123:27:123:46":46,"s:124:16:124:44":47,"s:125:24:125:Infinity":48,"s:126:23:126:Infinity":49,"b:128:2:133:Infinity:undefined:undefined:undefined:undefined":15,"s:128:2:133:Infinity":50,"s:129:4:133:Infinity":51,"s:136:18:136:47":52,"f:136:24:136:28":16,"s:136:33:136:46":53,"s:137:16:137:49":54,"s:138:18:138:54":55,"f:138:28:138:32":17,"s:138:37:138:53":56,"s:139:19:139:Infinity":57,"s:141:23:141:63":58,"s:142:16:142:26":59,"s:143:20:143:56":60,"s:145:72:150:4":61,"s:152:18:152:Infinity":62,"s:153:18:155:Infinity":63,"b:154:6:154:Infinity:155:6:155:Infinity":16,"b:153:18:153:44:153:44:153:Infinity":17,"s:157:24:157:Infinity":64,"b:157:24:157:68:157:72:157:Infinity":18,"f:157:34:157:39":18,"s:157:44:157:68":65,"s:159:2:172:Infinity":66,"b:164:8:170:Infinity:171:8:171:Infinity":19,"f:177:22:177:39":19,"b:177:61:177:78":20,"b:177:88:177:118":21,"s:178:27:178:46":67,"s:179:16:179:44":68,"b:180:2:180:Infinity:undefined:undefined:undefined:undefined":22,"s:180:2:180:Infinity":69,"s:180:26:180:Infinity":70,"s:182:18:182:47":71,"f:182:24:182:28":20,"s:182:33:182:46":72,"s:183:35:183:37":73,"s:184:14:184:24":74,"s:186:2:196:Infinity":75,"s:186:15:186:26":76,"s:187:22:187:75":77,"s:188:20:188:67":78,"s:189:20:189:63":79,"s:190:25:190:Infinity":80,"s:191:21:191:Infinity":81,"s:192:4:196:Infinity":82,"s:199:2:199:Infinity":83,"f:204:22:204:39":21,"b:204:61:204:78":23,"b:204:87:204:144":24,"s:205:16:205:44":84,"b:206:2:206:Infinity:undefined:undefined:undefined:undefined":25,"s:206:2:206:Infinity":85,"s:206:26:206:Infinity":86,"s:208:18:208:76":87,"f:208:24:208:28":22,"s:208:33:208:75":88,"s:209:20:209:30":89,"s:210:2:210:Infinity":90,"s:211:2:211:Infinity":91,"s:214:19:238:Infinity":92,"s:240:18:240:57":93,"s:241:2:244:Infinity":94,"f:241:17:241:21":23,"s:241:27:244:5":95,"b:243:23:243:38:243:38:243:41":26,"s:249:21:249:Infinity":96,"s:250:21:250:Infinity":97,"s:251:29:251:Infinity":98,"s:252:29:252:Infinity":99,"s:253:28:253:Infinity":100,"s:254:27:254:Infinity":101,"s:255:23:255:Infinity":102,"f:257:15:257:Infinity":24,"s:262:17:262:63":103,"s:263:16:266:34":104,"b:268:2:268:Infinity:undefined:undefined:undefined:undefined":27,"s:268:2:268:Infinity":105,"s:268:26:268:Infinity":106,"s:269:17:269:42":107,"s:270:2:273:Infinity":108,"s:271:16:271:65":109,"s:272:16:272:Infinity":110,"b:272:16:272:35:272:35:272:Infinity":28,"s:273:4:273:Infinity":111,"b:273:29:273:44:273:48:273:51":29,"s:275:15:275:35":112,"s:276:2:276:Infinity":113,"b:276:9:276:35:276:35:276:66":30,"f:276:40:276:46":25,"s:276:51:276:66":114,"f:279:15:279:Infinity":26,"s:284:17:284:63":115,"s:285:16:288:34":116,"b:290:2:290:Infinity:undefined:undefined:undefined:undefined":31,"s:290:2:290:Infinity":117,"s:290:26:290:Infinity":118,"s:291:17:291:42":119,"s:292:2:295:Infinity":120,"s:293:16:293:65":121,"s:294:16:294:Infinity":122,"b:294:16:294:35:294:35:294:Infinity":32,"s:295:4:295:Infinity":123,"b:295:29:295:44:295:48:295:53":33,"s:297:15:297:35":124,"s:298:2:298:Infinity":125,"b:298:9:298:35:298:35:298:65":34,"f:298:40:298:46":27,"s:298:51:298:65":126,"f:301:15:301:35":28,"s:302:20:302:70":127,"f:302:28:302:32":29,"s:302:38:302:69":128,"s:303:15:308:4":129,"s:309:14:309:39":130,"s:310:2:310:Infinity":131,"s:310:24:310:Infinity":132,"s:311:2:311:Infinity":133,"f:314:22:314:50":30,"b:314:72:314:89":35,"s:315:27:315:46":134,"s:316:16:316:44":135,"b:317:2:317:Infinity:undefined:undefined:undefined:undefined":36,"s:317:2:317:Infinity":136,"s:317:26:317:Infinity":137,"s:319:18:319:47":138,"f:319:24:319:28":31,"s:319:33:319:46":139,"s:320:16:320:49":140,"s:321:18:321:71":141,"f:321:32:321:36":32,"s:321:41:321:69":142,"s:322:20:322:54":143,"s:324:45:324:47":144,"s:326:20:326:88":145,"f:326:26:326:33":33,"s:326:33:326:88":146,"b:326:39:326:65:326:69:326:75":37,"s:327:19:327:86":147,"f:327:25:327:32":34,"s:327:32:327:86":148,"b:327:38:327:64:327:68:327:73":38,"s:329:2:353:Infinity":149,"s:330:19:330:39":150,"s:331:22:331:91":151,"b:332:4:332:Infinity:undefined:undefined:undefined:undefined":39,"s:332:4:332:Infinity":152,"s:332:20:332:Infinity":153,"s:334:4:353:Infinity":154,"s:335:20:335:39":155,"s:336:27:336:95":156,"b:337:6:337:Infinity:undefined:undefined:undefined:undefined":40,"s:337:6:337:Infinity":157,"s:337:25:337:Infinity":158,"s:339:22:339:Infinity":159,"b:339:22:339:41:339:45:339:Infinity":41,"s:340:21:340:Infinity":160,"b:340:21:340:39:340:43:340:Infinity":42,"s:341:26:341:Infinity":161,"b:341:26:341:47:341:51:341:Infinity":43,"s:342:25:342:Infinity":162,"b:342:25:342:45:342:49:342:Infinity":44,"s:343:6:352:Infinity":163,"s:353:6:353:Infinity":164,"s:357:63:357:65":165,"s:358:2:363:Infinity":166,"s:359:15:359:31":167,"s:360:16:360:Infinity":168,"b:360:16:360:31:360:35:360:Infinity":45,"b:361:4:363:Infinity:undefined:undefined:undefined:undefined":46,"s:361:4:363:Infinity":169,"s:362:24:362:96":170,"b:363:6:363:Infinity:undefined:undefined:undefined:undefined":47,"s:363:6:363:Infinity":171,"s:363:21:363:Infinity":172,"b:366:2:375:Infinity:undefined:undefined:undefined:undefined":48,"s:366:2:375:Infinity":173,"s:367:17:370:17":174,"f:369:7:369:11":35,"s:369:16:369:52":175,"s:371:4:375:Infinity":176,"s:378:2:409:Infinity":177,"s:379:25:379:51":178,"s:380:22:380:97":179,"b:381:4:381:Infinity:undefined:undefined:undefined:undefined":49,"s:381:4:381:Infinity":180,"s:381:20:381:Infinity":181,"s:383:29:384:Infinity":182,"f:383:41:383:Infinity":36,"s:384:11:384:Infinity":183,"b:384:11:384:39:384:39:384:Infinity":50,"b:386:4:386:Infinity:undefined:undefined:undefined:undefined":51,"s:386:4:386:Infinity":184,"s:386:26:386:Infinity":185,"s:388:26:392:Infinity":186,"f:388:32:388:37":37,"s:389:18:389:31":187,"s:390:18:390:Infinity":188,"b:390:18:390:34:390:38:390:Infinity":52,"s:391:6:391:Infinity":189,"b:391:13:391:37:391:37:391:68:391:68:391:Infinity":53,"b:393:4:393:Infinity:undefined:undefined:undefined:undefined":54,"s:393:4:393:Infinity":190,"s:393:24:393:Infinity":191,"s:395:20:395:Infinity":192,"b:395:20:395:45:395:49:395:Infinity":55,"s:396:21:396:Infinity":193,"b:396:21:396:59:396:63:396:Infinity":56,"s:397:24:397:Infinity":194,"b:397:24:397:51:397:55:397:Infinity":57,"s:398:25:398:Infinity":195,"b:398:25:398:65:398:69:398:Infinity":58,"s:399:4:409:Infinity":196,"s:412:2:412:Infinity":197}}}
,"D:\\CONG VIEC\\quan-ly-team-claude\\packages\\api\\src\\services\\predictive-alert-service.ts": {"path":"D:\\CONG VIEC\\quan-ly-team-claude\\packages\\api\\src\\services\\predictive-alert-service.ts","statementMap":{"0":{"start":{"line":12,"column":16},"end":{"line":12,"column":null}},"1":{"start":{"line":13,"column":14},"end":{"line":13,"column":24}},"2":{"start":{"line":15,"column":2},"end":{"line":61,"column":null}},"3":{"start":{"line":16,"column":17},"end":{"line":16,"column":44}},"4":{"start":{"line":17,"column":4},"end":{"line":17,"column":null}},"5":{"start":{"line":17,"column":15},"end":{"line":17,"column":null}},"6":{"start":{"line":18,"column":18},"end":{"line":18,"column":null}},"7":{"start":{"line":20,"column":24},"end":{"line":20,"column":null}},"8":{"start":{"line":21,"column":21},"end":{"line":21,"column":null}},"9":{"start":{"line":22,"column":4},"end":{"line":22,"column":null}},"10":{"start":{"line":22,"column":49},"end":{"line":22,"column":null}},"11":{"start":{"line":24,"column":23},"end":{"line":24,"column":null}},"12":{"start":{"line":25,"column":10},"end":{"line":25,"column":null}},"13":{"start":{"line":28,"column":4},"end":{"line":28,"column":null}},"14":{"start":{"line":28,"column":27},"end":{"line":28,"column":null}},"15":{"start":{"line":29,"column":4},"end":{"line":29,"column":null}},"16":{"start":{"line":29,"column":28},"end":{"line":29,"column":null}},"17":{"start":{"line":30,"column":4},"end":{"line":30,"column":null}},"18":{"start":{"line":30,"column":26},"end":{"line":30,"column":null}},"19":{"start":{"line":32,"column":21},"end":{"line":32,"column":null}},"20":{"start":{"line":33,"column":21},"end":{"line":33,"column":null}},"21":{"start":{"line":35,"column":25},"end":{"line":36,"column":null}},"22":{"start":{"line":35,"column":42},"end":{"line":36,"column":81}},"23":{"start":{"line":36,"column":43},"end":{"line":36,"column":80}},"24":{"start":{"line":39,"column":4},"end":{"line":61,"column":null}},"25":{"start":{"line":40,"column":12},"end":{"line":40,"column":93}},"26":{"start":{"line":40,"column":56},"end":{"line":40,"column":92}},"27":{"start":{"line":41,"column":6},"end":{"line":41,"column":null}},"28":{"start":{"line":41,"column":15},"end":{"line":41,"column":null}},"29":{"start":{"line":44,"column":6},"end":{"line":44,"column":null}},"30":{"start":{"line":44,"column":76},"end":{"line":44,"column":null}},"31":{"start":{"line":45,"column":28},"end":{"line":45,"column":null}},"32":{"start":{"line":46,"column":27},"end":{"line":46,"column":null}},"33":{"start":{"line":49,"column":6},"end":{"line":61,"column":null}},"34":{"start":{"line":50,"column":23},"end":{"line":50,"column":null}},"35":{"start":{"line":51,"column":20},"end":{"line":51,"column":null}},"36":{"start":{"line":52,"column":25},"end":{"line":60,"column":null}},"37":{"start":{"line":61,"column":8},"end":{"line":61,"column":null}},"38":{"start":{"line":61,"column":101},"end":{"line":61,"column":null}},"39":{"start":{"line":65,"column":2},"end":{"line":65,"column":null}},"40":{"start":{"line":75,"column":16},"end":{"line":75,"column":null}},"41":{"start":{"line":76,"column":14},"end":{"line":76,"column":24}},"42":{"start":{"line":78,"column":2},"end":{"line":123,"column":null}},"43":{"start":{"line":79,"column":17},"end":{"line":79,"column":39}},"44":{"start":{"line":80,"column":4},"end":{"line":80,"column":null}},"45":{"start":{"line":80,"column":15},"end":{"line":80,"column":null}},"46":{"start":{"line":81,"column":18},"end":{"line":81,"column":null}},"47":{"start":{"line":84,"column":21},"end":{"line":84,"column":67}},"48":{"start":{"line":87,"column":4},"end":{"line":87,"column":null}},"49":{"start":{"line":87,"column":66},"end":{"line":87,"column":null}},"50":{"start":{"line":88,"column":4},"end":{"line":88,"column":null}},"51":{"start":{"line":88,"column":29},"end":{"line":88,"column":null}},"52":{"start":{"line":90,"column":25},"end":{"line":91,"column":null}},"53":{"start":{"line":90,"column":42},"end":{"line":91,"column":76}},"54":{"start":{"line":91,"column":43},"end":{"line":91,"column":76}},"55":{"start":{"line":94,"column":4},"end":{"line":123,"column":null}},"56":{"start":{"line":95,"column":12},"end":{"line":95,"column":88}},"57":{"start":{"line":95,"column":56},"end":{"line":95,"column":88}},"58":{"start":{"line":96,"column":6},"end":{"line":96,"column":null}},"59":{"start":{"line":96,"column":15},"end":{"line":96,"column":null}},"60":{"start":{"line":98,"column":6},"end":{"line":98,"column":null}},"61":{"start":{"line":98,"column":46},"end":{"line":98,"column":null}},"62":{"start":{"line":99,"column":35},"end":{"line":99,"column":null}},"63":{"start":{"line":101,"column":28},"end":{"line":101,"column":null}},"64":{"start":{"line":102,"column":6},"end":{"line":102,"column":null}},"65":{"start":{"line":102,"column":49},"end":{"line":102,"column":null}},"66":{"start":{"line":104,"column":12},"end":{"line":104,"column":null}},"67":{"start":{"line":105,"column":12},"end":{"line":105,"column":null}},"68":{"start":{"line":108,"column":6},"end":{"line":123,"column":null}},"69":{"start":{"line":109,"column":23},"end":{"line":111,"column":null}},"70":{"start":{"line":112,"column":20},"end":{"line":112,"column":null}},"71":{"start":{"line":113,"column":25},"end":{"line":122,"column":null}},"72":{"start":{"line":123,"column":8},"end":{"line":123,"column":null}},"73":{"start":{"line":123,"column":101},"end":{"line":123,"column":null}},"74":{"start":{"line":127,"column":2},"end":{"line":127,"column":null}}},"fnMap":{"0":{"name":"checkFastBurnAlerts","decl":{"start":{"line":6,"column":22},"end":{"line":6,"column":null}},"loc":{"start":{"line":11,"column":19},"end":{"line":65,"column":null}},"line":11},"1":{"name":"(anonymous_1)","decl":{"start":{"line":35,"column":34},"end":{"line":35,"column":42}},"loc":{"start":{"line":35,"column":42},"end":{"line":36,"column":81}},"line":35},"2":{"name":"(anonymous_2)","decl":{"start":{"line":36,"column":30},"end":{"line":36,"column":36}},"loc":{"start":{"line":36,"column":43},"end":{"line":36,"column":80}},"line":36},"3":{"name":"(anonymous_3)","decl":{"start":{"line":40,"column":44},"end":{"line":40,"column":50}},"loc":{"start":{"line":40,"column":56},"end":{"line":40,"column":92}},"line":40},"4":{"name":"checkQuotaForecastAlerts","decl":{"start":{"line":69,"column":22},"end":{"line":69,"column":null}},"loc":{"start":{"line":74,"column":19},"end":{"line":127,"column":null}},"line":74},"5":{"name":"(anonymous_5)","decl":{"start":{"line":90,"column":34},"end":{"line":90,"column":42}},"loc":{"start":{"line":90,"column":42},"end":{"line":91,"column":76}},"line":90},"6":{"name":"(anonymous_6)","decl":{"start":{"line":91,"column":30},"end":{"line":91,"column":36}},"loc":{"start":{"line":91,"column":43},"end":{"line":91,"column":76}},"line":91},"7":{"name":"(anonymous_7)","decl":{"start":{"line":95,"column":44},"end":{"line":95,"column":50}},"loc":{"start":{"line":95,"column":56},"end":{"line":95,"column":88}},"line":95}},"branchMap":{"0":{"loc":{"start":{"line":17,"column":4},"end":{"line":17,"column":null}},"type":"if","locations":[{"start":{"line":17,"column":4},"end":{"line":17,"column":null}},{"start":{},"end":{}}],"line":17},"1":{"loc":{"start":{"line":18,"column":18},"end":{"line":18,"column":null}},"type":"binary-expr","locations":[{"start":{"line":18,"column":18},"end":{"line":18,"column":32}},{"start":{"line":18,"column":32},"end":{"line":18,"column":null}}],"line":18},"2":{"loc":{"start":{"line":22,"column":4},"end":{"line":22,"column":null}},"type":"if","locations":[{"start":{"line":22,"column":4},"end":{"line":22,"column":null}},{"start":{},"end":{}}],"line":22},"3":{"loc":{"start":{"line":22,"column":8},"end":{"line":22,"column":49}},"type":"binary-expr","locations":[{"start":{"line":22,"column":8},"end":{"line":22,"column":31}},{"start":{"line":22,"column":31},"end":{"line":22,"column":49}}],"line":22},"4":{"loc":{"start":{"line":28,"column":4},"end":{"line":28,"column":null}},"type":"if","locations":[{"start":{"line":28,"column":4},"end":{"line":28,"column":null}},{"start":{},"end":{}}],"line":28},"5":{"loc":{"start":{"line":29,"column":4},"end":{"line":29,"column":null}},"type":"if","locations":[{"start":{"line":29,"column":4},"end":{"line":29,"column":null}},{"start":{},"end":{}}],"line":29},"6":{"loc":{"start":{"line":30,"column":4},"end":{"line":30,"column":null}},"type":"if","locations":[{"start":{"line":30,"column":4},"end":{"line":30,"column":null}},{"start":{},"end":{}}],"line":30},"7":{"loc":{"start":{"line":33,"column":21},"end":{"line":33,"column":null}},"type":"cond-expr","locations":[{"start":{"line":33,"column":42},"end":{"line":33,"column":47}},{"start":{"line":33,"column":42},"end":{"line":33,"column":null}}],"line":33},"8":{"loc":{"start":{"line":36,"column":7},"end":{"line":36,"column":28}},"type":"binary-expr","locations":[{"start":{"line":36,"column":7},"end":{"line":36,"column":26}},{"start":{"line":36,"column":26},"end":{"line":36,"column":28}}],"line":36},"9":{"loc":{"start":{"line":40,"column":18},"end":{"line":40,"column":42}},"type":"binary-expr","locations":[{"start":{"line":40,"column":18},"end":{"line":40,"column":40}},{"start":{"line":40,"column":40},"end":{"line":40,"column":42}}],"line":40},"10":{"loc":{"start":{"line":41,"column":6},"end":{"line":41,"column":null}},"type":"if","locations":[{"start":{"line":41,"column":6},"end":{"line":41,"column":null}},{"start":{},"end":{}}],"line":41},"11":{"loc":{"start":{"line":44,"column":6},"end":{"line":44,"column":null}},"type":"if","locations":[{"start":{"line":44,"column":6},"end":{"line":44,"column":null}},{"start":{},"end":{}}],"line":44},"12":{"loc":{"start":{"line":44,"column":10},"end":{"line":44,"column":76}},"type":"binary-expr","locations":[{"start":{"line":44,"column":10},"end":{"line":44,"column":45}},{"start":{"line":44,"column":45},"end":{"line":44,"column":76}}],"line":44},"13":{"loc":{"start":{"line":45,"column":28},"end":{"line":45,"column":null}},"type":"binary-expr","locations":[{"start":{"line":45,"column":28},"end":{"line":45,"column":54}},{"start":{"line":45,"column":54},"end":{"line":45,"column":null}}],"line":45},"14":{"loc":{"start":{"line":46,"column":27},"end":{"line":46,"column":null}},"type":"binary-expr","locations":[{"start":{"line":46,"column":27},"end":{"line":46,"column":51}},{"start":{"line":46,"column":51},"end":{"line":46,"column":null}}],"line":46},"15":{"loc":{"start":{"line":49,"column":6},"end":{"line":61,"column":null}},"type":"if","locations":[{"start":{"line":49,"column":6},"end":{"line":61,"column":null}},{"start":{},"end":{}}],"line":49},"16":{"loc":{"start":{"line":49,"column":10},"end":{"line":49,"column":65}},"type":"binary-expr","locations":[{"start":{"line":49,"column":10},"end":{"line":49,"column":39}},{"start":{"line":49,"column":39},"end":{"line":49,"column":65}}],"line":49},"17":{"loc":{"start":{"line":50,"column":23},"end":{"line":50,"column":null}},"type":"cond-expr","locations":[{"start":{"line":50,"column":38},"end":{"line":50,"column":76}},{"start":{"line":50,"column":76},"end":{"line":50,"column":null}}],"line":50},"18":{"loc":{"start":{"line":61,"column":8},"end":{"line":61,"column":null}},"type":"if","locations":[{"start":{"line":61,"column":8},"end":{"line":61,"column":null}},{"start":{},"end":{}}],"line":61},"19":{"loc":{"start":{"line":80,"column":4},"end":{"line":80,"column":null}},"type":"if","locations":[{"start":{"line":80,"column":4},"end":{"line":80,"column":null}},{"start":{},"end":{}}],"line":80},"20":{"loc":{"start":{"line":81,"column":18},"end":{"line":81,"column":null}},"type":"binary-expr","locations":[{"start":{"line":81,"column":18},"end":{"line":81,"column":32}},{"start":{"line":81,"column":32},"end":{"line":81,"column":null}}],"line":81},"21":{"loc":{"start":{"line":87,"column":4},"end":{"line":87,"column":null}},"type":"if","locations":[{"start":{"line":87,"column":4},"end":{"line":87,"column":null}},{"start":{},"end":{}}],"line":87},"22":{"loc":{"start":{"line":87,"column":8},"end":{"line":87,"column":66}},"type":"binary-expr","locations":[{"start":{"line":87,"column":8},"end":{"line":87,"column":36}},{"start":{"line":87,"column":36},"end":{"line":87,"column":66}}],"line":87},"23":{"loc":{"start":{"line":88,"column":4},"end":{"line":88,"column":null}},"type":"if","locations":[{"start":{"line":88,"column":4},"end":{"line":88,"column":null}},{"start":{},"end":{}}],"line":88},"24":{"loc":{"start":{"line":91,"column":7},"end":{"line":91,"column":28}},"type":"binary-expr","locations":[{"start":{"line":91,"column":7},"end":{"line":91,"column":26}},{"start":{"line":91,"column":26},"end":{"line":91,"column":28}}],"line":91},"25":{"loc":{"start":{"line":95,"column":18},"end":{"line":95,"column":42}},"type":"binary-expr","locations":[{"start":{"line":95,"column":18},"end":{"line":95,"column":40}},{"start":{"line":95,"column":40},"end":{"line":95,"column":42}}],"line":95},"26":{"loc":{"start":{"line":96,"column":6},"end":{"line":96,"column":null}},"type":"if","locations":[{"start":{"line":96,"column":6},"end":{"line":96,"column":null}},{"start":{},"end":{}}],"line":96},"27":{"loc":{"start":{"line":98,"column":6},"end":{"line":98,"column":null}},"type":"if","locations":[{"start":{"line":98,"column":6},"end":{"line":98,"column":null}},{"start":{},"end":{}}],"line":98},"28":{"loc":{"start":{"line":99,"column":35},"end":{"line":99,"column":null}},"type":"binary-expr","locations":[{"start":{"line":99,"column":35},"end":{"line":99,"column":64}},{"start":{"line":99,"column":64},"end":{"line":99,"column":null}}],"line":99},"29":{"loc":{"start":{"line":102,"column":6},"end":{"line":102,"column":null}},"type":"if","locations":[{"start":{"line":102,"column":6},"end":{"line":102,"column":null}},{"start":{},"end":{}}],"line":102},"30":{"loc":{"start":{"line":108,"column":6},"end":{"line":123,"column":null}},"type":"if","locations":[{"start":{"line":108,"column":6},"end":{"line":123,"column":null}},{"start":{},"end":{}}],"line":108},"31":{"loc":{"start":{"line":108,"column":10},"end":{"line":108,"column":87}},"type":"binary-expr","locations":[{"start":{"line":108,"column":10},"end":{"line":108,"column":45}},{"start":{"line":108,"column":45},"end":{"line":108,"column":87}}],"line":108},"32":{"loc":{"start":{"line":109,"column":23},"end":{"line":111,"column":null}},"type":"cond-expr","locations":[{"start":{"line":110,"column":12},"end":{"line":110,"column":null}},{"start":{"line":111,"column":12},"end":{"line":111,"column":null}}],"line":109},"33":{"loc":{"start":{"line":123,"column":8},"end":{"line":123,"column":null}},"type":"if","locations":[{"start":{"line":123,"column":8},"end":{"line":123,"column":null}},{"start":{},"end":{}}],"line":123}},"s":{"0":9,"1":9,"2":9,"3":9,"4":9,"5":0,"6":9,"7":9,"8":9,"9":9,"10":1,"11":8,"12":8,"13":8,"14":1,"15":7,"16":1,"17":6,"18":1,"19":5,"20":5,"21":9,"22":5,"23":5,"24":9,"25":5,"26":5,"27":5,"28":0,"29":5,"30":2,"31":3,"32":5,"33":5,"34":1,"35":1,"36":1,"37":1,"38":1,"39":9,"40":7,"41":7,"42":7,"43":7,"44":7,"45":0,"46":7,"47":7,"48":7,"49":1,"50":6,"51":1,"52":5,"53":5,"54":5,"55":5,"56":5,"57":5,"58":5,"59":0,"60":5,"61":1,"62":4,"63":5,"64":5,"65":1,"66":3,"67":3,"68":3,"69":1,"70":1,"71":1,"72":1,"73":1,"74":7},"f":{"0":9,"1":5,"2":5,"3":5,"4":7,"5":5,"6":5,"7":5},"b":{"0":[0,9],"1":[9,0],"2":[1,8],"3":[9,8],"4":[1,7],"5":[1,6],"6":[1,5],"7":[0,5],"8":[5,0],"9":[5,0],"10":[0,5],"11":[2,3],"12":[5,4],"13":[3,0],"14":[5,0],"15":[1,4],"16":[5,2],"17":[0,1],"18":[1,0],"19":[0,7],"20":[7,0],"21":[1,6],"22":[7,7],"23":[1,5],"24":[5,0],"25":[5,0],"26":[0,5],"27":[1,4],"28":[4,0],"29":[1,4],"30":[1,2],"31":[3,2],"32":[0,1],"33":[1,0]},"meta":{"lastBranch":34,"lastFunction":8,"lastStatement":75,"seen":{"f:6:22:6:Infinity":0,"s:12:16:12:Infinity":0,"s:13:14:13:24":1,"s:15:2:61:Infinity":2,"s:16:17:16:44":3,"b:17:4:17:Infinity:undefined:undefined:undefined:undefined":0,"s:17:4:17:Infinity":4,"s:17:15:17:Infinity":5,"s:18:18:18:Infinity":6,"b:18:18:18:32:18:32:18:Infinity":1,"s:20:24:20:Infinity":7,"s:21:21:21:Infinity":8,"b:22:4:22:Infinity:undefined:undefined:undefined:undefined":2,"s:22:4:22:Infinity":9,"b:22:8:22:31:22:31:22:49":3,"s:22:49:22:Infinity":10,"s:24:23:24:Infinity":11,"s:25:10:25:Infinity":12,"b:28:4:28:Infinity:undefined:undefined:undefined:undefined":4,"s:28:4:28:Infinity":13,"s:28:27:28:Infinity":14,"b:29:4:29:Infinity:undefined:undefined:undefined:undefined":5,"s:29:4:29:Infinity":15,"s:29:28:29:Infinity":16,"b:30:4:30:Infinity:undefined:undefined:undefined:undefined":6,"s:30:4:30:Infinity":17,"s:30:26:30:Infinity":18,"s:32:21:32:Infinity":19,"s:33:21:33:Infinity":20,"b:33:42:33:47:33:42:33:Infinity":7,"s:35:25:36:Infinity":21,"f:35:34:35:42":1,"s:35:42:36:81":22,"b:36:7:36:26:36:26:36:28":8,"f:36:30:36:36":2,"s:36:43:36:80":23,"s:39:4:61:Infinity":24,"s:40:12:40:93":25,"b:40:18:40:40:40:40:40:42":9,"f:40:44:40:50":3,"s:40:56:40:92":26,"b:41:6:41:Infinity:undefined:undefined:undefined:undefined":10,"s:41:6:41:Infinity":27,"s:41:15:41:Infinity":28,"b:44:6:44:Infinity:undefined:undefined:undefined:undefined":11,"s:44:6:44:Infinity":29,"b:44:10:44:45:44:45:44:76":12,"s:44:76:44:Infinity":30,"s:45:28:45:Infinity":31,"b:45:28:45:54:45:54:45:Infinity":13,"s:46:27:46:Infinity":32,"b:46:27:46:51:46:51:46:Infinity":14,"b:49:6:61:Infinity:undefined:undefined:undefined:undefined":15,"s:49:6:61:Infinity":33,"b:49:10:49:39:49:39:49:65":16,"s:50:23:50:Infinity":34,"b:50:38:50:76:50:76:50:Infinity":17,"s:51:20:51:Infinity":35,"s:52:25:60:Infinity":36,"b:61:8:61:Infinity:undefined:undefined:undefined:undefined":18,"s:61:8:61:Infinity":37,"s:61:101:61:Infinity":38,"s:65:2:65:Infinity":39,"f:69:22:69:Infinity":4,"s:75:16:75:Infinity":40,"s:76:14:76:24":41,"s:78:2:123:Infinity":42,"s:79:17:79:39":43,"b:80:4:80:Infinity:undefined:undefined:undefined:undefined":19,"s:80:4:80:Infinity":44,"s:80:15:80:Infinity":45,"s:81:18:81:Infinity":46,"b:81:18:81:32:81:32:81:Infinity":20,"s:84:21:84:67":47,"b:87:4:87:Infinity:undefined:undefined:undefined:undefined":21,"s:87:4:87:Infinity":48,"b:87:8:87:36:87:36:87:66":22,"s:87:66:87:Infinity":49,"b:88:4:88:Infinity:undefined:undefined:undefined:undefined":23,"s:88:4:88:Infinity":50,"s:88:29:88:Infinity":51,"s:90:25:91:Infinity":52,"f:90:34:90:42":5,"s:90:42:91:76":53,"b:91:7:91:26:91:26:91:28":24,"f:91:30:91:36":6,"s:91:43:91:76":54,"s:94:4:123:Infinity":55,"s:95:12:95:88":56,"b:95:18:95:40:95:40:95:42":25,"f:95:44:95:50":7,"s:95:56:95:88":57,"b:96:6:96:Infinity:undefined:undefined:undefined:undefined":26,"s:96:6:96:Infinity":58,"s:96:15:96:Infinity":59,"b:98:6:98:Infinity:undefined:undefined:undefined:undefined":27,"s:98:6:98:Infinity":60,"s:98:46:98:Infinity":61,"s:99:35:99:Infinity":62,"b:99:35:99:64:99:64:99:Infinity":28,"s:101:28:101:Infinity":63,"b:102:6:102:Infinity:undefined:undefined:undefined:undefined":29,"s:102:6:102:Infinity":64,"s:102:49:102:Infinity":65,"s:104:12:104:Infinity":66,"s:105:12:105:Infinity":67,"b:108:6:123:Infinity:undefined:undefined:undefined:undefined":30,"s:108:6:123:Infinity":68,"b:108:10:108:45:108:45:108:87":31,"s:109:23:111:Infinity":69,"b:110:12:110:Infinity:111:12:111:Infinity":32,"s:112:20:112:Infinity":70,"s:113:25:122:Infinity":71,"b:123:8:123:Infinity:undefined:undefined:undefined:undefined":33,"s:123:8:123:Infinity":72,"s:123:101:123:Infinity":73,"s:127:2:127:Infinity":74}}}
,"D:\\CONG VIEC\\quan-ly-team-claude\\packages\\api\\src\\services\\quota-forecast-service.ts": {"path":"D:\\CONG VIEC\\quan-ly-team-claude\\packages\\api\\src\\services\\quota-forecast-service.ts","statementMap":{"0":{"start":{"line":28,"column":12},"end":{"line":28,"column":null}},"1":{"start":{"line":29,"column":2},"end":{"line":29,"column":null}},"2":{"start":{"line":29,"column":13},"end":{"line":29,"column":null}},"3":{"start":{"line":30,"column":15},"end":{"line":30,"column":null}},"4":{"start":{"line":30,"column":39},"end":{"line":30,"column":48}},"5":{"start":{"line":31,"column":15},"end":{"line":31,"column":null}},"6":{"start":{"line":31,"column":39},"end":{"line":31,"column":48}},"7":{"start":{"line":32,"column":12},"end":{"line":32,"column":15}},"8":{"start":{"line":32,"column":21},"end":{"line":32,"column":null}},"9":{"start":{"line":33,"column":2},"end":{"line":35,"column":null}},"10":{"start":{"line":34,"column":4},"end":{"line":34,"column":null}},"11":{"start":{"line":35,"column":4},"end":{"line":35,"column":null}},"12":{"start":{"line":37,"column":16},"end":{"line":37,"column":null}},"13":{"start":{"line":38,"column":20},"end":{"line":38,"column":null}},"14":{"start":{"line":39,"column":2},"end":{"line":39,"column":null}},"15":{"start":{"line":47,"column":2},"end":{"line":47,"column":null}},"16":{"start":{"line":47,"column":25},"end":{"line":47,"column":null}},"17":{"start":{"line":48,"column":2},"end":{"line":48,"column":null}},"18":{"start":{"line":48,"column":25},"end":{"line":48,"column":null}},"19":{"start":{"line":49,"column":2},"end":{"line":49,"column":null}},"20":{"start":{"line":49,"column":25},"end":{"line":49,"column":null}},"21":{"start":{"line":50,"column":2},"end":{"line":50,"column":null}},"22":{"start":{"line":50,"column":24},"end":{"line":50,"column":null}},"23":{"start":{"line":51,"column":2},"end":{"line":51,"column":null}},"24":{"start":{"line":68,"column":17},"end":{"line":71,"column":35}},"25":{"start":{"line":73,"column":2},"end":{"line":78,"column":null}},"26":{"start":{"line":74,"column":4},"end":{"line":78,"column":null}},"27":{"start":{"line":81,"column":21},"end":{"line":81,"column":null}},"28":{"start":{"line":82,"column":25},"end":{"line":82,"column":null}},"29":{"start":{"line":83,"column":22},"end":{"line":83,"column":null}},"30":{"start":{"line":85,"column":2},"end":{"line":90,"column":null}},"31":{"start":{"line":86,"column":4},"end":{"line":90,"column":null}},"32":{"start":{"line":93,"column":21},"end":{"line":93,"column":85}},"33":{"start":{"line":94,"column":8},"end":{"line":94,"column":null}},"34":{"start":{"line":97,"column":2},"end":{"line":102,"column":null}},"35":{"start":{"line":98,"column":4},"end":{"line":102,"column":null}},"36":{"start":{"line":105,"column":2},"end":{"line":111,"column":null}},"37":{"start":{"line":106,"column":4},"end":{"line":111,"column":null}},"38":{"start":{"line":116,"column":19},"end":{"line":119,"column":34}},"39":{"start":{"line":120,"column":2},"end":{"line":125,"column":null}},"40":{"start":{"line":121,"column":4},"end":{"line":125,"column":null}},"41":{"start":{"line":128,"column":2},"end":{"line":133,"column":null}},"42":{"start":{"line":129,"column":4},"end":{"line":133,"column":null}},"43":{"start":{"line":136,"column":15},"end":{"line":136,"column":null}},"44":{"start":{"line":137,"column":8},"end":{"line":137,"column":null}},"45":{"start":{"line":138,"column":21},"end":{"line":138,"column":83}},"46":{"start":{"line":141,"column":8},"end":{"line":141,"column":null}},"47":{"start":{"line":142,"column":2},"end":{"line":148,"column":null}},"48":{"start":{"line":143,"column":4},"end":{"line":148,"column":null}},"49":{"start":{"line":151,"column":2},"end":{"line":157,"column":null}},"50":{"start":{"line":168,"column":14},"end":{"line":168,"column":57}},"51":{"start":{"line":169,"column":2},"end":{"line":169,"column":null}},"52":{"start":{"line":181,"column":2},"end":{"line":181,"column":null}},"53":{"start":{"line":181,"column":28},"end":{"line":181,"column":null}},"54":{"start":{"line":182,"column":16},"end":{"line":182,"column":74}},"55":{"start":{"line":183,"column":19},"end":{"line":183,"column":68}},"56":{"start":{"line":183,"column":42},"end":{"line":183,"column":66}},"57":{"start":{"line":184,"column":20},"end":{"line":185,"column":null}},"58":{"start":{"line":185,"column":22},"end":{"line":185,"column":80}},"59":{"start":{"line":187,"column":19},"end":{"line":188,"column":56}},"60":{"start":{"line":187,"column":41},"end":{"line":187,"column":95}},"61":{"start":{"line":188,"column":20},"end":{"line":188,"column":56}},"62":{"start":{"line":189,"column":21},"end":{"line":194,"column":null}},"63":{"start":{"line":189,"column":43},"end":{"line":189,"column":70}},"64":{"start":{"line":191,"column":17},"end":{"line":191,"column":null}},"65":{"start":{"line":192,"column":17},"end":{"line":192,"column":null}},"66":{"start":{"line":193,"column":6},"end":{"line":193,"column":null}},"67":{"start":{"line":195,"column":17},"end":{"line":196,"column":50}},"68":{"start":{"line":195,"column":39},"end":{"line":195,"column":63}},"69":{"start":{"line":196,"column":20},"end":{"line":196,"column":50}},"70":{"start":{"line":197,"column":2},"end":{"line":197,"column":null}}},"fnMap":{"0":{"name":"linearRegression","decl":{"start":{"line":27,"column":16},"end":{"line":27,"column":33}},"loc":{"start":{"line":27,"column":88},"end":{"line":39,"column":null}},"line":27},"1":{"name":"(anonymous_1)","decl":{"start":{"line":30,"column":22},"end":{"line":30,"column":30}},"loc":{"start":{"line":30,"column":39},"end":{"line":30,"column":48}},"line":30},"2":{"name":"(anonymous_2)","decl":{"start":{"line":31,"column":22},"end":{"line":31,"column":30}},"loc":{"start":{"line":31,"column":39},"end":{"line":31,"column":48}},"line":31},"3":{"name":"classifyStatus","decl":{"start":{"line":46,"column":16},"end":{"line":46,"column":31}},"loc":{"start":{"line":46,"column":73},"end":{"line":51,"column":null}},"line":46},"4":{"name":"forecastSeatQuota","decl":{"start":{"line":62,"column":22},"end":{"line":62,"column":null}},"loc":{"start":{"line":66,"column":25},"end":{"line":157,"column":null}},"line":66},"5":{"name":"computeQuotaForecast","decl":{"start":{"line":164,"column":22},"end":{"line":164,"column":null}},"loc":{"start":{"line":167,"column":39},"end":{"line":169,"column":null}},"line":167},"6":{"name":"computeAllSeatForecasts","decl":{"start":{"line":177,"column":22},"end":{"line":177,"column":null}},"loc":{"start":{"line":180,"column":27},"end":{"line":197,"column":null}},"line":180},"7":{"name":"(anonymous_7)","decl":{"start":{"line":183,"column":33},"end":{"line":183,"column":37}},"loc":{"start":{"line":183,"column":42},"end":{"line":183,"column":66}},"line":183},"8":{"name":"(anonymous_8)","decl":{"start":{"line":185,"column":12},"end":{"line":185,"column":16}},"loc":{"start":{"line":185,"column":22},"end":{"line":185,"column":80}},"line":185},"9":{"name":"(anonymous_9)","decl":{"start":{"line":187,"column":29},"end":{"line":187,"column":36}},"loc":{"start":{"line":187,"column":41},"end":{"line":187,"column":95}},"line":187},"10":{"name":"(anonymous_10)","decl":{"start":{"line":188,"column":5},"end":{"line":188,"column":11}},"loc":{"start":{"line":188,"column":20},"end":{"line":188,"column":56}},"line":188},"11":{"name":"(anonymous_11)","decl":{"start":{"line":189,"column":31},"end":{"line":189,"column":38}},"loc":{"start":{"line":189,"column":43},"end":{"line":189,"column":70}},"line":189},"12":{"name":"(anonymous_12)","decl":{"start":{"line":190,"column":5},"end":{"line":190,"column":11}},"loc":{"start":{"line":190,"column":20},"end":{"line":194,"column":null}},"line":190},"13":{"name":"(anonymous_13)","decl":{"start":{"line":195,"column":27},"end":{"line":195,"column":34}},"loc":{"start":{"line":195,"column":39},"end":{"line":195,"column":63}},"line":195},"14":{"name":"(anonymous_14)","decl":{"start":{"line":196,"column":5},"end":{"line":196,"column":11}},"loc":{"start":{"line":196,"column":20},"end":{"line":196,"column":50}},"line":196}},"branchMap":{"0":{"loc":{"start":{"line":29,"column":2},"end":{"line":29,"column":null}},"type":"if","locations":[{"start":{"line":29,"column":2},"end":{"line":29,"column":null}},{"start":{},"end":{}}],"line":29},"1":{"loc":{"start":{"line":29,"column":43},"end":{"line":29,"column":62}},"type":"binary-expr","locations":[{"start":{"line":29,"column":43},"end":{"line":29,"column":59}},{"start":{"line":29,"column":59},"end":{"line":29,"column":62}}],"line":29},"2":{"loc":{"start":{"line":37,"column":16},"end":{"line":37,"column":null}},"type":"cond-expr","locations":[{"start":{"line":37,"column":28},"end":{"line":37,"column":32}},{"start":{"line":37,"column":32},"end":{"line":37,"column":null}}],"line":37},"3":{"loc":{"start":{"line":47,"column":2},"end":{"line":47,"column":null}},"type":"if","locations":[{"start":{"line":47,"column":2},"end":{"line":47,"column":null}},{"start":{},"end":{}}],"line":47},"4":{"loc":{"start":{"line":48,"column":2},"end":{"line":48,"column":null}},"type":"if","locations":[{"start":{"line":48,"column":2},"end":{"line":48,"column":null}},{"start":{},"end":{}}],"line":48},"5":{"loc":{"start":{"line":49,"column":2},"end":{"line":49,"column":null}},"type":"if","locations":[{"start":{"line":49,"
[...]
tart":{"line":94,"column":6},"end":{"line":94,"column":57}},"line":94},"18":{"name":"(anonymous_18)","decl":{"start":{"line":95,"column":4},"end":{"line":95,"column":21}},"loc":{"start":{"line":95,"column":21},"end":{"line":95,"column":null}},"line":95},"19":{"name":"(anonymous_19)","decl":{"start":{"line":96,"column":4},"end":{"line":96,"column":14}},"loc":{"start":{"line":96,"column":27},"end":{"line":96,"column":null}},"line":96},"20":{"name":"useUnassignUser","decl":{"start":{"line":100,"column":16},"end":{"line":100,"column":34}},"loc":{"start":{"line":100,"column":34},"end":{"line":107,"column":null}},"line":100},"21":{"name":"(anonymous_21)","decl":{"start":{"line":103,"column":4},"end":{"line":103,"column":17}},"loc":{"start":{"line":104,"column":6},"end":{"line":104,"column":59}},"line":104},"22":{"name":"(anonymous_22)","decl":{"start":{"line":105,"column":4},"end":{"line":105,"column":21}},"loc":{"start":{"line":105,"column":21},"end":{"line":105,"column":null}},"line":105},"23":{"name":"(anonymous_23)","decl":{"start":{"line":106,"column":4},"end":{"line":106,"column":14}},"loc":{"start":{"line":106,"column":27},"end":{"line":106,"column":null}},"line":106},"24":{"name":"useAvailableUsers","decl":{"start":{"line":111,"column":16},"end":{"line":111,"column":36}},"loc":{"start":{"line":111,"column":36},"end":{"line":115,"column":null}},"line":111},"25":{"name":"(anonymous_25)","decl":{"start":{"line":114,"column":4},"end":{"line":114,"column":19}},"loc":{"start":{"line":114,"column":19},"end":{"line":114,"column":null}},"line":114},"26":{"name":"useTransferOwnership","decl":{"start":{"line":118,"column":16},"end":{"line":118,"column":39}},"loc":{"start":{"line":118,"column":39},"end":{"line":125,"column":null}},"line":118},"27":{"name":"(anonymous_27)","decl":{"start":{"line":121,"column":4},"end":{"line":121,"column":17}},"loc":{"start":{"line":122,"column":6},"end":{"line":122,"column":76}},"line":122},"28":{"name":"(anonymous_28)","decl":{"start":{"line":123,"column":4},"end":{"line":123,"column":21}},"loc":{"start":{"line":123,"column":21},"end":{"line":123,"column":null}},"line":123},"29":{"name":"(anonymous_29)","decl":{"start":{"line":124,"column":4},"end":{"line":124,"column":14}},"loc":{"start":{"line":124,"column":27},"end":{"line":124,"column":null}},"line":124},"30":{"name":"exportSeatCredential","decl":{"start":{"line":129,"column":22},"end":{"line":129,"column":43}},"loc":{"start":{"line":129,"column":78},"end":{"line":140,"column":null}},"line":129}},"branchMap":{"0":{"loc":{"start":{"line":57,"column":6},"end":{"line":57,"column":null}},"type":"if","locations":[{"start":{"line":57,"column":6},"end":{"line":57,"column":null}},{"start":{},"end":{}}],"line":57},"1":{"loc":{"start":{"line":58,"column":20},"end":{"line":58,"column":89}},"type":"cond-expr","locations":[{"start":{"line":58,"column":37},"end":{"line":58,"column":67}},{"start":{"line":58,"column":67},"end":{"line":58,"column":89}}],"line":58}},"s":{"0":1,"1":1,"2":4,"3":2,"4":2,"5":2,"6":1,"7":1,"8":1,"9":0,"10":1,"11":0,"12":0,"13":0,"14":0,"15":0,"16":0,"17":0,"18":0,"19":0,"20":2,"21":2,"22":1,"23":1,"24":1,"25":0,"26":0,"27":0,"28":0,"29":0,"30":0,"31":0,"32":0,"33":0,"34":0,"35":0,"36":0,"37":0,"38":0,"39":0,"40":0,"41":0,"42":0,"43":0,"44":0,"45":0,"46":0,"47":0,"48":0,"49":0,"50":0,"51":0,"52":0,"53":0,"54":0,"55":0},"f":{"0":4,"1":2,"2":2,"3":1,"4":1,"5":0,"6":0,"7":0,"8":0,"9":0,"10":0,"11":0,"12":2,"13":1,"14":1,"15":0,"16":0,"17":0,"18":0,"19":0,"20":0,"21":0,"22":0,"23":0,"24":0,"25":0,"26":0,"27":0,"28":0,"29":0,"30":0},"b":{"0":[0,1],"1":[0,1]},"meta":{"lastBranch":2,"lastFunction":31,"lastStatement":56,"seen":{"s:20:12:20:21":0,"s:21:28:21:56":1,"f:23:16:23:27":0,"s:24:2:24:Infinity":2,"f:24:54:24:69":1,"s:24:69:24:92":3,"f:50:16:50:32":2,"s:51:8:51:29":4,"s:52:2:61:Infinity":5,"f:53:4:53:17":3,"s:53:45:53:73":6,"f:54:4:54:16":4,"s:55:6:55:Infinity":7,"b:57:6:57:Infinity:undefined:undefined:undefined:undefined":0,"s:57:6:57:Infinity":8,"s:57:28:57:Infinity":9,"s:58:6:58:Infinity":10,"b:58:37:58:67:58:67:58:89":1,"f:60:4:60:14":5,"s:60:27:60:Infinity":11,"f:64:16:64:38":6,"s:65:2:68:Infinity":12,"f:66:4:66:17":7,"s:67:6:67:85":13,"f:71:16:71:32":8,"s:72:8:72:29":14,"s:73:2:78:Infinity":15,"f:74:4:74:17":9,"s:75:6:75:39":16,"f:76:4:76:21":10,"s:76:23:76:64":17,"s:76:64:76:Infinity":18,"f:77:4:77:14":11,"s:77:27:77:Infinity":19,"f:81:16:81:32":12,"s:82:8:82:29":20,"s:83:2:87:Infinity":21,"f:84:4:84:17":13,"s:84:32:84:62":22,"f:85:4:85:21":14,"s:85:23:85:64":23,"s:85:64:85:Infinity":24,"f:86:4:86:14":15,"s:86:27:86:Infinity":25,"f:90:16:90:32":16,"s:91:8:91:29":26,"s:92:2:97:Infinity":27,"f:93:4:93:17":17,"s:94:6:94:57":28,"f:95:4:95:21":18,"s:95:23:95:64":29,"s:95:64:95:Infinity":30,"f:96:4:96:14":19,"s:96:27:96:Infinity":31,"f:100:16:100:34":20,"s:101:8:101:29":32,"s:102:2:107:Infinity":33,"f:103:4:103:17":21,"s:104:6:104:59":34,"f:105:4:105:21":22,"s:105:23:105:64":35,"s:105:64:105:Infinity":36,"f:106:4:106:14":23,"s:106:27:106:Infinity":37,"f:111:16:111:36":24,"s:112:2:115:Infinity":38,"f:114:4:114:19":25,"s:114:19:114:Infinity":39,"f:118:16:118:39":26,"s:119:8:119:29":40,"s:120:2:125:Infinity":41,"f:121:4:121:17":27,"s:122:6:122:76":42,"f:123:4:123:21":28,"s:123:23:123:64":43,"s:123:64:123:Infinity":44,"f:124:4:124:14":29,"s:124:27:124:Infinity":45,"f:129:22:129:43":30,"s:130:15:130:71":46,"s:131:2:140:Infinity":47,"s:132:17:132:100":48,"s:133:16:133:41":49,"s:134:14:134:41":50,"s:135:4:135:Infinity":51,"s:136:4:136:Infinity":52,"s:137:4:137:Infinity":53,"s:138:4:138:Infinity":54,"s:140:4:140:Infinity":55}}}
,"D:\\CONG VIEC\\quan-ly-team-claude\\packages\\web\\src\\lib\\api-client.ts": {"path":"D:\\CONG VIEC\\quan-ly-team-claude\\packages\\web\\src\\lib\\api-client.ts","statementMap":{"0":{"start":{"line":3,"column":14},"end":{"line":7,"column":4}},"1":{"start":{"line":8,"column":2},"end":{"line":10,"column":null}},"2":{"start":{"line":9,"column":4},"end":{"line":9,"column":null}},"3":{"start":{"line":10,"column":4},"end":{"line":10,"column":null}},"4":{"start":{"line":12,"column":2},"end":{"line":14,"column":null}},"5":{"start":{"line":13,"column":17},"end":{"line":13,"column":51}},"6":{"start":{"line":13,"column":47},"end":{"line":13,"column":49}},"7":{"start":{"line":14,"column":4},"end":{"line":14,"column":null}},"8":{"start":{"line":16,"column":2},"end":{"line":16,"column":null}},"9":{"start":{"line":16,"column":26},"end":{"line":16,"column":null}},"10":{"start":{"line":17,"column":2},"end":{"line":17,"column":null}},"11":{"start":{"line":20,"column":19},"end":{"line":30,"column":null}},"12":{"start":{"line":21,"column":27},"end":{"line":21,"column":42}},"13":{"start":{"line":23,"column":4},"end":{"line":23,"column":86}},"14":{"start":{"line":25,"column":4},"end":{"line":25,"column":85}},"15":{"start":{"line":27,"column":4},"end":{"line":27,"column":87}},"16":{"start":{"line":29,"column":4},"end":{"line":29,"column":null}}},"fnMap":{"0":{"name":"request","decl":{"start":{"line":2,"column":15},"end":{"line":2,"column":26}},"loc":{"start":{"line":2,"column":74},"end":{"line":17,"column":null}},"line":2},"1":{"name":"(anonymous_1)","decl":{"start":{"line":13,"column":34},"end":{"line":13,"column":47}},"loc":{"start":{"line":13,"column":47},"end":{"line":13,"column":49}},"line":13},"2":{"name":"(anonymous_2)","decl":{"start":{"line":21,"column":2},"end":{"line":21,"column":11}},"loc":{"start":{"line":21,"column":27},"end":{"line":21,"column":42}},"line":21},"3":{"name":"(anonymous_3)","decl":{"start":{"line":22,"column":2},"end":{"line":22,"column":12}},"loc":{"start":{"line":23,"column":4},"end":{"line":23,"column":86}},"line":23},"4":{"name":"(anonymous_4)","decl":{"start":{"line":24,"column":2},"end":{"line":24,"column":11}},"loc":{"start":{"line":25,"column":4},"end":{"line":25,"column":85}},"line":25},"5":{"name":"(anonymous_5)","decl":{"start":{"line":26,"column":2},"end":{"line":26,"column":13}},"loc":{"start":{"line":27,"column":4},"end":{"line":27,"column":87}},"line":27},"6":{"name":"(anonymous_6)","decl":{"start":{"line":28,"column":2},"end":{"line":28,"column":14}},"loc":{"start":{"line":29,"column":4},"end":{"line":29,"column":null}},"line":29}},"branchMap":{"0":{"loc":{"start":{"line":8,"column":2},"end":{"line":10,"column":null}},"type":"if","locations":[{"start":{"line":8,"column":2},"end":{"line":10,"column":null}},{"start":{},"end":{}}],"line":8},"1":{"loc":{"start":{"line":12,"column":2},"end":{"line":14,"column":null}},"type":"if","locations":[{"start":{"line":12,"column":2},"end":{"line":14,"column":null}},{"start":{},"end":{}}],"line":12},"2":{"loc":{"start":{"line":14,"column":21},"end":{"line":14,"column":73}},"type":"binary-expr","locations":[{"start":{"line":14,"column":21},"end":{"line":14,"column":58}},{"start":{"line":14,"column":58},"end":{"line":14,"column":73}}],"line":14},"3":{"loc":{"start":{"line":16,"column":2},"end":{"line":16,"column":null}},"type":"if","locations":[{"start":{"line":16,"column":2},"end":{"line":16,"column":null}},{"start":{},"end":{}}],"line":16},"4":{"loc":{"start":{"line":23,"column":44},"end":{"line":23,"column":85}},"type":"cond-expr","locations":[{"start":{"line":23,"column":51},"end":{"line":23,"column":71}},{"start":{"line":23,"column":74},"end":{"line":23,"column":85}}],"line":23},"5":{"loc":{"start":{"line":25,"column":43},"end":{"line":25,"column":84}},"type":"cond-expr","locations":[{"start":{"line":25,"column":50},"end":{"line":25,"column":70}},{"start":{"line":25,"column":73},"end":{"line":25,"column":84}}],"line":25},"6":{"loc":{"start":{"line":27,"column":45},"end":{"line":27,"column":86}},"type":"cond-expr","locations":[{"start":{"line":27,"column":52},"end":{"line":27,"column":72}},{"start":{"line":27,"column":75},"end":{"line":27,"column":86}}],"line":27},"7":{"loc":{"start":{"line":29,"column":46},"end":{"line":29,"column":87}},"type":"cond-expr","locations":[{"start":{"line":29,"column":53},"end":{"line":29,"column":73}},{"start":{"line":29,"column":76},"end":{"line":29,"column":87}}],"line":29}},"s":{"0":14,"1":14,"2":0,"3":0,"4":14,"5":3,"6":0,"7":3,"8":11,"9":2,"10":9,"11":3,"12":8,"13":4,"14":0,"15":0,"16":2},"f":{"0":14,"1":0,"2":8,"3":4,"4":0,"5":0,"6":2},"b":{"0":[0,14],"1":[3,11],"2":[3,0],"3":[2,9],"4":[3,1],"5":[0,0],"6":[0,0],"7":[0,2]},"meta":{"lastBranch":8,"lastFunction":7,"lastStatement":17,"seen":{"f:2:15:2:26":0,"s:3:14:7:4":0,"b:8:2:10:Infinity:undefined:undefined:undefined:undefined":0,"s:8:2:10:Infinity":1,"s:9:4:9:Infinity":2,"s:10:4:10:Infinity":3,"b:12:2:14:Infinity:undefined:undefined:undefined:undefined":1,"s:12:2:14:Infinity":4,"s:13:17:13:51":5,"f:13:34:13:47":1,"s:13:47:13:49":6,"s:14:4:14:Infinity":7,"b:14:21:14:58:14:58:14:73":2,"b:16:2:16:Infinity:undefined:undefined:undefined:undefined":3,"s:16:2:16:Infinity":8,"s:16:26:16:Infinity":9,"s:17:2:17:Infinity":10,"s:20:19:30:Infinity":11,"f:21:2:21:11":2,"s:21:27:21:42":12,"f:22:2:22:12":3,"s:23:4:23:86":13,"b:23:51:23:71:23:74:23:85":4,"f:24:2:24:11":4,"s:25:4:25:85":14,"b:25:50:25:70:25:73:25:84":5,"f:26:2:26:13":5,"s:27:4:27:87":15,"b:27:52:27:72:27:75:27:86":6,"f:28:2:28:14":6,"s:29:4:29:Infinity":16,"b:29:53:29:73:29:76:29:87":7}}}
,"D:\\CONG VIEC\\quan-ly-team-claude\\packages\\web\\src\\lib\\format-reset.ts": {"path":"D:\\CONG VIEC\\quan-ly-team-claude\\packages\\web\\src\\lib\\format-reset.ts","statementMap":{"0":{"start":{"line":3,"column":17},"end":{"line":3,"column":null}},"1":{"start":{"line":13,"column":12},"end":{"line":13,"column":49}},"2":{"start":{"line":14,"column":12},"end":{"line":14,"column":51}},"3":{"start":{"line":15,"column":2},"end":{"line":15,"column":null}},"4":{"start":{"line":20,"column":13},"end":{"line":20,"column":null}},"5":{"start":{"line":21,"column":13},"end":{"line":21,"column":49}},"6":{"start":{"line":22,"column":13},"end":{"line":22,"column":54}},"7":{"start":{"line":23,"column":2},"end":{"line":23,"column":null}},"8":{"start":{"line":28,"column":15},"end":{"line":28,"column":42}},"9":{"start":{"line":29,"column":2},"end":{"line":29,"column":null}},"10":{"start":{"line":29,"column":17},"end":{"line":29,"column":null}},"11":{"start":{"line":30,"column":12},"end":{"line":30,"column":33}},"12":{"start":{"line":31,"column":14},"end":{"line":31,"column":null}},"13":{"start":{"line":32,"column":2},"end":{"line":32,"column":null}},"14":{"start":{"line":49,"column":2},"end":{"line":49,"column":null}},"15":{"start":{"line":49,"column":19},"end":{"line":49,"column":null}},"16":{"start":{"line":50,"column":17},"end":{"line":50,"column":30}},"17":{"start":{"line":51,"column":17},"end":{"line":51,"column":49}},"18":{"start":{"line":53,"column":2},"end":{"line":53,"column":null}},"19":{"start":{"line":53,"column":19},"end":{"line":53,"column":null}},"20":{"start":{"line":55,"column":16},"end":{"line":55,"column":39}},"21":{"start":{"line":57,"column":2},"end":{"line":58,"column":null}},"22":{"start":{"line":58,"column":4},"end":{"line":58,"column":null}},"23":{"start":{"line":62,"column":4},"end":{"line":64,"column":38}},"24":{"start":{"line":66,"column":8},"end":{"line":74,"column":null}},"25":{"start":{"line":67,"column":14},"end":{"line":67,"column":27}},"26":{"start":{"line":68,"column":4},"end":{"line":68,"column":null}},"27":{"start":{"line":69,"column":4},"end":{"line":72,"column":null}},"28":{"start":{"line":76,"column":2},"end":{"line":77,"column":null}},"29":{"start":{"line":77,"column":4},"end":{"line":77,"column":null}},"30":{"start":{"line":79,"column":2},"end":{"line":84,"column":null}},"31":{"start":{"line":81,"column":17},"end":{"line":81,"column":44}},"32":{"start":{"line":82,"column":14},"end":{"line":82,"column":35}},"33":{"start":{"line":83,"column":16},"end":{"line":83,"column":null}},"34":{"start":{"line":84,"column":4},"end":{"line":84,"column":null}},"35":{"start":{"line":87,"column":15},"end":{"line":87,"column":51}},"36":{"start":{"line":88,"column":2},"end":{"line":92,"column":null}}},"fnMap":{"0":{"name":"formatClockTime","decl":{"start":{"line":12,"column":16},"end":{"line":12,"column":32}},"loc":{"start":{"line":12,"column":49},"end":{"line":15,"column":null}},"line":12},"1":{"name":"formatDateLabel","decl":{"start":{"line":19,"column":16},"end":{"line":19,"column":32}},"loc":{"start":{"line":19,"column":49},"end":{"line":23,"column":null}},"line":19},"2":{"name":"formatRelative","decl":{"start":{"line":27,"column":16},"end":{"line":27,"column":31}},"loc":{"start":{"line":27,"column":55},"end":{"line":32,"column":null}},"line":27},"3":{"name":"formatResetTime","decl":{"start":{"line":48,"column":16},"end":{"line":48,"column":32}},"loc":{"start":{"line":48,"column":89},"end":{"line":92,"column":null}},"line":48},"4":{"name":"(anonymous_4)","decl":{"start":{"line":66,"column":8},"end":{"line":66,"column":25}},"loc":{"start":{"line":66,"column":25},"end":{"line":74,"column":null}},"line":66}},"branchMap":{"0":{"loc":{"start":{"line":29,"column":2},"end":{"line":29,"column":null}},"type":"if","locations":[{"start":{"line":29,"column":2},"end":{"line":29,"column":null}},{"start":{},"end":{}}],"line":29},"1":{"loc":{"start":{"line":32,"column":9},"end":{"line":32,"column":null}},"type":"cond-expr","locations":[{"start":{"line":32,"column":21},"end":{"line":32,"column":31}},{"start":{"line":32,"column":31},"end":{"line":32,"column":null}}],"line":32},"2":{"loc":{"start":{"line":48,"column":52},"end":{"line":48,"column":74}},"type":"default-arg","locations":[{"start":{"line":48,"column":64},"end":{"line":48,"column":74}}],"line":48},"3":{"loc":{"start":{"line":49,"column":2},"end":{"line":49,"column":null}},"type":"if","locations":[{"start":{"line":49,"column":2},"end":{"line":49,"column":null}},{"start":{},"end":{}}],"line":49},"4":{"loc":{"start":{"line":53,"column":2},"end":{"line":53,"column":null}},"type":"if","locations":[{"start":{"line":53,"column":2},"end":{"line":53,"column":null}},{"start":{},"end":{}}],"line":53},"5":{"loc":{"start":{"line":57,"column":2},"end":{"line":58,"column":null}},"type":"if","locations":[{"start":{"line":57,"column":2},"end":{"line":58,"column":null}},{"start":{},"end":{}}],"line":57},"6":{"loc":{"start":{"line":62,"column":4},"end":{"line":64,"column":38}},"type":"binary-expr","locations":[{"start":{"line":62,"column":4},"end":{"line":62,"column":46}},{"start":{"line":63,"column":4},"end":{"line":63,"column":40}},{"start":{"line":64,"column":4},"end":{"line":64,"column":38}}],"line":62},"7":{"loc":{"start":{"line":70,"column":6},"end":{"line":72,"column":38}},"type":"binary-expr","locations":[{"start":{"line":70,"column":6},"end":{"line":70,"column":46}},{"start":{"line":71,"column":6},"end":{"line":71,"column":40}},{"start":{"line":72,"column":6},"end":{"line":72,"column":38}}],"line":70},"8":{"loc":{"start":{"line":76,"column":2},"end":{"line":77,"column":null}},"type":"if","locations":[{"start":{"line":76,"column":2},"end":{"line":77,"column":null}},{"start":{},"end":{}}],"line":76},"9":{"loc":{"start":{"line":79,"column":2},"end":{"line":84,"column":null}},"type":"if","locations":[{"start":{"line":79,"column":2},"end":{"line":84,"column":null}},{"start":{},"end":{}}],"line":79}},"s":{"0":1,"1":6,"2":6,"3":6,"4":1,"5":1,"6":1,"7":1,"8":3,"9":3,"10":2,"11":1,"12":1,"13":1,"14":8,"15":1,"16":7,"17":7,"18":7,"19":1,"20":6,"21":6,"22":1,"23":5,"24":8,"25":5,"26":5,"27":5,"28":8,"29":3,"30":2,"31":1,"32":1,"33":1,"34":1,"35":1,"36":1},"f":{"0":6,"1":1,"2":3,"3":8,"4":5},"b":{"0":[2,1],"1":[0,1],"2":[8],"3":[1,7],"4":[1,6],"5":[1,5],"6":[5,5,5],"7":[5,5,5],"8":[3,5],"9":[1,1]},"meta":{"lastBranch":10,"lastFunction":5,"lastStatement":37,"seen":{"s:3:17:3:Infinity":0,"f:12:16:12:32":0,"s:13:12:13:49":1,"s:14:12:14:51":2,"s:15:2:15:Infinity":3,"f:19:16:19:32":1,"s:20:13:20:Infinity":4,"s:21:13:21:49":5,"s:22:13:22:54":6,"s:23:2:23:Infinity":7,"f:27:16:27:31":2,"s:28:15:28:42":8,"b:29:2:29:Infinity:undefined:undefined:undefined:undefined":0,"s:29:2:29:Infinity":9,"s:29:17:29:Infinity":10,"s:30:12:30:33":11,"s:31:14:31:Infinity":12,"s:32:2:32:Infinity":13,"b:32:21:32:31:32:31:32:Infinity":1,"f:48:16:48:32":3,"b:48:64:48:74":2,"b:49:2:49:Infinity:undefined:undefined:undefined:undefined":3,"s:49:2:49:Infinity":14,"s:49:19:49:Infinity":15,"s:50:17:50:30":16,"s:51:17:51:49":17,"b:53:2:53:Infinity:undefined:undefined:undefined:undefined":4,"s:53:2:53:Infinity":18,"s:53:19:53:Infinity":19,"s:55:16:55:39":20,"b:57:2:58:Infinity:undefined:undefined:undefined:undefined":5,"s:57:2:58:Infinity":21,"s:58:4:58:Infinity":22,"s:62:4:64:38":23,"b:62:4:62:46:63:4:63:40:64:4:64:38":6,"s:66:8:74:Infinity":24,"f:66:8:66:25":4,"s:67:14:67:27":25,"s:68:4:68:Infinity":26,"s:69:4:72:Infinity":27,"b:70:6:70:46:71:6:71:40:72:6:72:38":7,"b:76:2:77:Infinity:undefined:undefined:undefined:undefined":8,"s:76:2:77:Infinity":28,"s:77:4:77:Infinity":29,"b:79:2:84:Infinity:undefined:undefined:undefined:undefined":9,"s:79:2:84:Infinity":30,"s:81:17:81:44":31,"s:82:14:82:35":32,"s:83:16:83:Infinity":33,"s:84:4:84:Infinity":34,"s:87:15:87:51":35,"s:88:2:92:Infinity":36}}}
,"D:\\CONG VIEC\\quan-ly-team-claude\\tests\\helpers\\query-wrapper.tsx": {"path":"D:\\CONG VIEC\\quan-ly-team-claude\\tests\\helpers\\query-wrapper.tsx","statementMap":{"0":{"start":{"line":5,"column":22},"end":{"line":7,"column":4}},"1":{"start":{"line":8,"column":2},"end":{"line":9,"column":null}},"2":{"start":{"line":9,"column":4},"end":{"line":9,"column":null}}},"fnMap":{"0":{"name":"createTestQueryWrapper","decl":{"start":{"line":4,"column":16},"end":{"line":4,"column":41}},"loc":{"start":{"line":4,"column":41},"end":{"line":9,"column":null}},"line":4},"1":{"name":"(anonymous_1)","decl":{"start":{"line":8,"column":2},"end":{"line":8,"column":10}},"loc":{"start":{"line":9,"column":4},"end":{"line":9,"column":null}},"line":9}},"branchMap":{},"s":{"0":16,"1":16,"2":16},"f":{"0":16,"1":16},"b":{},"meta":{"lastBranch":0,"lastFunction":2,"lastStatement":3,"seen":{"f:4:16:4:41":0,"s:5:22:7:4":0,"s:8:2:9:Infinity":1,"f:8:2:8:10":1,"s:9:4:9:Infinity":2}}}
}
